2014-12-10 14:35:32 --> Task #1248 started.
2014-12-10 14:35:36 --> IHEP's Document Server / reclist cache update
2014-12-10 14:35:37 --> Preprints / reclist cache update
2014-12-10 14:35:37 --> Books / reclist cache update
2014-12-10 14:35:37 --> Theses / reclist cache update
2014-12-10 14:35:37 --> Reports / reclist cache update
2014-12-10 14:35:37 --> Articles / reclist cache update
2014-12-10 14:35:37 --> Pictures / reclist cache update
2014-12-10 14:35:37 --> CERN Divisions / reclist cache update
2014-12-10 14:35:37 --> CERN Experiments / reclist cache update
2014-12-10 14:35:37 --> Theoretical Physics (TH) / reclist cache update
2014-12-10 14:35:37 --> Experimental Physics (EP) / reclist cache update
2014-12-10 14:35:37 --> ISOLDE / reclist cache update
2014-12-10 14:35:37 --> ALEPH / reclist cache update
2014-12-10 14:35:37 --> Articles & Preprints / reclist cache update
2014-12-10 14:35:37 --> Books & Reports / reclist cache update
2014-12-10 14:35:37 --> Multimedia & Arts / reclist cache update
2014-12-10 14:35:37 --> Poetry / reclist cache update
2014-12-10 14:35:37 --> Atlantis Times News / reclist cache update
2014-12-10 14:35:37 --> Atlantis Times Arts / reclist cache update
2014-12-10 14:35:37 --> Atlantis Times Science / reclist cache update
2014-12-10 14:35:37 --> Atlantis Times / reclist cache update
2014-12-10 14:35:37 --> Atlantis Institute Books / reclist cache update
2014-12-10 14:35:37 --> Atlantis Institute Articles / reclist cache update
2014-12-10 14:35:37 --> Atlantis Times Drafts / reclist cache update
2014-12-10 14:35:37 --> Videos / reclist cache update
2014-12-10 14:35:37 --> IHEPCC / reclist cache update
2014-12-10 14:35:37 --> Papers / reclist cache update
2014-12-10 14:35:37 --> Photos / reclist cache update
2014-12-10 14:35:37 --> IHEP Divisions / reclist cache update
2014-12-10 14:35:37 --> Computing Center (IT) / reclist cache update
2014-12-10 14:35:37 --> IT Pictures / reclist cache update
2014-12-10 14:35:37 --> IT Papers / reclist cache update
2014-12-10 14:35:37 --> IT Videos / reclist cache update
2014-12-10 14:35:37 --> IHEP Office / reclist cache update
2014-12-10 14:35:37 --> IHEP Office (IO) / reclist cache update
2014-12-10 14:35:37 --> IO Pictures / reclist cache update
2014-12-10 14:35:37 --> IO Papers / reclist cache update
2014-12-10 14:35:37 --> IO Videos / reclist cache update
2014-12-10 14:35:37 --> IHEP Experiments / reclist cache update
2014-12-10 14:35:37 --> BESIII / reclist cache update
2014-12-10 14:35:37 --> BESIII Pictures / reclist cache update
2014-12-10 14:35:37 --> BESIII Papers / reclist cache update
2014-12-10 14:35:37 --> Beijing Electron Positron Collider / reclist cache update
2014-12-10 14:35:37 --> Early Accelerators / reclist cache update
2014-12-10 14:35:37 --> BEPC / reclist cache update
2014-12-10 14:35:37 --> BEPCII / reclist cache update
2014-12-10 14:35:37 --> Early Accelerators Pictures / reclist cache update
2014-12-10 14:35:37 --> BEPC Pictures / reclist cache update
2014-12-10 14:35:37 --> BEPCII Pictures / reclist cache update
2014-12-10 14:35:37 --> Beijing Spectrometer / reclist cache update
2014-12-10 14:35:37 --> Daya Bay Reactor Neutrino Experiment / reclist cache update
2014-12-10 14:35:37 --> Theoretical Physics Research / reclist cache update
2014-12-10 14:35:37 --> BES Pictures / reclist cache update
2014-12-10 14:35:37 --> Daya Bay Pictures / reclist cache update
2014-12-10 14:35:37 --> Theoretical Physics Pictures / reclist cache update
2014-12-10 14:35:37 --> Research on Cosmic Rays and High Energy Astrophysics / reclist cache update
2014-12-10 14:35:37 --> Cosmic Rays Research in Early Stage / reclist cache update
2014-12-10 14:35:37 --> Yangbajing International Cosmic Ray Observatory / reclist cache update
2014-12-10 14:35:37 --> Large High Altitude Air Shower Observatory / reclist cache update
2014-12-10 14:35:37 --> Other Space Projects / reclist cache update
2014-12-10 14:35:37 --> Cosmic Rays Research in Early Stage Pictures / reclist cache update
2014-12-10 14:35:37 --> Yangbajing International Cosmic Ray Observatory Pictures / reclist cache update
2014-12-10 14:35:37 --> Air Shower Observatory Pictures / reclist cache update
2014-12-10 14:35:37 --> Other Space Projects Pictures / reclist cache update
2014-12-10 14:35:37 --> Beijing Synchrotron Radiation Facility / reclist cache update
2014-12-10 14:35:37 --> China Spallation Neutron Source  / reclist cache update
2014-12-10 14:35:37 --> Accelerator Driven Sub-critical System / reclist cache update
2014-12-10 14:35:37 --> Beijing Advanced Photon Source / reclist cache update
2014-12-10 14:35:37 --> Multi-disciplinary Research / reclist cache update
2014-12-10 14:35:37 --> Computing and Network Environment / reclist cache update
2014-12-10 14:35:37 --> Beijing Free Electron Laser Facility / reclist cache update
2014-12-10 14:35:37 --> International Collaboration / reclist cache update
2014-12-10 14:35:37 --> Technology Transfer / reclist cache update
2014-12-10 14:35:37 --> Innovative culture / reclist cache update
2014-12-10 14:35:37 --> BSRF Pictures / reclist cache update
2014-12-10 14:35:37 --> Spallation Neutron Source Pictures / reclist cache update
2014-12-10 14:35:37 --> Accelerator Driven Sub-critical System Pictures / reclist cache update
2014-12-10 14:35:37 --> Beijing Advanced Photon Source Pictures / reclist cache update
2014-12-10 14:35:37 --> Multi-disciplinary Pictures / reclist cache update
2014-12-10 14:35:37 --> Computing and Network Pictures / reclist cache update
2014-12-10 14:35:37 --> BJ Free Electron Laser Facility Pictures / reclist cache update
2014-12-10 14:35:37 --> International Collaboration Pictures / reclist cache update
2014-12-10 14:35:37 --> Technology Transfer Pictures / reclist cache update
2014-12-10 14:35:37 --> Innovative culture Pictures / reclist cache update
2014-12-10 14:35:37 --> IHEP's Document Server / webpage cache update
2014-12-10 14:35:38 --> Preprints / webpage cache update
2014-12-10 14:35:39 --> Books / webpage cache update
2014-12-10 14:35:39 --> Theses / webpage cache update
2014-12-10 14:35:40 --> Reports / webpage cache update
2014-12-10 14:35:40 --> Articles / webpage cache update
2014-12-10 14:35:40 --> Pictures / webpage cache update
2014-12-10 14:35:41 --> CERN Divisions / webpage cache update
2014-12-10 14:35:41 --> CERN Experiments / webpage cache update
2014-12-10 14:35:42 --> Theoretical Physics (TH) / webpage cache update
2014-12-10 14:35:42 --> Experimental Physics (EP) / webpage cache update
2014-12-10 14:35:42 --> ISOLDE / webpage cache update
2014-12-10 14:35:42 --> ALEPH / webpage cache update
2014-12-10 14:35:43 --> Articles & Preprints / webpage cache update
2014-12-10 14:35:43 --> Books & Reports / webpage cache update
2014-12-10 14:35:44 --> Multimedia & Arts / webpage cache update
2014-12-10 14:35:44 --> Poetry / webpage cache update
2014-12-10 14:35:45 --> Atlantis Times News / webpage cache update
2014-12-10 14:35:45 --> Atlantis Times Arts / webpage cache update
2014-12-10 14:35:45 --> Atlantis Times Science / webpage cache update
2014-12-10 14:35:46 --> Atlantis Times / webpage cache update
2014-12-10 14:35:47 --> Atlantis Institute Books / webpage cache update
2014-12-10 14:35:47 --> Atlantis Institute Articles / webpage cache update
2014-12-10 14:35:47 --> Atlantis Times Drafts / webpage cache update
2014-12-10 14:35:47 --> Videos / webpage cache update
2014-12-10 14:35:48 --> IHEPCC / webpage cache update
2014-12-10 14:35:48 --> Papers / webpage cache update
2014-12-10 14:35:49 --> Photos / webpage cache update
2014-12-10 14:35:49 --> IHEP Divisions / webpage cache update
2014-12-10 14:35:49 --> Computing Center (IT) / webpage cache update
2014-12-10 14:35:49 --> IT Pictures / webpage cache update
2014-12-10 14:35:50 --> IT Papers / webpage cache update
2014-12-10 14:35:50 --> IT Videos / webpage cache update
2014-12-10 14:35:50 --> IHEP Office / webpage cache update
2014-12-10 14:35:51 --> IHEP Office (IO) / webpage cache update
2014-12-10 14:35:51 --> IO Pictures / webpage cache update
2014-12-10 14:35:51 --> IO Papers / webpage cache update
2014-12-10 14:35:52 --> IO Videos / webpage cache update
2014-12-10 14:35:52 --> IHEP Experiments / webpage cache update
2014-12-10 14:35:52 --> BESIII / webpage cache update
2014-12-10 14:35:53 --> BESIII Pictures / webpage cache update
2014-12-10 14:35:53 --> BESIII Papers / webpage cache update
2014-12-10 14:35:54 --> Beijing Electron Positron Collider / webpage cache update
2014-12-10 14:35:54 --> Early Accelerators / webpage cache update
2014-12-10 14:35:55 --> BEPC / webpage cache update
2014-12-10 14:35:55 --> BEPCII / webpage cache update
2014-12-10 14:35:56 --> Early Accelerators Pictures / webpage cache update
2014-12-10 14:35:56 --> BEPC Pictures / webpage cache update
2014-12-10 14:35:57 --> BEPCII Pictures / webpage cache update
2014-12-10 14:35:57 --> Beijing Spectrometer / webpage cache update
2014-12-10 14:35:57 --> Daya Bay Reactor Neutrino Experiment / webpage cache update
2014-12-10 14:35:58 --> Theoretical Physics Research / webpage cache update
2014-12-10 14:35:58 --> BES Pictures / webpage cache update
2014-12-10 14:35:59 --> Daya Bay Pictures / webpage cache update
2014-12-10 14:35:59 --> Theoretical Physics Pictures / webpage cache update
2014-12-10 14:35:59 --> Research on Cosmic Rays and High Energy Astrophysics / webpage cache update
2014-12-10 14:36:00 --> Cosmic Rays Research in Early Stage / webpage cache update
2014-12-10 14:36:00 --> Yangbajing International Cosmic Ray Observatory / webpage cache update
2014-12-10 14:36:01 --> Large High Altitude Air Shower Observatory / webpage cache update
2014-12-10 14:36:01 --> Other Space Projects / webpage cache update
2014-12-10 14:36:02 --> Cosmic Rays Research in Early Stage Pictures / webpage cache update
2014-12-10 14:36:02 --> Yangbajing International Cosmic Ray Observatory Pictures / webpage cache update
2014-12-10 14:36:02 --> Air Shower Observatory Pictures / webpage cache update
2014-12-10 14:36:02 --> Other Space Projects Pictures / webpage cache update
2014-12-10 14:36:03 --> Beijing Synchrotron Radiation Facility / webpage cache update
2014-12-10 14:36:03 --> China Spallation Neutron Source  / webpage cache update
2014-12-10 14:36:04 --> Accelerator Driven Sub-critical System / webpage cache update
2014-12-10 14:36:04 --> Beijing Advanced Photon Source / webpage cache update
2014-12-10 14:36:05 --> Multi-disciplinary Research / webpage cache update
2014-12-10 14:36:05 --> Computing and Network Environment / webpage cache update
2014-12-10 14:36:06 --> Beijing Free Electron Laser Facility / webpage cache update
2014-12-10 14:36:07 --> International Collaboration / webpage cache update
2014-12-10 14:36:07 --> Technology Transfer / webpage cache update
2014-12-10 14:36:08 --> Innovative culture / webpage cache update
2014-12-10 14:36:08 --> BSRF Pictures / webpage cache update
2014-12-10 14:36:09 --> Spallation Neutron Source Pictures / webpage cache update
2014-12-10 14:36:09 --> Accelerator Driven Sub-critical System Pictures / webpage cache update
2014-12-10 14:36:09 --> Beijing Advanced Photon Source Pictures / webpage cache update
2014-12-10 14:36:10 --> Multi-disciplinary Pictures / webpage cache update
2014-12-10 14:36:10 --> Computing and Network Pictures / webpage cache update
2014-12-10 14:36:10 --> BJ Free Electron Laser Facility Pictures / webpage cache update
2014-12-10 14:36:11 --> International Collaboration Pictures / webpage cache update
2014-12-10 14:36:11 --> Technology Transfer Pictures / webpage cache update
2014-12-10 14:36:11 --> Innovative culture Pictures / webpage cache update
2014-12-10 14:36:12 --> Task #1248 finished. [DONE]
