2014-12-10 11:30:30 --> Task #1246 started.
2014-12-10 11:30:34 --> IHEP's Document Server / reclist cache update
2014-12-10 11:30:35 --> Preprints / reclist cache update
2014-12-10 11:30:35 --> Books / reclist cache update
2014-12-10 11:30:35 --> Theses / reclist cache update
2014-12-10 11:30:35 --> Reports / reclist cache update
2014-12-10 11:30:35 --> Articles / reclist cache update
2014-12-10 11:30:35 --> Pictures / reclist cache update
2014-12-10 11:30:35 --> CERN Divisions / reclist cache update
2014-12-10 11:30:35 --> CERN Experiments / reclist cache update
2014-12-10 11:30:35 --> Theoretical Physics (TH) / reclist cache update
2014-12-10 11:30:35 --> Experimental Physics (EP) / reclist cache update
2014-12-10 11:30:35 --> ISOLDE / reclist cache update
2014-12-10 11:30:35 --> ALEPH / reclist cache update
2014-12-10 11:30:35 --> Articles & Preprints / reclist cache update
2014-12-10 11:30:35 --> Books & Reports / reclist cache update
2014-12-10 11:30:35 --> Multimedia & Arts / reclist cache update
2014-12-10 11:30:35 --> Poetry / reclist cache update
2014-12-10 11:30:35 --> Atlantis Times News / reclist cache update
2014-12-10 11:30:35 --> Atlantis Times Arts / reclist cache update
2014-12-10 11:30:35 --> Atlantis Times Science / reclist cache update
2014-12-10 11:30:35 --> Atlantis Times / reclist cache update
2014-12-10 11:30:35 --> Atlantis Institute Books / reclist cache update
2014-12-10 11:30:35 --> Atlantis Institute Articles / reclist cache update
2014-12-10 11:30:35 --> Atlantis Times Drafts / reclist cache update
2014-12-10 11:30:35 --> Videos / reclist cache update
2014-12-10 11:30:35 --> IHEPCC / reclist cache update
2014-12-10 11:30:35 --> Papers / reclist cache update
2014-12-10 11:30:35 --> Photos / reclist cache update
2014-12-10 11:30:35 --> IHEP Divisions / reclist cache update
2014-12-10 11:30:35 --> Computing Center (IT) / reclist cache update
2014-12-10 11:30:35 --> IT Pictures / reclist cache update
2014-12-10 11:30:35 --> IT Papers / reclist cache update
2014-12-10 11:30:35 --> IT Videos / reclist cache update
2014-12-10 11:30:35 --> IHEP Office / reclist cache update
2014-12-10 11:30:35 --> IHEP Office (IO) / reclist cache update
2014-12-10 11:30:35 --> IO Pictures / reclist cache update
2014-12-10 11:30:35 --> IO Papers / reclist cache update
2014-12-10 11:30:35 --> IO Videos / reclist cache update
2014-12-10 11:30:35 --> IHEP Experiments / reclist cache update
2014-12-10 11:30:35 --> BESIII / reclist cache update
2014-12-10 11:30:35 --> BESIII Pictures / reclist cache update
2014-12-10 11:30:35 --> BESIII Papers / reclist cache update
2014-12-10 11:30:35 --> Beijing Electron Positron Collider / reclist cache update
2014-12-10 11:30:35 --> Early Accelerators / reclist cache update
2014-12-10 11:30:35 --> BEPC / reclist cache update
2014-12-10 11:30:35 --> BEPCII / reclist cache update
2014-12-10 11:30:35 --> Early Accelerators Pictures / reclist cache update
2014-12-10 11:30:35 --> BEPC Pictures / reclist cache update
2014-12-10 11:30:35 --> BEPCII Pictures / reclist cache update
2014-12-10 11:30:35 --> Beijing Spectrometer / reclist cache update
2014-12-10 11:30:35 --> Daya Bay Reactor Neutrino Experiment / reclist cache update
2014-12-10 11:30:35 --> Theoretical Physics Research / reclist cache update
2014-12-10 11:30:35 --> BES Pictures / reclist cache update
2014-12-10 11:30:35 --> Daya Bay Pictures / reclist cache update
2014-12-10 11:30:35 --> Theoretical Physics Pictures / reclist cache update
2014-12-10 11:30:35 --> Research on Cosmic Rays and High Energy Astrophysics / reclist cache update
2014-12-10 11:30:35 --> Cosmic Rays Research in Early Stage / reclist cache update
2014-12-10 11:30:35 --> Yangbajing International Cosmic Ray Observatory / reclist cache update
2014-12-10 11:30:35 --> Large High Altitude Air Shower Observatory / reclist cache update
2014-12-10 11:30:35 --> Other Space Projects / reclist cache update
2014-12-10 11:30:35 --> Cosmic Rays Research in Early Stage Pictures / reclist cache update
2014-12-10 11:30:35 --> Yangbajing International Cosmic Ray Observatory Pictures / reclist cache update
2014-12-10 11:30:35 --> Air Shower Observatory Pictures / reclist cache update
2014-12-10 11:30:35 --> Other Space Projects Pictures / reclist cache update
2014-12-10 11:30:35 --> Beijing Synchrotron Radiation Facility / reclist cache update
2014-12-10 11:30:35 --> China Spallation Neutron Source  / reclist cache update
2014-12-10 11:30:35 --> Accelerator Driven Sub-critical System / reclist cache update
2014-12-10 11:30:35 --> Beijing Advanced Photon Source / reclist cache update
2014-12-10 11:30:35 --> Multi-disciplinary Research / reclist cache update
2014-12-10 11:30:35 --> Computing and Network Environment / reclist cache update
2014-12-10 11:30:35 --> Beijing Free Electron Laser Facility / reclist cache update
2014-12-10 11:30:35 --> International Collaboration / reclist cache update
2014-12-10 11:30:35 --> Technology Transfer / reclist cache update
2014-12-10 11:30:35 --> Innovative culture / reclist cache update
2014-12-10 11:30:35 --> BSRF Pictures / reclist cache update
2014-12-10 11:30:35 --> Spallation Neutron Source Pictures / reclist cache update
2014-12-10 11:30:35 --> Accelerator Driven Sub-critical System Pictures / reclist cache update
2014-12-10 11:30:35 --> Beijing Advanced Photon Source Pictures / reclist cache update
2014-12-10 11:30:35 --> Multi-disciplinary Pictures / reclist cache update
2014-12-10 11:30:35 --> Computing and Network Pictures / reclist cache update
2014-12-10 11:30:35 --> BJ Free Electron Laser Facility Pictures / reclist cache update
2014-12-10 11:30:35 --> International Collaboration Pictures / reclist cache update
2014-12-10 11:30:35 --> Technology Transfer Pictures / reclist cache update
2014-12-10 11:30:35 --> Innovative culture Pictures / reclist cache update
2014-12-10 11:30:35 --> IHEP's Document Server / webpage cache update
2014-12-10 11:30:37 --> Preprints / webpage cache update
2014-12-10 11:30:37 --> Books / webpage cache update
2014-12-10 11:30:37 --> Theses / webpage cache update
2014-12-10 11:30:37 --> Reports / webpage cache update
2014-12-10 11:30:38 --> Articles / webpage cache update
2014-12-10 11:30:38 --> Pictures / webpage cache update
2014-12-10 11:30:39 --> CERN Divisions / webpage cache update
2014-12-10 11:30:39 --> CERN Experiments / webpage cache update
2014-12-10 11:30:40 --> Theoretical Physics (TH) / webpage cache update
2014-12-10 11:30:40 --> Experimental Physics (EP) / webpage cache update
2014-12-10 11:30:41 --> ISOLDE / webpage cache update
2014-12-10 11:30:41 --> ALEPH / webpage cache update
2014-12-10 11:30:42 --> Articles & Preprints / webpage cache update
2014-12-10 11:30:42 --> Books & Reports / webpage cache update
2014-12-10 11:30:43 --> Multimedia & Arts / webpage cache update
2014-12-10 11:30:43 --> Poetry / webpage cache update
2014-12-10 11:30:44 --> Atlantis Times News / webpage cache update
2014-12-10 11:30:44 --> Atlantis Times Arts / webpage cache update
2014-12-10 11:30:44 --> Atlantis Times Science / webpage cache update
2014-12-10 11:30:45 --> Atlantis Times / webpage cache update
2014-12-10 11:30:45 --> Atlantis Institute Books / webpage cache update
2014-12-10 11:30:45 --> Atlantis Institute Articles / webpage cache update
2014-12-10 11:30:46 --> Atlantis Times Drafts / webpage cache update
2014-12-10 11:30:46 --> Videos / webpage cache update
2014-12-10 11:30:47 --> IHEPCC / webpage cache update
2014-12-10 11:30:47 --> Papers / webpage cache update
2014-12-10 11:30:47 --> Photos / webpage cache update
2014-12-10 11:30:48 --> IHEP Divisions / webpage cache update
2014-12-10 11:30:48 --> Computing Center (IT) / webpage cache update
2014-12-10 11:30:49 --> IT Pictures / webpage cache update
2014-12-10 11:30:49 --> IT Papers / webpage cache update
2014-12-10 11:30:50 --> IT Videos / webpage cache update
2014-12-10 11:30:50 --> IHEP Office / webpage cache update
2014-12-10 11:30:50 --> IHEP Office (IO) / webpage cache update
2014-12-10 11:30:51 --> IO Pictures / webpage cache update
2014-12-10 11:30:51 --> IO Papers / webpage cache update
2014-12-10 11:30:51 --> IO Videos / webpage cache update
2014-12-10 11:30:52 --> IHEP Experiments / webpage cache update
2014-12-10 11:30:52 --> BESIII / webpage cache update
2014-12-10 11:30:53 --> BESIII Pictures / webpage cache update
2014-12-10 11:30:53 --> BESIII Papers / webpage cache update
2014-12-10 11:30:53 --> Beijing Electron Positron Collider / webpage cache update
2014-12-10 11:30:53 --> Early Accelerators / webpage cache update
2014-12-10 11:30:54 --> BEPC / webpage cache update
2014-12-10 11:30:54 --> BEPCII / webpage cache update
2014-12-10 11:30:54 --> Early Accelerators Pictures / webpage cache update
2014-12-10 11:30:55 --> BEPC Pictures / webpage cache update
2014-12-10 11:30:55 --> BEPCII Pictures / webpage cache update
2014-12-10 11:30:55 --> Beijing Spectrometer / webpage cache update
2014-12-10 11:30:56 --> Daya Bay Reactor Neutrino Experiment / webpage cache update
2014-12-10 11:30:56 --> Theoretical Physics Research / webpage cache update
2014-12-10 11:30:56 --> BES Pictures / webpage cache update
2014-12-10 11:30:57 --> Daya Bay Pictures / webpage cache update
2014-12-10 11:30:57 --> Theoretical Physics Pictures / webpage cache update
2014-12-10 11:30:58 --> Research on Cosmic Rays and High Energy Astrophysics / webpage cache update
2014-12-10 11:30:58 --> Cosmic Rays Research in Early Stage / webpage cache update
2014-12-10 11:30:58 --> Yangbajing International Cosmic Ray Observatory / webpage cache update
2014-12-10 11:30:58 --> Large High Altitude Air Shower Observatory / webpage cache update
2014-12-10 11:30:59 --> Other Space Projects / webpage cache update
2014-12-10 11:30:59 --> Cosmic Rays Research in Early Stage Pictures / webpage cache update
2014-12-10 11:30:59 --> Yangbajing International Cosmic Ray Observatory Pictures / webpage cache update
2014-12-10 11:30:59 --> Air Shower Observatory Pictures / webpage cache update
2014-12-10 11:31:00 --> Other Space Projects Pictures / webpage cache update
2014-12-10 11:31:00 --> Beijing Synchrotron Radiation Facility / webpage cache update
2014-12-10 11:31:00 --> China Spallation Neutron Source  / webpage cache update
2014-12-10 11:31:01 --> Accelerator Driven Sub-critical System / webpage cache update
2014-12-10 11:31:01 --> Beijing Advanced Photon Source / webpage cache update
2014-12-10 11:31:02 --> Multi-disciplinary Research / webpage cache update
2014-12-10 11:31:02 --> Computing and Network Environment / webpage cache update
2014-12-10 11:31:02 --> Beijing Free Electron Laser Facility / webpage cache update
2014-12-10 11:31:03 --> International Collaboration / webpage cache update
2014-12-10 11:31:03 --> Technology Transfer / webpage cache update
2014-12-10 11:31:03 --> Innovative culture / webpage cache update
2014-12-10 11:31:04 --> BSRF Pictures / webpage cache update
2014-12-10 11:31:04 --> Spallation Neutron Source Pictures / webpage cache update
2014-12-10 11:31:05 --> Accelerator Driven Sub-critical System Pictures / webpage cache update
2014-12-10 11:31:05 --> Beijing Advanced Photon Source Pictures / webpage cache update
2014-12-10 11:31:05 --> Multi-disciplinary Pictures / webpage cache update
2014-12-10 11:31:06 --> Computing and Network Pictures / webpage cache update
2014-12-10 11:31:06 --> BJ Free Electron Laser Facility Pictures / webpage cache update
2014-12-10 11:31:06 --> International Collaboration Pictures / webpage cache update
2014-12-10 11:31:07 --> Technology Transfer Pictures / webpage cache update
2014-12-10 11:31:07 --> Innovative culture Pictures / webpage cache update
2014-12-10 11:31:08 --> Task #1246 finished. [DONE]
