2014-12-10 14:26:28 --> Task #1247 started.
2014-12-10 14:26:32 --> IHEP's Document Server / reclist cache update
2014-12-10 14:26:33 --> Preprints / reclist cache update
2014-12-10 14:26:33 --> Books / reclist cache update
2014-12-10 14:26:33 --> Theses / reclist cache update
2014-12-10 14:26:33 --> Reports / reclist cache update
2014-12-10 14:26:33 --> Articles / reclist cache update
2014-12-10 14:26:33 --> Pictures / reclist cache update
2014-12-10 14:26:33 --> CERN Divisions / reclist cache update
2014-12-10 14:26:33 --> CERN Experiments / reclist cache update
2014-12-10 14:26:33 --> Theoretical Physics (TH) / reclist cache update
2014-12-10 14:26:33 --> Experimental Physics (EP) / reclist cache update
2014-12-10 14:26:33 --> ISOLDE / reclist cache update
2014-12-10 14:26:33 --> ALEPH / reclist cache update
2014-12-10 14:26:33 --> Articles & Preprints / reclist cache update
2014-12-10 14:26:33 --> Books & Reports / reclist cache update
2014-12-10 14:26:33 --> Multimedia & Arts / reclist cache update
2014-12-10 14:26:33 --> Poetry / reclist cache update
2014-12-10 14:26:33 --> Atlantis Times News / reclist cache update
2014-12-10 14:26:33 --> Atlantis Times Arts / reclist cache update
2014-12-10 14:26:33 --> Atlantis Times Science / reclist cache update
2014-12-10 14:26:33 --> Atlantis Times / reclist cache update
2014-12-10 14:26:33 --> Atlantis Institute Books / reclist cache update
2014-12-10 14:26:33 --> Atlantis Institute Articles / reclist cache update
2014-12-10 14:26:33 --> Atlantis Times Drafts / reclist cache update
2014-12-10 14:26:33 --> Videos / reclist cache update
2014-12-10 14:26:33 --> IHEPCC / reclist cache update
2014-12-10 14:26:33 --> Papers / reclist cache update
2014-12-10 14:26:33 --> Photos / reclist cache update
2014-12-10 14:26:33 --> IHEP Divisions / reclist cache update
2014-12-10 14:26:33 --> Computing Center (IT) / reclist cache update
2014-12-10 14:26:33 --> IT Pictures / reclist cache update
2014-12-10 14:26:33 --> IT Papers / reclist cache update
2014-12-10 14:26:33 --> IT Videos / reclist cache update
2014-12-10 14:26:33 --> IHEP Office / reclist cache update
2014-12-10 14:26:33 --> IHEP Office (IO) / reclist cache update
2014-12-10 14:26:33 --> IO Pictures / reclist cache update
2014-12-10 14:26:33 --> IO Papers / reclist cache update
2014-12-10 14:26:33 --> IO Videos / reclist cache update
2014-12-10 14:26:33 --> IHEP Experiments / reclist cache update
2014-12-10 14:26:33 --> BESIII / reclist cache update
2014-12-10 14:26:33 --> BESIII Pictures / reclist cache update
2014-12-10 14:26:33 --> BESIII Papers / reclist cache update
2014-12-10 14:26:33 --> Beijing Electron Positron Collider / reclist cache update
2014-12-10 14:26:33 --> Early Accelerators / reclist cache update
2014-12-10 14:26:33 --> BEPC / reclist cache update
2014-12-10 14:26:33 --> BEPCII / reclist cache update
2014-12-10 14:26:33 --> Early Accelerators Pictures / reclist cache update
2014-12-10 14:26:33 --> BEPC Pictures / reclist cache update
2014-12-10 14:26:33 --> BEPCII Pictures / reclist cache update
2014-12-10 14:26:33 --> Beijing Spectrometer / reclist cache update
2014-12-10 14:26:33 --> Daya Bay Reactor Neutrino Experiment / reclist cache update
2014-12-10 14:26:33 --> Theoretical Physics Research / reclist cache update
2014-12-10 14:26:33 --> BES Pictures / reclist cache update
2014-12-10 14:26:33 --> Daya Bay Pictures / reclist cache update
2014-12-10 14:26:33 --> Theoretical Physics Pictures / reclist cache update
2014-12-10 14:26:33 --> Research on Cosmic Rays and High Energy Astrophysics / reclist cache update
2014-12-10 14:26:33 --> Cosmic Rays Research in Early Stage / reclist cache update
2014-12-10 14:26:33 --> Yangbajing International Cosmic Ray Observatory / reclist cache update
2014-12-10 14:26:33 --> Large High Altitude Air Shower Observatory / reclist cache update
2014-12-10 14:26:33 --> Other Space Projects / reclist cache update
2014-12-10 14:26:33 --> Cosmic Rays Research in Early Stage Pictures / reclist cache update
2014-12-10 14:26:33 --> Yangbajing International Cosmic Ray Observatory Pictures / reclist cache update
2014-12-10 14:26:33 --> Air Shower Observatory Pictures / reclist cache update
2014-12-10 14:26:33 --> Other Space Projects Pictures / reclist cache update
2014-12-10 14:26:33 --> Beijing Synchrotron Radiation Facility / reclist cache update
2014-12-10 14:26:33 --> China Spallation Neutron Source  / reclist cache update
2014-12-10 14:26:33 --> Accelerator Driven Sub-critical System / reclist cache update
2014-12-10 14:26:33 --> Beijing Advanced Photon Source / reclist cache update
2014-12-10 14:26:33 --> Multi-disciplinary Research / reclist cache update
2014-12-10 14:26:33 --> Computing and Network Environment / reclist cache update
2014-12-10 14:26:33 --> Beijing Free Electron Laser Facility / reclist cache update
2014-12-10 14:26:33 --> International Collaboration / reclist cache update
2014-12-10 14:26:33 --> Technology Transfer / reclist cache update
2014-12-10 14:26:33 --> Innovative culture / reclist cache update
2014-12-10 14:26:33 --> BSRF Pictures / reclist cache update
2014-12-10 14:26:33 --> Spallation Neutron Source Pictures / reclist cache update
2014-12-10 14:26:33 --> Accelerator Driven Sub-critical System Pictures / reclist cache update
2014-12-10 14:26:33 --> Beijing Advanced Photon Source Pictures / reclist cache update
2014-12-10 14:26:33 --> Multi-disciplinary Pictures / reclist cache update
2014-12-10 14:26:33 --> Computing and Network Pictures / reclist cache update
2014-12-10 14:26:33 --> BJ Free Electron Laser Facility Pictures / reclist cache update
2014-12-10 14:26:33 --> International Collaboration Pictures / reclist cache update
2014-12-10 14:26:33 --> Technology Transfer Pictures / reclist cache update
2014-12-10 14:26:33 --> Innovative culture Pictures / reclist cache update
2014-12-10 14:26:33 --> IHEP's Document Server / webpage cache update
2014-12-10 14:26:35 --> Preprints / webpage cache update
2014-12-10 14:26:35 --> Books / webpage cache update
2014-12-10 14:26:36 --> Theses / webpage cache update
2014-12-10 14:26:36 --> Reports / webpage cache update
2014-12-10 14:26:36 --> Articles / webpage cache update
2014-12-10 14:26:37 --> Pictures / webpage cache update
2014-12-10 14:26:37 --> CERN Divisions / webpage cache update
2014-12-10 14:26:37 --> CERN Experiments / webpage cache update
2014-12-10 14:26:38 --> Theoretical Physics (TH) / webpage cache update
2014-12-10 14:26:38 --> Experimental Physics (EP) / webpage cache update
2014-12-10 14:26:39 --> ISOLDE / webpage cache update
2014-12-10 14:26:39 --> ALEPH / webpage cache update
2014-12-10 14:26:40 --> Articles & Preprints / webpage cache update
2014-12-10 14:26:40 --> Books & Reports / webpage cache update
2014-12-10 14:26:41 --> Multimedia & Arts / webpage cache update
2014-12-10 14:26:42 --> Poetry / webpage cache update
2014-12-10 14:26:42 --> Atlantis Times News / webpage cache update
2014-12-10 14:26:43 --> Atlantis Times Arts / webpage cache update
2014-12-10 14:26:43 --> Atlantis Times Science / webpage cache update
2014-12-10 14:26:44 --> Atlantis Times / webpage cache update
2014-12-10 14:26:44 --> Atlantis Institute Books / webpage cache update
2014-12-10 14:26:45 --> Atlantis Institute Articles / webpage cache update
2014-12-10 14:26:45 --> Atlantis Times Drafts / webpage cache update
2014-12-10 14:26:46 --> Videos / webpage cache update
2014-12-10 14:26:46 --> IHEPCC / webpage cache update
2014-12-10 14:26:47 --> Papers / webpage cache update
2014-12-10 14:26:47 --> Photos / webpage cache update
2014-12-10 14:26:47 --> IHEP Divisions / webpage cache update
2014-12-10 14:26:48 --> Computing Center (IT) / webpage cache update
2014-12-10 14:26:48 --> IT Pictures / webpage cache update
2014-12-10 14:26:48 --> IT Papers / webpage cache update
2014-12-10 14:26:49 --> IT Videos / webpage cache update
2014-12-10 14:26:49 --> IHEP Office / webpage cache update
2014-12-10 14:26:50 --> IHEP Office (IO) / webpage cache update
2014-12-10 14:26:50 --> IO Pictures / webpage cache update
2014-12-10 14:26:51 --> IO Papers / webpage cache update
2014-12-10 14:26:51 --> IO Videos / webpage cache update
2014-12-10 14:26:52 --> IHEP Experiments / webpage cache update
2014-12-10 14:26:52 --> BESIII / webpage cache update
2014-12-10 14:26:53 --> BESIII Pictures / webpage cache update
2014-12-10 14:26:53 --> BESIII Papers / webpage cache update
2014-12-10 14:26:53 --> Beijing Electron Positron Collider / webpage cache update
2014-12-10 14:26:53 --> Early Accelerators / webpage cache update
2014-12-10 14:26:54 --> BEPC / webpage cache update
2014-12-10 14:26:54 --> BEPCII / webpage cache update
2014-12-10 14:26:55 --> Early Accelerators Pictures / webpage cache update
2014-12-10 14:26:55 --> BEPC Pictures / webpage cache update
2014-12-10 14:26:56 --> BEPCII Pictures / webpage cache update
2014-12-10 14:26:56 --> Beijing Spectrometer / webpage cache update
2014-12-10 14:26:57 --> Daya Bay Reactor Neutrino Experiment / webpage cache update
2014-12-10 14:26:57 --> Theoretical Physics Research / webpage cache update
2014-12-10 14:26:58 --> BES Pictures / webpage cache update
2014-12-10 14:26:58 --> Daya Bay Pictures / webpage cache update
2014-12-10 14:26:58 --> Theoretical Physics Pictures / webpage cache update
2014-12-10 14:26:58 --> Research on Cosmic Rays and High Energy Astrophysics / webpage cache update
2014-12-10 14:26:59 --> Cosmic Rays Research in Early Stage / webpage cache update
2014-12-10 14:27:00 --> Yangbajing International Cosmic Ray Observatory / webpage cache update
2014-12-10 14:27:00 --> Large High Altitude Air Shower Observatory / webpage cache update
2014-12-10 14:27:01 --> Other Space Projects / webpage cache update
2014-12-10 14:27:01 --> Cosmic Rays Research in Early Stage Pictures / webpage cache update
2014-12-10 14:27:02 --> Yangbajing International Cosmic Ray Observatory Pictures / webpage cache update
2014-12-10 14:27:02 --> Air Shower Observatory Pictures / webpage cache update
2014-12-10 14:27:03 --> Other Space Projects Pictures / webpage cache update
2014-12-10 14:27:03 --> Beijing Synchrotron Radiation Facility / webpage cache update
2014-12-10 14:27:03 --> China Spallation Neutron Source  / webpage cache update
2014-12-10 14:27:04 --> Accelerator Driven Sub-critical System / webpage cache update
2014-12-10 14:27:04 --> Beijing Advanced Photon Source / webpage cache update
2014-12-10 14:27:05 --> Multi-disciplinary Research / webpage cache update
2014-12-10 14:27:05 --> Computing and Network Environment / webpage cache update
2014-12-10 14:27:06 --> Beijing Free Electron Laser Facility / webpage cache update
2014-12-10 14:27:06 --> International Collaboration / webpage cache update
2014-12-10 14:27:07 --> Technology Transfer / webpage cache update
2014-12-10 14:27:07 --> Innovative culture / webpage cache update
2014-12-10 14:27:08 --> BSRF Pictures / webpage cache update
2014-12-10 14:27:08 --> Spallation Neutron Source Pictures / webpage cache update
2014-12-10 14:27:08 --> Accelerator Driven Sub-critical System Pictures / webpage cache update
2014-12-10 14:27:09 --> Beijing Advanced Photon Source Pictures / webpage cache update
2014-12-10 14:27:09 --> Multi-disciplinary Pictures / webpage cache update
2014-12-10 14:27:09 --> Computing and Network Pictures / webpage cache update
2014-12-10 14:27:10 --> BJ Free Electron Laser Facility Pictures / webpage cache update
2014-12-10 14:27:10 --> International Collaboration Pictures / webpage cache update
2014-12-10 14:27:10 --> Technology Transfer Pictures / webpage cache update
2014-12-10 14:27:10 --> Innovative culture Pictures / webpage cache update
2014-12-10 14:27:10 --> Task #1247 finished. [DONE]
