2014-12-10 10:54:38 --> Task #1245 started.
2014-12-10 10:54:43 --> IHEP's Document Server / reclist cache update
2014-12-10 10:54:43 --> Preprints / reclist cache update
2014-12-10 10:54:43 --> Books / reclist cache update
2014-12-10 10:54:43 --> Theses / reclist cache update
2014-12-10 10:54:43 --> Reports / reclist cache update
2014-12-10 10:54:43 --> Articles / reclist cache update
2014-12-10 10:54:43 --> Pictures / reclist cache update
2014-12-10 10:54:43 --> CERN Divisions / reclist cache update
2014-12-10 10:54:43 --> CERN Experiments / reclist cache update
2014-12-10 10:54:43 --> Theoretical Physics (TH) / reclist cache update
2014-12-10 10:54:43 --> Experimental Physics (EP) / reclist cache update
2014-12-10 10:54:43 --> ISOLDE / reclist cache update
2014-12-10 10:54:43 --> ALEPH / reclist cache update
2014-12-10 10:54:43 --> Articles & Preprints / reclist cache update
2014-12-10 10:54:43 --> Books & Reports / reclist cache update
2014-12-10 10:54:43 --> Multimedia & Arts / reclist cache update
2014-12-10 10:54:43 --> Poetry / reclist cache update
2014-12-10 10:54:43 --> Atlantis Times News / reclist cache update
2014-12-10 10:54:43 --> Atlantis Times Arts / reclist cache update
2014-12-10 10:54:43 --> Atlantis Times Science / reclist cache update
2014-12-10 10:54:43 --> Atlantis Times / reclist cache update
2014-12-10 10:54:43 --> Atlantis Institute Books / reclist cache update
2014-12-10 10:54:43 --> Atlantis Institute Articles / reclist cache update
2014-12-10 10:54:43 --> Atlantis Times Drafts / reclist cache update
2014-12-10 10:54:43 --> Videos / reclist cache update
2014-12-10 10:54:43 --> IHEPCC / reclist cache update
2014-12-10 10:54:43 --> Papers / reclist cache update
2014-12-10 10:54:43 --> Photos / reclist cache update
2014-12-10 10:54:43 --> IHEP Divisions / reclist cache update
2014-12-10 10:54:44 --> Computing Center (IT) / reclist cache update
2014-12-10 10:54:44 --> IT Pictures / reclist cache update
2014-12-10 10:54:44 --> IT Papers / reclist cache update
2014-12-10 10:54:44 --> IT Videos / reclist cache update
2014-12-10 10:54:44 --> IHEP Office / reclist cache update
2014-12-10 10:54:44 --> IHEP Office (IO) / reclist cache update
2014-12-10 10:54:44 --> IO Pictures / reclist cache update
2014-12-10 10:54:44 --> IO Papers / reclist cache update
2014-12-10 10:54:44 --> IO Videos / reclist cache update
2014-12-10 10:54:44 --> IHEP Experiments / reclist cache update
2014-12-10 10:54:44 --> BESIII / reclist cache update
2014-12-10 10:54:44 --> BESIII Pictures / reclist cache update
2014-12-10 10:54:44 --> BESIII Papers / reclist cache update
2014-12-10 10:54:44 --> Beijing Electron Positron Collider / reclist cache update
2014-12-10 10:54:44 --> Early Accelerators / reclist cache update
2014-12-10 10:54:44 --> BEPC / reclist cache update
2014-12-10 10:54:44 --> BEPCII / reclist cache update
2014-12-10 10:54:44 --> Early Accelerators Pictures / reclist cache update
2014-12-10 10:54:44 --> BEPC Pictures / reclist cache update
2014-12-10 10:54:44 --> BEPCII Pictures / reclist cache update
2014-12-10 10:54:44 --> Beijing Spectrometer / reclist cache update
2014-12-10 10:54:44 --> Daya Bay Reactor Neutrino Experiment / reclist cache update
2014-12-10 10:54:44 --> Theoretical Physics Research / reclist cache update
2014-12-10 10:54:44 --> BES Pictures / reclist cache update
2014-12-10 10:54:44 --> Daya Bay Pictures / reclist cache update
2014-12-10 10:54:44 --> Theoretical Physics Pictures / reclist cache update
2014-12-10 10:54:44 --> Research on Cosmic Rays and High Energy Astrophysics / reclist cache update
2014-12-10 10:54:44 --> Cosmic Rays Research in Early Stage / reclist cache update
2014-12-10 10:54:44 --> Yangbajing International Cosmic Ray Observatory / reclist cache update
2014-12-10 10:54:44 --> Large High Altitude Air Shower Observatory / reclist cache update
2014-12-10 10:54:44 --> Other Space Projects / reclist cache update
2014-12-10 10:54:44 --> Cosmic Rays Research in Early Stage Pictures / reclist cache update
2014-12-10 10:54:44 --> Yangbajing International Cosmic Ray Observatory Pictures / reclist cache update
2014-12-10 10:54:44 --> Air Shower Observatory Pictures / reclist cache update
2014-12-10 10:54:44 --> Other Space Projects Pictures / reclist cache update
2014-12-10 10:54:44 --> Beijing Synchrotron Radiation Facility / reclist cache update
2014-12-10 10:54:44 --> China Spallation Neutron Source  / reclist cache update
2014-12-10 10:54:44 --> Accelerator Driven Sub-critical System / reclist cache update
2014-12-10 10:54:44 --> Beijing Advanced Photon Source / reclist cache update
2014-12-10 10:54:44 --> Multi-disciplinary Research / reclist cache update
2014-12-10 10:54:44 --> Computing and Network Environment / reclist cache update
2014-12-10 10:54:44 --> Beijing Free Electron Laser Facility / reclist cache update
2014-12-10 10:54:44 --> International Collaboration / reclist cache update
2014-12-10 10:54:44 --> Technology Transfer / reclist cache update
2014-12-10 10:54:44 --> Innovative culture / reclist cache update
2014-12-10 10:54:44 --> BSRF Pictures / reclist cache update
2014-12-10 10:54:44 --> Spallation Neutron Source Pictures / reclist cache update
2014-12-10 10:54:44 --> Accelerator Driven Sub-critical System Pictures / reclist cache update
2014-12-10 10:54:44 --> Beijing Advanced Photon Source Pictures / reclist cache update
2014-12-10 10:54:44 --> Multi-disciplinary Pictures / reclist cache update
2014-12-10 10:54:44 --> Computing and Network Pictures / reclist cache update
2014-12-10 10:54:44 --> BJ Free Electron Laser Facility Pictures / reclist cache update
2014-12-10 10:54:44 --> International Collaboration Pictures / reclist cache update
2014-12-10 10:54:44 --> Technology Transfer Pictures / reclist cache update
2014-12-10 10:54:44 --> Innovative culture Pictures / reclist cache update
2014-12-10 10:54:44 --> IHEP's Document Server / webpage cache update
2014-12-10 10:54:46 --> Preprints / webpage cache update
2014-12-10 10:54:46 --> Books / webpage cache update
2014-12-10 10:54:46 --> Theses / webpage cache update
2014-12-10 10:54:46 --> Reports / webpage cache update
2014-12-10 10:54:47 --> Articles / webpage cache update
2014-12-10 10:54:47 --> Pictures / webpage cache update
2014-12-10 10:54:48 --> CERN Divisions / webpage cache update
2014-12-10 10:54:48 --> CERN Experiments / webpage cache update
2014-12-10 10:54:49 --> Theoretical Physics (TH) / webpage cache update
2014-12-10 10:54:49 --> Experimental Physics (EP) / webpage cache update
2014-12-10 10:54:49 --> ISOLDE / webpage cache update
2014-12-10 10:54:50 --> ALEPH / webpage cache update
2014-12-10 10:54:50 --> Articles & Preprints / webpage cache update
2014-12-10 10:54:50 --> Books & Reports / webpage cache update
2014-12-10 10:54:51 --> Multimedia & Arts / webpage cache update
2014-12-10 10:54:51 --> Poetry / webpage cache update
2014-12-10 10:54:52 --> Atlantis Times News / webpage cache update
2014-12-10 10:54:52 --> Atlantis Times Arts / webpage cache update
2014-12-10 10:54:52 --> Atlantis Times Science / webpage cache update
2014-12-10 10:54:53 --> Atlantis Times / webpage cache update
2014-12-10 10:54:54 --> Atlantis Institute Books / webpage cache update
2014-12-10 10:54:54 --> Atlantis Institute Articles / webpage cache update
2014-12-10 10:54:54 --> Atlantis Times Drafts / webpage cache update
2014-12-10 10:54:54 --> Videos / webpage cache update
2014-12-10 10:54:55 --> IHEPCC / webpage cache update
2014-12-10 10:54:55 --> Papers / webpage cache update
2014-12-10 10:54:55 --> Photos / webpage cache update
2014-12-10 10:54:55 --> IHEP Divisions / webpage cache update
2014-12-10 10:54:56 --> Computing Center (IT) / webpage cache update
2014-12-10 10:54:57 --> IT Pictures / webpage cache update
2014-12-10 10:54:57 --> IT Papers / webpage cache update
2014-12-10 10:54:57 --> IT Videos / webpage cache update
2014-12-10 10:54:58 --> IHEP Office / webpage cache update
2014-12-10 10:54:58 --> IHEP Office (IO) / webpage cache update
2014-12-10 10:54:58 --> IO Pictures / webpage cache update
2014-12-10 10:54:59 --> IO Papers / webpage cache update
2014-12-10 10:54:59 --> IO Videos / webpage cache update
2014-12-10 10:55:00 --> IHEP Experiments / webpage cache update
2014-12-10 10:55:00 --> BESIII / webpage cache update
2014-12-10 10:55:00 --> BESIII Pictures / webpage cache update
2014-12-10 10:55:01 --> BESIII Papers / webpage cache update
2014-12-10 10:55:01 --> Beijing Electron Positron Collider / webpage cache update
2014-12-10 10:55:02 --> Early Accelerators / webpage cache update
2014-12-10 10:55:02 --> BEPC / webpage cache update
2014-12-10 10:55:02 --> BEPCII / webpage cache update
2014-12-10 10:55:03 --> Early Accelerators Pictures / webpage cache update
2014-12-10 10:55:03 --> BEPC Pictures / webpage cache update
2014-12-10 10:55:03 --> BEPCII Pictures / webpage cache update
2014-12-10 10:55:04 --> Beijing Spectrometer / webpage cache update
2014-12-10 10:55:04 --> Daya Bay Reactor Neutrino Experiment / webpage cache update
2014-12-10 10:55:04 --> Theoretical Physics Research / webpage cache update
2014-12-10 10:55:04 --> BES Pictures / webpage cache update
2014-12-10 10:55:05 --> Daya Bay Pictures / webpage cache update
2014-12-10 10:55:05 --> Theoretical Physics Pictures / webpage cache update
2014-12-10 10:55:06 --> Research on Cosmic Rays and High Energy Astrophysics / webpage cache update
2014-12-10 10:55:06 --> Cosmic Rays Research in Early Stage / webpage cache update
2014-12-10 10:55:06 --> Yangbajing International Cosmic Ray Observatory / webpage cache update
2014-12-10 10:55:07 --> Large High Altitude Air Shower Observatory / webpage cache update
2014-12-10 10:55:07 --> Other Space Projects / webpage cache update
2014-12-10 10:55:07 --> Cosmic Rays Research in Early Stage Pictures / webpage cache update
2014-12-10 10:55:08 --> Yangbajing International Cosmic Ray Observatory Pictures / webpage cache update
2014-12-10 10:55:08 --> Air Shower Observatory Pictures / webpage cache update
2014-12-10 10:55:08 --> Other Space Projects Pictures / webpage cache update
2014-12-10 10:55:09 --> Beijing Synchrotron Radiation Facility / webpage cache update
2014-12-10 10:55:09 --> China Spallation Neutron Source  / webpage cache update
2014-12-10 10:55:10 --> Accelerator Driven Sub-critical System / webpage cache update
2014-12-10 10:55:10 --> Beijing Advanced Photon Source / webpage cache update
2014-12-10 10:55:11 --> Multi-disciplinary Research / webpage cache update
2014-12-10 10:55:11 --> Computing and Network Environment / webpage cache update
2014-12-10 10:55:12 --> Beijing Free Electron Laser Facility / webpage cache update
2014-12-10 10:55:12 --> International Collaboration / webpage cache update
2014-12-10 10:55:13 --> Technology Transfer / webpage cache update
2014-12-10 10:55:13 --> Innovative culture / webpage cache update
2014-12-10 10:55:14 --> BSRF Pictures / webpage cache update
2014-12-10 10:55:14 --> Spallation Neutron Source Pictures / webpage cache update
2014-12-10 10:55:15 --> Accelerator Driven Sub-critical System Pictures / webpage cache update
2014-12-10 10:55:15 --> Beijing Advanced Photon Source Pictures / webpage cache update
2014-12-10 10:55:15 --> Multi-disciplinary Pictures / webpage cache update
2014-12-10 10:55:15 --> Computing and Network Pictures / webpage cache update
2014-12-10 10:55:16 --> BJ Free Electron Laser Facility Pictures / webpage cache update
2014-12-10 10:55:16 --> International Collaboration Pictures / webpage cache update
2014-12-10 10:55:16 --> Technology Transfer Pictures / webpage cache update
2014-12-10 10:55:16 --> Innovative culture Pictures / webpage cache update
2014-12-10 10:55:17 --> Task #1245 finished. [DONE]
