2014-10-10 17:38:59 --> Task #1124 started.
2014-10-10 17:38:59 --> idxWORD03F has stemming enabled, language en
2014-10-10 17:38:59 --> idxWORD03F contains 3554 words from 251 records
2014-10-10 17:38:59 --> idxWORD03F is in consistent state
2014-10-10 17:38:59 --> No new records added. idxWORD03F is up to date
2014-10-10 17:38:59 --> idxWORD03F contains 3554 words from 251 records
2014-10-10 17:38:59 --> idxWORD03F is in consistent state
2014-10-10 17:38:59 --> idxPAIR03F contains 9293 words from 251 records
2014-10-10 17:38:59 --> idxPAIR03F is in consistent state
2014-10-10 17:38:59 --> No new records added. idxPAIR03F is up to date
2014-10-10 17:38:59 --> idxPAIR03F contains 9293 words from 251 records
2014-10-10 17:38:59 --> idxPAIR03F is in consistent state
2014-10-10 17:38:59 --> idxPHRASE03F contains 175 words from 251 records
2014-10-10 17:38:59 --> idxPHRASE03F is in consistent state
2014-10-10 17:38:59 --> No new records added. idxPHRASE03F is up to date
2014-10-10 17:38:59 --> idxPHRASE03F contains 175 words from 251 records
2014-10-10 17:38:59 --> idxPHRASE03F is in consistent state
2014-10-10 17:38:59 --> idxWORD13F contains 106 words from 77 records
2014-10-10 17:38:59 --> idxWORD13F is in consistent state
2014-10-10 17:38:59 --> No new records added. idxWORD13F is up to date
2014-10-10 17:38:59 --> idxWORD13F contains 106 words from 77 records
2014-10-10 17:38:59 --> idxWORD13F is in consistent state
2014-10-10 17:38:59 --> idxPAIR13F contains 101 words from 77 records
2014-10-10 17:38:59 --> idxPAIR13F is in consistent state
2014-10-10 17:38:59 --> No new records added. idxPAIR13F is up to date
2014-10-10 17:38:59 --> idxPAIR13F contains 101 words from 77 records
2014-10-10 17:38:59 --> idxPAIR13F is in consistent state
2014-10-10 17:38:59 --> idxPHRASE13F contains 61 words from 77 records
2014-10-10 17:38:59 --> idxPHRASE13F is in consistent state
2014-10-10 17:38:59 --> No new records added. idxPHRASE13F is up to date
2014-10-10 17:38:59 --> idxPHRASE13F contains 61 words from 77 records
2014-10-10 17:38:59 --> idxPHRASE13F is in consistent state
2014-10-10 17:38:59 --> idxWORD04F contains 702 words from 371 records
2014-10-10 17:38:59 --> idxWORD04F is in consistent state
2014-10-10 17:38:59 --> No new records added. idxWORD04F is up to date
2014-10-10 17:38:59 --> No new records added by author canonical IDs. idxWORD04F is up to date
2014-10-10 17:38:59 --> idxWORD04F contains 702 words from 371 records
2014-10-10 17:38:59 --> idxWORD04F is in consistent state
2014-10-10 17:38:59 --> idxPAIR04F contains 772 words from 371 records
2014-10-10 17:38:59 --> idxPAIR04F is in consistent state
2014-10-10 17:38:59 --> No new records added. idxPAIR04F is up to date
2014-10-10 17:38:59 --> No new records added by author canonical IDs. idxPAIR04F is up to date
2014-10-10 17:38:59 --> idxPAIR04F contains 772 words from 371 records
2014-10-10 17:38:59 --> idxPAIR04F is in consistent state
2014-10-10 17:38:59 --> idxPHRASE04F contains 2154 words from 371 records
2014-10-10 17:38:59 --> idxPHRASE04F is in consistent state
2014-10-10 17:38:59 --> No new records added. idxPHRASE04F is up to date
2014-10-10 17:38:59 --> No new records added by author canonical IDs. idxPHRASE04F is up to date
2014-10-10 17:38:59 --> idxPHRASE04F contains 2154 words from 371 records
2014-10-10 17:38:59 --> idxPHRASE04F is in consistent state
2014-10-10 17:38:59 --> idxWORD18F contains 13 words from 371 records
2014-10-10 17:38:59 --> idxWORD18F is in consistent state
2014-10-10 17:38:59 --> No new records added. idxWORD18F is up to date
2014-10-10 17:38:59 --> idxWORD18F contains 13 words from 371 records
2014-10-10 17:38:59 --> idxWORD18F is in consistent state
2014-10-10 17:38:59 --> idxPAIR18F contains 13 words from 371 records
2014-10-10 17:38:59 --> idxPAIR18F is in consistent state
2014-10-10 17:38:59 --> No new records added. idxPAIR18F is up to date
2014-10-10 17:38:59 --> idxPAIR18F contains 13 words from 371 records
2014-10-10 17:38:59 --> idxPAIR18F is in consistent state
2014-10-10 17:38:59 --> idxPHRASE18F contains 13 words from 371 records
2014-10-10 17:38:59 --> idxPHRASE18F is in consistent state
2014-10-10 17:38:59 --> No new records added. idxPHRASE18F is up to date
2014-10-10 17:38:59 --> idxPHRASE18F contains 13 words from 371 records
2014-10-10 17:38:59 --> idxPHRASE18F is in consistent state
2014-10-10 17:38:59 --> idxWORD15F contains 9 words from 1 records
2014-10-10 17:38:59 --> idxWORD15F is in consistent state
2014-10-10 17:38:59 --> No new records added. idxWORD15F is up to date
2014-10-10 17:38:59 --> idxWORD15F contains 9 words from 1 records
2014-10-10 17:38:59 --> idxWORD15F is in consistent state
2014-10-10 17:38:59 --> idxPAIR15F contains 2 words from 1 records
2014-10-10 17:38:59 --> idxPAIR15F is in consistent state
2014-10-10 17:38:59 --> No new records added. idxPAIR15F is up to date
2014-10-10 17:38:59 --> idxPAIR15F contains 2 words from 1 records
2014-10-10 17:38:59 --> idxPAIR15F is in consistent state
2014-10-10 17:38:59 --> idxPHRASE15F contains 6 words from 1 records
2014-10-10 17:38:59 --> idxPHRASE15F is in consistent state
2014-10-10 17:38:59 --> No new records added. idxPHRASE15F is up to date
2014-10-10 17:38:59 --> idxPHRASE15F contains 6 words from 1 records
2014-10-10 17:38:59 --> idxPHRASE15F is in consistent state
2014-10-10 17:38:59 --> idxWORD12F contains 21 words from 3 records
2014-10-10 17:38:59 --> idxWORD12F is in consistent state
2014-10-10 17:38:59 --> No new records added. idxWORD12F is up to date
2014-10-10 17:38:59 --> idxWORD12F contains 21 words from 3 records
2014-10-10 17:38:59 --> idxWORD12F is in consistent state
2014-10-10 17:38:59 --> idxPAIR12F contains 20 words from 3 records
2014-10-10 17:38:59 --> idxPAIR12F is in consistent state
2014-10-10 17:38:59 --> No new records added. idxPAIR12F is up to date
2014-10-10 17:38:59 --> idxPAIR12F contains 20 words from 3 records
2014-10-10 17:38:59 --> idxPAIR12F is in consistent state
2014-10-10 17:38:59 --> idxPHRASE12F contains 3 words from 3 records
2014-10-10 17:38:59 --> idxPHRASE12F is in consistent state
2014-10-10 17:38:59 --> No new records added. idxPHRASE12F is up to date
2014-10-10 17:38:59 --> idxPHRASE12F contains 3 words from 3 records
2014-10-10 17:38:59 --> idxPHRASE12F is in consistent state
2014-10-10 17:38:59 --> idxWORD02F contains 32 words from 366 records
2014-10-10 17:38:59 --> idxWORD02F is in consistent state
2014-10-10 17:38:59 --> No new records added. idxWORD02F is up to date
2014-10-10 17:38:59 --> idxWORD02F contains 32 words from 366 records
2014-10-10 17:38:59 --> idxWORD02F is in consistent state
2014-10-10 17:38:59 --> idxPAIR02F contains 0 words from 366 records
2014-10-10 17:38:59 --> idxPAIR02F is in consistent state
2014-10-10 17:38:59 --> No new records added. idxPAIR02F is up to date
2014-10-10 17:38:59 --> idxPAIR02F contains 0 words from 366 records
2014-10-10 17:38:59 --> idxPAIR02F is in consistent state
2014-10-10 17:38:59 --> idxPHRASE02F contains 32 words from 366 records
2014-10-10 17:38:59 --> idxPHRASE02F is in consistent state
2014-10-10 17:38:59 --> No new records added. idxPHRASE02F is up to date
2014-10-10 17:38:59 --> idxPHRASE02F contains 32 words from 366 records
2014-10-10 17:38:59 --> idxPHRASE02F is in consistent state
2014-10-10 17:38:59 --> idxWORD14F contains 702 words from 371 records
2014-10-10 17:38:59 --> idxWORD14F is in consistent state
2014-10-10 17:38:59 --> No new records added. idxWORD14F is up to date
2014-10-10 17:38:59 --> No new records added by author canonical IDs. idxWORD14F is up to date
2014-10-10 17:38:59 --> idxWORD14F contains 702 words from 371 records
2014-10-10 17:38:59 --> idxWORD14F is in consistent state
2014-10-10 17:38:59 --> idxPAIR14F contains 772 words from 371 records
2014-10-10 17:38:59 --> idxPAIR14F is in consistent state
2014-10-10 17:38:59 --> No new records added. idxPAIR14F is up to date
2014-10-10 17:38:59 --> No new records added by author canonical IDs. idxPAIR14F is up to date
2014-10-10 17:38:59 --> idxPAIR14F contains 772 words from 371 records
2014-10-10 17:38:59 --> idxPAIR14F is in consistent state
2014-10-10 17:38:59 --> idxPHRASE14F contains 643 words from 371 records
2014-10-10 17:38:59 --> idxPHRASE14F is in consistent state
2014-10-10 17:38:59 --> No new records added. idxPHRASE14F is up to date
2014-10-10 17:38:59 --> No new records added by author canonical IDs. idxPHRASE14F is up to date
2014-10-10 17:38:59 --> idxPHRASE14F contains 643 words from 371 records
2014-10-10 17:38:59 --> idxPHRASE14F is in consistent state
2014-10-10 17:38:59 --> idxWORD17F contains 162 words from 371 records
2014-10-10 17:38:59 --> idxWORD17F is in consistent state
2014-10-10 17:38:59 --> No new records added. idxWORD17F is up to date
2014-10-10 17:38:59 --> No new records added by author canonical IDs. idxWORD17F is up to date
2014-10-10 17:38:59 --> idxWORD17F contains 162 words from 371 records
2014-10-10 17:38:59 --> idxWORD17F is in consistent state
2014-10-10 17:38:59 --> idxPAIR17F contains 129 words from 371 records
2014-10-10 17:38:59 --> idxPAIR17F is in consistent state
2014-10-10 17:38:59 --> No new records added. idxPAIR17F is up to date
2014-10-10 17:38:59 --> No new records added by author canonical IDs. idxPAIR17F is up to date
2014-10-10 17:38:59 --> idxPAIR17F contains 129 words from 371 records
2014-10-10 17:38:59 --> idxPAIR17F is in consistent state
2014-10-10 17:38:59 --> idxPHRASE17F contains 109 words from 371 records
2014-10-10 17:38:59 --> idxPHRASE17F is in consistent state
2014-10-10 17:38:59 --> No new records added. idxPHRASE17F is up to date
2014-10-10 17:38:59 --> No new records added by author canonical IDs. idxPHRASE17F is up to date
2014-10-10 17:38:59 --> idxPHRASE17F contains 109 words from 371 records
2014-10-10 17:38:59 --> idxPHRASE17F is in consistent state
2014-10-10 17:38:59 --> idxWORD16F contains 162 words from 371 records
2014-10-10 17:38:59 --> idxWORD16F is in consistent state
2014-10-10 17:38:59 --> No new records added. idxWORD16F is up to date
2014-10-10 17:38:59 --> No new records added by author canonical IDs. idxWORD16F is up to date
2014-10-10 17:38:59 --> idxWORD16F contains 162 words from 371 records
2014-10-10 17:38:59 --> idxWORD16F is in consistent state
2014-10-10 17:38:59 --> idxPAIR16F contains 129 words from 371 records
2014-10-10 17:38:59 --> idxPAIR16F is in consistent state
2014-10-10 17:38:59 --> No new records added. idxPAIR16F is up to date
2014-10-10 17:38:59 --> No new records added by author canonical IDs. idxPAIR16F is up to date
2014-10-10 17:38:59 --> idxPAIR16F contains 129 words from 371 records
2014-10-10 17:38:59 --> idxPAIR16F is in consistent state
2014-10-10 17:38:59 --> idxPHRASE16F contains 460 words from 371 records
2014-10-10 17:38:59 --> idxPHRASE16F is in consistent state
2014-10-10 17:38:59 --> No new records added. idxPHRASE16F is up to date
2014-10-10 17:38:59 --> No new records added by author canonical IDs. idxPHRASE16F is up to date
2014-10-10 17:38:59 --> idxPHRASE16F contains 460 words from 371 records
2014-10-10 17:38:59 --> idxPHRASE16F is in consistent state
2014-10-10 17:38:59 --> idxWORD09F has stemming enabled, language en
2014-10-10 17:38:59 --> idxWORD09F contains 32887 words from 322 records
2014-10-10 17:38:59 --> idxWORD09F is in consistent state
2014-10-10 17:38:59 --> No new records added. idxWORD09F is up to date
2014-10-10 17:38:59 --> idxWORD09F contains 32887 words from 322 records
2014-10-10 17:38:59 --> idxWORD09F is in consistent state
2014-10-10 17:38:59 --> idxPAIR09F contains 0 words from 322 records
2014-10-10 17:38:59 --> idxPAIR09F is in consistent state
2014-10-10 17:38:59 --> No new records added. idxPAIR09F is up to date
2014-10-10 17:38:59 --> idxPAIR09F contains 0 words from 322 records
2014-10-10 17:38:59 --> idxPAIR09F is in consistent state
2014-10-10 17:38:59 --> idxPHRASE09F contains 0 words from 322 records
2014-10-10 17:38:59 --> idxPHRASE09F is in consistent state
2014-10-10 17:38:59 --> No new records added. idxPHRASE09F is up to date
2014-10-10 17:38:59 --> idxPHRASE09F contains 0 words from 322 records
2014-10-10 17:38:59 --> idxPHRASE09F is in consistent state
2014-10-10 17:38:59 --> idxWORD01F has stemming enabled, language en
2014-10-10 17:38:59 --> idxWORD01F contains 6780 words from 370 records
2014-10-10 17:38:59 --> idxWORD01F is in consistent state
2014-10-10 17:38:59 --> No new records added. idxWORD01F is up to date
2014-10-10 17:38:59 --> idxWORD01F contains 6780 words from 370 records
2014-10-10 17:38:59 --> idxWORD01F is in consistent state
2014-10-10 17:38:59 --> idxPAIR01F contains 12213 words from 370 records
2014-10-10 17:38:59 --> idxPAIR01F is in consistent state
2014-10-10 17:38:59 --> No new records added. idxPAIR01F is up to date
2014-10-10 17:38:59 --> idxPAIR01F contains 12213 words from 370 records
2014-10-10 17:38:59 --> idxPAIR01F is in consistent state
2014-10-10 17:38:59 --> idxPHRASE01F contains 2765 words from 370 records
2014-10-10 17:38:59 --> idxPHRASE01F is in consistent state
2014-10-10 17:38:59 --> No new records added. idxPHRASE01F is up to date
2014-10-10 17:38:59 --> idxPHRASE01F contains 2765 words from 370 records
2014-10-10 17:38:59 --> idxPHRASE01F is in consistent state
2014-10-10 17:38:59 --> idxWORD11F contains 134 words from 371 records
2014-10-10 17:38:59 --> idxWORD11F is in consistent state
2014-10-10 17:38:59 --> No new records added. idxWORD11F is up to date
2014-10-10 17:38:59 --> idxWORD11F contains 134 words from 371 records
2014-10-10 17:38:59 --> idxWORD11F is in consistent state
2014-10-10 17:38:59 --> idxPAIR11F contains 134 words from 371 records
2014-10-10 17:38:59 --> idxPAIR11F is in consistent state
2014-10-10 17:38:59 --> No new records added. idxPAIR11F is up to date
2014-10-10 17:38:59 --> idxPAIR11F contains 134 words from 371 records
2014-10-10 17:38:59 --> idxPAIR11F is in consistent state
2014-10-10 17:38:59 --> idxPHRASE11F contains 134 words from 371 records
2014-10-10 17:38:59 --> idxPHRASE11F is in consistent state
2014-10-10 17:38:59 --> No new records added. idxPHRASE11F is up to date
2014-10-10 17:38:59 --> idxPHRASE11F contains 134 words from 371 records
2014-10-10 17:38:59 --> idxPHRASE11F is in consistent state
2014-10-10 17:38:59 --> idxWORD05F has stemming enabled, language en
2014-10-10 17:38:59 --> idxWORD05F contains 224 words from 206 records
2014-10-10 17:38:59 --> idxWORD05F is in consistent state
2014-10-10 17:38:59 --> No new records added. idxWORD05F is up to date
2014-10-10 17:38:59 --> idxWORD05F contains 224 words from 206 records
2014-10-10 17:38:59 --> idxWORD05F is in consistent state
2014-10-10 17:38:59 --> idxPAIR05F contains 13 words from 206 records
2014-10-10 17:38:59 --> idxPAIR05F is in consistent state
2014-10-10 17:38:59 --> No new records added. idxPAIR05F is up to date
2014-10-10 17:38:59 --> idxPAIR05F contains 13 words from 206 records
2014-10-10 17:38:59 --> idxPAIR05F is in consistent state
2014-10-10 17:38:59 --> idxPHRASE05F contains 214 words from 206 records
2014-10-10 17:38:59 --> idxPHRASE05F is in consistent state
2014-10-10 17:38:59 --> No new records added. idxPHRASE05F is up to date
2014-10-10 17:38:59 --> idxPHRASE05F contains 214 words from 206 records
2014-10-10 17:38:59 --> idxPHRASE05F is in consistent state
2014-10-10 17:38:59 --> idxWORD06F contains 7262 words from 48 records
2014-10-10 17:38:59 --> idxWORD06F is in consistent state
2014-10-10 17:38:59 --> No new records added. idxWORD06F is up to date
2014-10-10 17:38:59 --> idxWORD06F contains 7262 words from 48 records
2014-10-10 17:38:59 --> idxWORD06F is in consistent state
2014-10-10 17:38:59 --> idxPAIR06F contains 12452 words from 48 records
2014-10-10 17:38:59 --> idxPAIR06F is in consistent state
2014-10-10 17:38:59 --> No new records added. idxPAIR06F is up to date
2014-10-10 17:38:59 --> idxPAIR06F contains 12452 words from 48 records
2014-10-10 17:38:59 --> idxPAIR06F is in consistent state
2014-10-10 17:38:59 --> idxPHRASE06F contains 4927 words from 48 records
2014-10-10 17:38:59 --> idxPHRASE06F is in consistent state
2014-10-10 17:38:59 --> No new records added. idxPHRASE06F is up to date
2014-10-10 17:38:59 --> idxPHRASE06F contains 4927 words from 48 records
2014-10-10 17:38:59 --> idxPHRASE06F is in consistent state
2014-10-10 17:38:59 --> idxWORD07F contains 569 words from 345 records
2014-10-10 17:38:59 --> idxWORD07F is in consistent state
2014-10-10 17:38:59 --> No new records added. idxWORD07F is up to date
2014-10-10 17:38:59 --> idxWORD07F contains 569 words from 345 records
2014-10-10 17:38:59 --> idxWORD07F is in consistent state
2014-10-10 17:38:59 --> idxPAIR07F contains 309 words from 345 records
2014-10-10 17:38:59 --> idxPAIR07F is in consistent state
2014-10-10 17:38:59 --> No new records added. idxPAIR07F is up to date
2014-10-10 17:38:59 --> idxPAIR07F contains 309 words from 345 records
2014-10-10 17:38:59 --> idxPAIR07F is in consistent state
2014-10-10 17:38:59 --> idxPHRASE07F contains 281 words from 345 records
2014-10-10 17:38:59 --> idxPHRASE07F is in consistent state
2014-10-10 17:38:59 --> No new records added. idxPHRASE07F is up to date
2014-10-10 17:38:59 --> idxPHRASE07F contains 281 words from 345 records
2014-10-10 17:38:59 --> idxPHRASE07F is in consistent state
2014-10-10 17:38:59 --> idxWORD08F has stemming enabled, language en
2014-10-10 17:38:59 --> idxWORD08F contains 785 words from 367 records
2014-10-10 17:38:59 --> idxWORD08F is in consistent state
2014-10-10 17:38:59 --> No new records added. idxWORD08F is up to date
2014-10-10 17:38:59 --> idxWORD08F contains 785 words from 367 records
2014-10-10 17:38:59 --> idxWORD08F is in consistent state
2014-10-10 17:38:59 --> idxPAIR08F contains 795 words from 367 records
2014-10-10 17:38:59 --> idxPAIR08F is in consistent state
2014-10-10 17:38:59 --> No new records added. idxPAIR08F is up to date
2014-10-10 17:38:59 --> idxPAIR08F contains 795 words from 367 records
2014-10-10 17:38:59 --> idxPAIR08F is in consistent state
2014-10-10 17:38:59 --> idxPHRASE08F contains 268 words from 367 records
2014-10-10 17:38:59 --> idxPHRASE08F is in consistent state
2014-10-10 17:38:59 --> No new records added. idxPHRASE08F is up to date
2014-10-10 17:38:59 --> idxPHRASE08F contains 268 words from 367 records
2014-10-10 17:38:59 --> idxPHRASE08F is in consistent state
2014-10-10 17:38:59 --> idxWORD10F contains 31 words from 79 records
2014-10-10 17:38:59 --> idxWORD10F is in consistent state
2014-10-10 17:38:59 --> No new records added. idxWORD10F is up to date
2014-10-10 17:38:59 --> idxWORD10F contains 31 words from 79 records
2014-10-10 17:38:59 --> idxWORD10F is in consistent state
2014-10-10 17:38:59 --> idxPAIR10F contains 1 words from 79 records
2014-10-10 17:38:59 --> idxPAIR10F is in consistent state
2014-10-10 17:38:59 --> No new records added. idxPAIR10F is up to date
2014-10-10 17:38:59 --> idxPAIR10F contains 1 words from 79 records
2014-10-10 17:38:59 --> idxPAIR10F is in consistent state
2014-10-10 17:38:59 --> idxPHRASE10F contains 29 words from 79 records
2014-10-10 17:38:59 --> idxPHRASE10F is in consistent state
2014-10-10 17:38:59 --> No new records added. idxPHRASE10F is up to date
2014-10-10 17:38:59 --> idxPHRASE10F contains 29 words from 79 records
2014-10-10 17:38:59 --> idxPHRASE10F is in consistent state
2014-10-10 17:38:59 --> Task #1124 finished and resubmitted.
2014-10-10 17:43:59 --> Task #1124 started.
2014-10-10 17:43:59 --> idxWORD03F has stemming enabled, language en
2014-10-10 17:43:59 --> idxWORD03F contains 3554 words from 251 records
2014-10-10 17:43:59 --> idxWORD03F is in consistent state
2014-10-10 17:43:59 --> No new records added. idxWORD03F is up to date
2014-10-10 17:43:59 --> idxWORD03F contains 3554 words from 251 records
2014-10-10 17:43:59 --> idxWORD03F is in consistent state
2014-10-10 17:43:59 --> idxPAIR03F contains 9293 words from 251 records
2014-10-10 17:43:59 --> idxPAIR03F is in consistent state
2014-10-10 17:43:59 --> No new records added. idxPAIR03F is up to date
2014-10-10 17:43:59 --> idxPAIR03F contains 9293 words from 251 records
2014-10-10 17:43:59 --> idxPAIR03F is in consistent state
2014-10-10 17:43:59 --> idxPHRASE03F contains 175 words from 251 records
2014-10-10 17:43:59 --> idxPHRASE03F is in consistent state
2014-10-10 17:43:59 --> No new records added. idxPHRASE03F is up to date
2014-10-10 17:43:59 --> idxPHRASE03F contains 175 words from 251 records
2014-10-10 17:43:59 --> idxPHRASE03F is in consistent state
2014-10-10 17:43:59 --> idxWORD13F contains 106 words from 77 records
2014-10-10 17:43:59 --> idxWORD13F is in consistent state
2014-10-10 17:43:59 --> No new records added. idxWORD13F is up to date
2014-10-10 17:43:59 --> idxWORD13F contains 106 words from 77 records
2014-10-10 17:43:59 --> idxWORD13F is in consistent state
2014-10-10 17:43:59 --> idxPAIR13F contains 101 words from 77 records
2014-10-10 17:43:59 --> idxPAIR13F is in consistent state
2014-10-10 17:43:59 --> No new records added. idxPAIR13F is up to date
2014-10-10 17:43:59 --> idxPAIR13F contains 101 words from 77 records
2014-10-10 17:43:59 --> idxPAIR13F is in consistent state
2014-10-10 17:43:59 --> idxPHRASE13F contains 61 words from 77 records
2014-10-10 17:43:59 --> idxPHRASE13F is in consistent state
2014-10-10 17:43:59 --> No new records added. idxPHRASE13F is up to date
2014-10-10 17:43:59 --> idxPHRASE13F contains 61 words from 77 records
2014-10-10 17:43:59 --> idxPHRASE13F is in consistent state
2014-10-10 17:43:59 --> idxWORD04F contains 702 words from 371 records
2014-10-10 17:43:59 --> idxWORD04F is in consistent state
2014-10-10 17:43:59 --> No new records added. idxWORD04F is up to date
2014-10-10 17:43:59 --> No new records added by author canonical IDs. idxWORD04F is up to date
2014-10-10 17:43:59 --> idxWORD04F contains 702 words from 371 records
2014-10-10 17:43:59 --> idxWORD04F is in consistent state
2014-10-10 17:43:59 --> idxPAIR04F contains 772 words from 371 records
2014-10-10 17:43:59 --> idxPAIR04F is in consistent state
2014-10-10 17:43:59 --> No new records added. idxPAIR04F is up to date
2014-10-10 17:43:59 --> No new records added by author canonical IDs. idxPAIR04F is up to date
2014-10-10 17:43:59 --> idxPAIR04F contains 772 words from 371 records
2014-10-10 17:43:59 --> idxPAIR04F is in consistent state
2014-10-10 17:43:59 --> idxPHRASE04F contains 2154 words from 371 records
2014-10-10 17:43:59 --> idxPHRASE04F is in consistent state
2014-10-10 17:43:59 --> No new records added. idxPHRASE04F is up to date
2014-10-10 17:43:59 --> No new records added by author canonical IDs. idxPHRASE04F is up to date
2014-10-10 17:43:59 --> idxPHRASE04F contains 2154 words from 371 records
2014-10-10 17:43:59 --> idxPHRASE04F is in consistent state
2014-10-10 17:43:59 --> idxWORD18F contains 13 words from 371 records
2014-10-10 17:43:59 --> idxWORD18F is in consistent state
2014-10-10 17:43:59 --> No new records added. idxWORD18F is up to date
2014-10-10 17:43:59 --> idxWORD18F contains 13 words from 371 records
2014-10-10 17:43:59 --> idxWORD18F is in consistent state
2014-10-10 17:43:59 --> idxPAIR18F contains 13 words from 371 records
2014-10-10 17:43:59 --> idxPAIR18F is in consistent state
2014-10-10 17:43:59 --> No new records added. idxPAIR18F is up to date
2014-10-10 17:43:59 --> idxPAIR18F contains 13 words from 371 records
2014-10-10 17:43:59 --> idxPAIR18F is in consistent state
2014-10-10 17:43:59 --> idxPHRASE18F contains 13 words from 371 records
2014-10-10 17:43:59 --> idxPHRASE18F is in consistent state
2014-10-10 17:43:59 --> No new records added. idxPHRASE18F is up to date
2014-10-10 17:43:59 --> idxPHRASE18F contains 13 words from 371 records
2014-10-10 17:43:59 --> idxPHRASE18F is in consistent state
2014-10-10 17:43:59 --> idxWORD15F contains 9 words from 1 records
2014-10-10 17:43:59 --> idxWORD15F is in consistent state
2014-10-10 17:43:59 --> No new records added. idxWORD15F is up to date
2014-10-10 17:43:59 --> idxWORD15F contains 9 words from 1 records
2014-10-10 17:43:59 --> idxWORD15F is in consistent state
2014-10-10 17:43:59 --> idxPAIR15F contains 2 words from 1 records
2014-10-10 17:43:59 --> idxPAIR15F is in consistent state
2014-10-10 17:43:59 --> No new records added. idxPAIR15F is up to date
2014-10-10 17:43:59 --> idxPAIR15F contains 2 words from 1 records
2014-10-10 17:43:59 --> idxPAIR15F is in consistent state
2014-10-10 17:43:59 --> idxPHRASE15F contains 6 words from 1 records
2014-10-10 17:43:59 --> idxPHRASE15F is in consistent state
2014-10-10 17:43:59 --> No new records added. idxPHRASE15F is up to date
2014-10-10 17:43:59 --> idxPHRASE15F contains 6 words from 1 records
2014-10-10 17:43:59 --> idxPHRASE15F is in consistent state
2014-10-10 17:43:59 --> idxWORD12F contains 21 words from 3 records
2014-10-10 17:43:59 --> idxWORD12F is in consistent state
2014-10-10 17:43:59 --> No new records added. idxWORD12F is up to date
2014-10-10 17:43:59 --> idxWORD12F contains 21 words from 3 records
2014-10-10 17:43:59 --> idxWORD12F is in consistent state
2014-10-10 17:43:59 --> idxPAIR12F contains 20 words from 3 records
2014-10-10 17:43:59 --> idxPAIR12F is in consistent state
2014-10-10 17:43:59 --> No new records added. idxPAIR12F is up to date
2014-10-10 17:43:59 --> idxPAIR12F contains 20 words from 3 records
2014-10-10 17:43:59 --> idxPAIR12F is in consistent state
2014-10-10 17:43:59 --> idxPHRASE12F contains 3 words from 3 records
2014-10-10 17:43:59 --> idxPHRASE12F is in consistent state
2014-10-10 17:43:59 --> No new records added. idxPHRASE12F is up to date
2014-10-10 17:43:59 --> idxPHRASE12F contains 3 words from 3 records
2014-10-10 17:43:59 --> idxPHRASE12F is in consistent state
2014-10-10 17:43:59 --> idxWORD02F contains 32 words from 366 records
2014-10-10 17:43:59 --> idxWORD02F is in consistent state
2014-10-10 17:43:59 --> No new records added. idxWORD02F is up to date
2014-10-10 17:43:59 --> idxWORD02F contains 32 words from 366 records
2014-10-10 17:43:59 --> idxWORD02F is in consistent state
2014-10-10 17:43:59 --> idxPAIR02F contains 0 words from 366 records
2014-10-10 17:43:59 --> idxPAIR02F is in consistent state
2014-10-10 17:43:59 --> No new records added. idxPAIR02F is up to date
2014-10-10 17:43:59 --> idxPAIR02F contains 0 words from 366 records
2014-10-10 17:43:59 --> idxPAIR02F is in consistent state
2014-10-10 17:43:59 --> idxPHRASE02F contains 32 words from 366 records
2014-10-10 17:43:59 --> idxPHRASE02F is in consistent state
2014-10-10 17:43:59 --> No new records added. idxPHRASE02F is up to date
2014-10-10 17:43:59 --> idxPHRASE02F contains 32 words from 366 records
2014-10-10 17:43:59 --> idxPHRASE02F is in consistent state
2014-10-10 17:43:59 --> idxWORD14F contains 702 words from 371 records
2014-10-10 17:43:59 --> idxWORD14F is in consistent state
2014-10-10 17:43:59 --> No new records added. idxWORD14F is up to date
2014-10-10 17:43:59 --> No new records added by author canonical IDs. idxWORD14F is up to date
2014-10-10 17:43:59 --> idxWORD14F contains 702 words from 371 records
2014-10-10 17:43:59 --> idxWORD14F is in consistent state
2014-10-10 17:43:59 --> idxPAIR14F contains 772 words from 371 records
2014-10-10 17:43:59 --> idxPAIR14F is in consistent state
2014-10-10 17:43:59 --> No new records added. idxPAIR14F is up to date
2014-10-10 17:43:59 --> No new records added by author canonical IDs. idxPAIR14F is up to date
2014-10-10 17:43:59 --> idxPAIR14F contains 772 words from 371 records
2014-10-10 17:43:59 --> idxPAIR14F is in consistent state
2014-10-10 17:43:59 --> idxPHRASE14F contains 643 words from 371 records
2014-10-10 17:43:59 --> idxPHRASE14F is in consistent state
2014-10-10 17:43:59 --> No new records added. idxPHRASE14F is up to date
2014-10-10 17:43:59 --> No new records added by author canonical IDs. idxPHRASE14F is up to date
2014-10-10 17:43:59 --> idxPHRASE14F contains 643 words from 371 records
2014-10-10 17:43:59 --> idxPHRASE14F is in consistent state
2014-10-10 17:43:59 --> idxWORD17F contains 162 words from 371 records
2014-10-10 17:43:59 --> idxWORD17F is in consistent state
2014-10-10 17:43:59 --> No new records added. idxWORD17F is up to date
2014-10-10 17:43:59 --> No new records added by author canonical IDs. idxWORD17F is up to date
2014-10-10 17:43:59 --> idxWORD17F contains 162 words from 371 records
2014-10-10 17:43:59 --> idxWORD17F is in consistent state
2014-10-10 17:43:59 --> idxPAIR17F contains 129 words from 371 records
2014-10-10 17:43:59 --> idxPAIR17F is in consistent state
2014-10-10 17:43:59 --> No new records added. idxPAIR17F is up to date
2014-10-10 17:43:59 --> No new records added by author canonical IDs. idxPAIR17F is up to date
2014-10-10 17:43:59 --> idxPAIR17F contains 129 words from 371 records
2014-10-10 17:43:59 --> idxPAIR17F is in consistent state
2014-10-10 17:43:59 --> idxPHRASE17F contains 109 words from 371 records
2014-10-10 17:43:59 --> idxPHRASE17F is in consistent state
2014-10-10 17:43:59 --> No new records added. idxPHRASE17F is up to date
2014-10-10 17:43:59 --> No new records added by author canonical IDs. idxPHRASE17F is up to date
2014-10-10 17:43:59 --> idxPHRASE17F contains 109 words from 371 records
2014-10-10 17:43:59 --> idxPHRASE17F is in consistent state
2014-10-10 17:43:59 --> idxWORD16F contains 162 words from 371 records
2014-10-10 17:43:59 --> idxWORD16F is in consistent state
2014-10-10 17:43:59 --> No new records added. idxWORD16F is up to date
2014-10-10 17:43:59 --> No new records added by author canonical IDs. idxWORD16F is up to date
2014-10-10 17:43:59 --> idxWORD16F contains 162 words from 371 records
2014-10-10 17:43:59 --> idxWORD16F is in consistent state
2014-10-10 17:43:59 --> idxPAIR16F contains 129 words from 371 records
2014-10-10 17:43:59 --> idxPAIR16F is in consistent state
2014-10-10 17:43:59 --> No new records added. idxPAIR16F is up to date
2014-10-10 17:43:59 --> No new records added by author canonical IDs. idxPAIR16F is up to date
2014-10-10 17:43:59 --> idxPAIR16F contains 129 words from 371 records
2014-10-10 17:43:59 --> idxPAIR16F is in consistent state
2014-10-10 17:43:59 --> idxPHRASE16F contains 460 words from 371 records
2014-10-10 17:43:59 --> idxPHRASE16F is in consistent state
2014-10-10 17:43:59 --> No new records added. idxPHRASE16F is up to date
2014-10-10 17:43:59 --> No new records added by author canonical IDs. idxPHRASE16F is up to date
2014-10-10 17:43:59 --> idxPHRASE16F contains 460 words from 371 records
2014-10-10 17:43:59 --> idxPHRASE16F is in consistent state
2014-10-10 17:43:59 --> idxWORD09F has stemming enabled, language en
2014-10-10 17:43:59 --> idxWORD09F contains 32887 words from 322 records
2014-10-10 17:43:59 --> idxWORD09F is in consistent state
2014-10-10 17:43:59 --> No new records added. idxWORD09F is up to date
2014-10-10 17:43:59 --> idxWORD09F contains 32887 words from 322 records
2014-10-10 17:43:59 --> idxWORD09F is in consistent state
2014-10-10 17:43:59 --> idxPAIR09F contains 0 words from 322 records
2014-10-10 17:43:59 --> idxPAIR09F is in consistent state
2014-10-10 17:43:59 --> No new records added. idxPAIR09F is up to date
2014-10-10 17:43:59 --> idxPAIR09F contains 0 words from 322 records
2014-10-10 17:43:59 --> idxPAIR09F is in consistent state
2014-10-10 17:43:59 --> idxPHRASE09F contains 0 words from 322 records
2014-10-10 17:43:59 --> idxPHRASE09F is in consistent state
2014-10-10 17:43:59 --> No new records added. idxPHRASE09F is up to date
2014-10-10 17:43:59 --> idxPHRASE09F contains 0 words from 322 records
2014-10-10 17:43:59 --> idxPHRASE09F is in consistent state
2014-10-10 17:43:59 --> idxWORD01F has stemming enabled, language en
2014-10-10 17:43:59 --> idxWORD01F contains 6780 words from 370 records
2014-10-10 17:43:59 --> idxWORD01F is in consistent state
2014-10-10 17:43:59 --> No new records added. idxWORD01F is up to date
2014-10-10 17:43:59 --> idxWORD01F contains 6780 words from 370 records
2014-10-10 17:43:59 --> idxWORD01F is in consistent state
2014-10-10 17:43:59 --> idxPAIR01F contains 12213 words from 370 records
2014-10-10 17:43:59 --> idxPAIR01F is in consistent state
2014-10-10 17:43:59 --> No new records added. idxPAIR01F is up to date
2014-10-10 17:43:59 --> idxPAIR01F contains 12213 words from 370 records
2014-10-10 17:43:59 --> idxPAIR01F is in consistent state
2014-10-10 17:43:59 --> idxPHRASE01F contains 2765 words from 370 records
2014-10-10 17:43:59 --> idxPHRASE01F is in consistent state
2014-10-10 17:43:59 --> No new records added. idxPHRASE01F is up to date
2014-10-10 17:43:59 --> idxPHRASE01F contains 2765 words from 370 records
2014-10-10 17:43:59 --> idxPHRASE01F is in consistent state
2014-10-10 17:43:59 --> idxWORD11F contains 134 words from 371 records
2014-10-10 17:43:59 --> idxWORD11F is in consistent state
2014-10-10 17:43:59 --> No new records added. idxWORD11F is up to date
2014-10-10 17:43:59 --> idxWORD11F contains 134 words from 371 records
2014-10-10 17:43:59 --> idxWORD11F is in consistent state
2014-10-10 17:43:59 --> idxPAIR11F contains 134 words from 371 records
2014-10-10 17:43:59 --> idxPAIR11F is in consistent state
2014-10-10 17:43:59 --> No new records added. idxPAIR11F is up to date
2014-10-10 17:43:59 --> idxPAIR11F contains 134 words from 371 records
2014-10-10 17:43:59 --> idxPAIR11F is in consistent state
2014-10-10 17:43:59 --> idxPHRASE11F contains 134 words from 371 records
2014-10-10 17:43:59 --> idxPHRASE11F is in consistent state
2014-10-10 17:43:59 --> No new records added. idxPHRASE11F is up to date
2014-10-10 17:43:59 --> idxPHRASE11F contains 134 words from 371 records
2014-10-10 17:43:59 --> idxPHRASE11F is in consistent state
2014-10-10 17:43:59 --> idxWORD05F has stemming enabled, language en
2014-10-10 17:43:59 --> idxWORD05F contains 224 words from 206 records
2014-10-10 17:43:59 --> idxWORD05F is in consistent state
2014-10-10 17:43:59 --> No new records added. idxWORD05F is up to date
2014-10-10 17:43:59 --> idxWORD05F contains 224 words from 206 records
2014-10-10 17:43:59 --> idxWORD05F is in consistent state
2014-10-10 17:43:59 --> idxPAIR05F contains 13 words from 206 records
2014-10-10 17:43:59 --> idxPAIR05F is in consistent state
2014-10-10 17:43:59 --> No new records added. idxPAIR05F is up to date
2014-10-10 17:43:59 --> idxPAIR05F contains 13 words from 206 records
2014-10-10 17:43:59 --> idxPAIR05F is in consistent state
2014-10-10 17:43:59 --> idxPHRASE05F contains 214 words from 206 records
2014-10-10 17:43:59 --> idxPHRASE05F is in consistent state
2014-10-10 17:43:59 --> No new records added. idxPHRASE05F is up to date
2014-10-10 17:43:59 --> idxPHRASE05F contains 214 words from 206 records
2014-10-10 17:43:59 --> idxPHRASE05F is in consistent state
2014-10-10 17:43:59 --> idxWORD06F contains 7262 words from 48 records
2014-10-10 17:43:59 --> idxWORD06F is in consistent state
2014-10-10 17:43:59 --> No new records added. idxWORD06F is up to date
2014-10-10 17:43:59 --> idxWORD06F contains 7262 words from 48 records
2014-10-10 17:43:59 --> idxWORD06F is in consistent state
2014-10-10 17:43:59 --> idxPAIR06F contains 12452 words from 48 records
2014-10-10 17:43:59 --> idxPAIR06F is in consistent state
2014-10-10 17:43:59 --> No new records added. idxPAIR06F is up to date
2014-10-10 17:43:59 --> idxPAIR06F contains 12452 words from 48 records
2014-10-10 17:43:59 --> idxPAIR06F is in consistent state
2014-10-10 17:43:59 --> idxPHRASE06F contains 4927 words from 48 records
2014-10-10 17:43:59 --> idxPHRASE06F is in consistent state
2014-10-10 17:43:59 --> No new records added. idxPHRASE06F is up to date
2014-10-10 17:43:59 --> idxPHRASE06F contains 4927 words from 48 records
2014-10-10 17:43:59 --> idxPHRASE06F is in consistent state
2014-10-10 17:43:59 --> idxWORD07F contains 569 words from 345 records
2014-10-10 17:43:59 --> idxWORD07F is in consistent state
2014-10-10 17:43:59 --> No new records added. idxWORD07F is up to date
2014-10-10 17:43:59 --> idxWORD07F contains 569 words from 345 records
2014-10-10 17:43:59 --> idxWORD07F is in consistent state
2014-10-10 17:43:59 --> idxPAIR07F contains 309 words from 345 records
2014-10-10 17:43:59 --> idxPAIR07F is in consistent state
2014-10-10 17:43:59 --> No new records added. idxPAIR07F is up to date
2014-10-10 17:43:59 --> idxPAIR07F contains 309 words from 345 records
2014-10-10 17:43:59 --> idxPAIR07F is in consistent state
2014-10-10 17:44:00 --> idxPHRASE07F contains 281 words from 345 records
2014-10-10 17:44:00 --> idxPHRASE07F is in consistent state
2014-10-10 17:44:00 --> No new records added. idxPHRASE07F is up to date
2014-10-10 17:44:00 --> idxPHRASE07F contains 281 words from 345 records
2014-10-10 17:44:00 --> idxPHRASE07F is in consistent state
2014-10-10 17:44:00 --> idxWORD08F has stemming enabled, language en
2014-10-10 17:44:00 --> idxWORD08F contains 785 words from 367 records
2014-10-10 17:44:00 --> idxWORD08F is in consistent state
2014-10-10 17:44:00 --> No new records added. idxWORD08F is up to date
2014-10-10 17:44:00 --> idxWORD08F contains 785 words from 367 records
2014-10-10 17:44:00 --> idxWORD08F is in consistent state
2014-10-10 17:44:00 --> idxPAIR08F contains 795 words from 367 records
2014-10-10 17:44:00 --> idxPAIR08F is in consistent state
2014-10-10 17:44:00 --> No new records added. idxPAIR08F is up to date
2014-10-10 17:44:00 --> idxPAIR08F contains 795 words from 367 records
2014-10-10 17:44:00 --> idxPAIR08F is in consistent state
2014-10-10 17:44:00 --> idxPHRASE08F contains 268 words from 367 records
2014-10-10 17:44:00 --> idxPHRASE08F is in consistent state
2014-10-10 17:44:00 --> No new records added. idxPHRASE08F is up to date
2014-10-10 17:44:00 --> idxPHRASE08F contains 268 words from 367 records
2014-10-10 17:44:00 --> idxPHRASE08F is in consistent state
2014-10-10 17:44:00 --> idxWORD10F contains 31 words from 79 records
2014-10-10 17:44:00 --> idxWORD10F is in consistent state
2014-10-10 17:44:00 --> No new records added. idxWORD10F is up to date
2014-10-10 17:44:00 --> idxWORD10F contains 31 words from 79 records
2014-10-10 17:44:00 --> idxWORD10F is in consistent state
2014-10-10 17:44:00 --> idxPAIR10F contains 1 words from 79 records
2014-10-10 17:44:00 --> idxPAIR10F is in consistent state
2014-10-10 17:44:00 --> No new records added. idxPAIR10F is up to date
2014-10-10 17:44:00 --> idxPAIR10F contains 1 words from 79 records
2014-10-10 17:44:00 --> idxPAIR10F is in consistent state
2014-10-10 17:44:00 --> idxPHRASE10F contains 29 words from 79 records
2014-10-10 17:44:00 --> idxPHRASE10F is in consistent state
2014-10-10 17:44:00 --> No new records added. idxPHRASE10F is up to date
2014-10-10 17:44:00 --> idxPHRASE10F contains 29 words from 79 records
2014-10-10 17:44:00 --> idxPHRASE10F is in consistent state
2014-10-10 17:44:00 --> Task #1124 finished and resubmitted.
2014-10-11 10:00:09 --> Task #1124 started.
2014-10-11 10:00:09 --> last stored run date is 2014-08-26 16:23:15
2014-10-11 10:00:09 --> Processing format HB
2014-10-11 10:00:09 --> Querying database for records without cache...
2014-10-11 10:00:09 --> Records to be processed: 0
2014-10-11 10:00:09 --> Out of it records without existing cache: 0
2014-10-11 10:00:09 --> storing run date to 2014-10-11 10:00:09.885727
2014-10-11 10:00:09 --> total records processed: 0
2014-10-11 10:00:09 --> total processing time: 0.010000 sec
2014-10-11 10:00:09 --> Time spent on external call (os.system):
2014-10-11 10:00:09 -->  bibformat: 0.000000 sec
2014-10-11 10:00:09 -->  bibupload: 0.000000 sec
2014-10-11 10:00:09 --> Task #1124 finished and resubmitted.
2014-10-11 10:05:10 --> Task #1124 started.
2014-10-11 10:05:10 --> last stored run date is 2014-10-11 10:00:09
2014-10-11 10:05:10 --> Processing format HB
2014-10-11 10:05:10 --> Querying database for records without cache...
2014-10-11 10:05:10 --> Records to be processed: 0
2014-10-11 10:05:10 --> Out of it records without existing cache: 0
2014-10-11 10:05:10 --> storing run date to 2014-10-11 10:05:10.449617
2014-10-11 10:05:10 --> total records processed: 0
2014-10-11 10:05:10 --> total processing time: 0.000000 sec
2014-10-11 10:05:10 --> Time spent on external call (os.system):
2014-10-11 10:05:10 -->  bibformat: 0.000000 sec
2014-10-11 10:05:10 -->  bibupload: 0.000000 sec
2014-10-11 10:05:10 --> Task #1124 finished and resubmitted.
2014-10-11 10:10:11 --> Task #1124 started.
2014-10-11 10:10:11 --> last stored run date is 2014-10-11 10:05:10
2014-10-11 10:10:11 --> Processing format HB
2014-10-11 10:10:11 --> Querying database for records without cache...
2014-10-11 10:10:11 --> Records to be processed: 0
2014-10-11 10:10:11 --> Out of it records without existing cache: 0
2014-10-11 10:10:11 --> storing run date to 2014-10-11 10:10:11.057798
2014-10-11 10:10:11 --> total records processed: 0
2014-10-11 10:10:11 --> total processing time: 0.000000 sec
2014-10-11 10:10:11 --> Time spent on external call (os.system):
2014-10-11 10:10:11 -->  bibformat: 0.000000 sec
2014-10-11 10:10:11 -->  bibupload: 0.000000 sec
2014-10-11 10:10:11 --> Task #1124 finished and resubmitted.
2014-10-11 15:36:01 --> Task #1124 started.
2014-10-11 15:36:01 --> Input file '/opt/invenio/var/tmp-shared/bibdocfile_2014-10-11_15:25:29ePp4ZH.xml', input mode 'correct'.
2014-10-11 15:36:01 --> Record 372 DONE
2014-10-11 15:36:01 --> Task stats: 1 input records, 1 updated, 0 inserted, 0 errors, 0 inserted to holding pen.  Time 0.98 sec.
2014-10-11 15:36:01 --> Task #1124 finished. [DONE]
2014-10-28 13:12:01 --> Task #1124 started.
2014-10-28 13:12:01 --> Starting tasklet "bst_send_email" (with arguments {'fromaddr': "IHEP's Document Server Submission Engine <info@invenio-software.org>", 'attempt_sleeptime': '10', 'content': "The document IHEP-PICTURE-EXP-2014-025\nTitle: \xe6\xb5\x8b\xe8\xaf\x952\nAuthor(s): -\n\nhas been correctly received\n\nIt will be soon added to our Document Server.\n\nOnce inserted, you will be able to check the  bibliographic information and the quality of the electronic documents at this URL:\n<http://192.168.16.26/record/373>\nIf you detect an error please let us know by sending an email to info@invenio-software.org. \n\nNote that your submission as been inserted into the bibliographic task queue and is waiting for execution.\nBecause of a human intervention or a temporary problem, the task queue is currently set to the manual mode. Your submission is well registered but may take longer than usual before it is fully integrated and searchable.\nThank you for using IHEP's Document Server Submission Interface.\n", 'toaddr': 'wangli320@ihep.ac.cn', 'replytoaddr': '', 'copy_to_admin': '0', 'attempt_times': '1', 'subject': 'IHEP-PICTURE-EXP-2014-025: Document Received'})
2014-10-28 13:12:01 --> Finished tasklet "bst_send_email" (with arguments {'fromaddr': "IHEP's Document Server Submission Engine <info@invenio-software.org>", 'attempt_sleeptime': '10', 'content': "The document IHEP-PICTURE-EXP-2014-025\nTitle: \xe6\xb5\x8b\xe8\xaf\x952\nAuthor(s): -\n\nhas been correctly received\n\nIt will be soon added to our Document Server.\n\nOnce inserted, you will be able to check the  bibliographic information and the quality of the electronic documents at this URL:\n<http://192.168.16.26/record/373>\nIf you detect an error please let us know by sending an email to info@invenio-software.org. \n\nNote that your submission as been inserted into the bibliographic task queue and is waiting for execution.\nBecause of a human intervention or a temporary problem, the task queue is currently set to the manual mode. Your submission is well registered but may take longer than usual before it is fully integrated and searchable.\nThank you for using IHEP's Document Server Submission Interface.\n", 'toaddr': 'wangli320@ihep.ac.cn', 'replytoaddr': '', 'copy_to_admin': '0', 'attempt_times': '1', 'subject': 'IHEP-PICTURE-EXP-2014-025: Document Received'})
2014-10-28 13:12:01 --> Task #1124 finished. [DONE]
