2014-10-16 10:56:03 --> Task #1163 started.
2014-10-16 10:56:03 --> bibsort starting..
2014-10-16 10:56:03 --> Updating sorting data.
2014-10-16 10:56:03 --> The method most cited has not been updated since the last run of bibsort.
2014-10-16 10:56:03 --> bibsort exiting..
2014-10-16 10:56:03 --> Task #1163 finished and resubmitted.
2014-10-20 13:52:34 --> Task #1163 started.
2014-10-20 13:52:34 --> bibsort starting..
2014-10-20 13:52:34 --> Updating sorting data.
2014-10-20 13:52:34 --> The method most cited has not been updated since the last run of bibsort.
2014-10-20 13:52:34 --> bibsort exiting..
2014-10-20 13:52:34 --> Task #1163 finished and resubmitted.
2014-10-20 13:57:36 --> Task #1163 started.
2014-10-20 13:57:36 --> bibsort starting..
2014-10-20 13:57:36 --> Updating sorting data.
2014-10-20 13:57:36 --> The method most cited has not been updated since the last run of bibsort.
2014-10-20 13:57:36 --> bibsort exiting..
2014-10-20 13:57:36 --> Task #1163 finished and resubmitted.
2014-10-20 14:02:37 --> Task #1163 started.
2014-10-20 14:02:37 --> bibsort starting..
2014-10-20 14:02:37 --> Updating sorting data.
2014-10-20 14:02:37 --> The method most cited has not been updated since the last run of bibsort.
2014-10-20 14:02:37 --> bibsort exiting..
2014-10-20 14:02:37 --> Task #1163 finished and resubmitted.
2014-10-20 14:07:38 --> Task #1163 started.
2014-10-20 14:07:38 --> bibsort starting..
2014-10-20 14:07:38 --> Updating sorting data.
2014-10-20 14:07:38 --> Running rebalancing for methods: ['most cited']
2014-10-20 14:07:38 --> Rebalancing will run only for RNK methods
2014-10-20 14:07:38 --> Starting sorting the data for MOST CITED method ... 
2014-10-20 14:07:38 --> Done.
2014-10-20 14:07:38 --> bibsort exiting..
2014-10-20 14:07:38 --> Task #1163 finished and resubmitted.
2014-10-20 14:12:38 --> Task #1163 started.
2014-10-20 14:12:38 --> bibsort starting..
2014-10-20 14:12:38 --> Updating sorting data.
2014-10-20 14:12:38 --> The method most cited has not been updated since the last run of bibsort.
2014-10-20 14:12:38 --> bibsort exiting..
2014-10-20 14:12:38 --> Task #1163 finished and resubmitted.
2014-10-20 14:17:39 --> Task #1163 started.
2014-10-20 14:17:39 --> bibsort starting..
2014-10-20 14:17:39 --> Updating sorting data.
2014-10-20 14:17:39 --> The method most cited has not been updated since the last run of bibsort.
2014-10-20 14:17:39 --> bibsort exiting..
2014-10-20 14:17:39 --> Task #1163 finished and resubmitted.
2014-10-20 14:22:39 --> Task #1163 started.
2014-10-20 14:22:39 --> bibsort starting..
2014-10-20 14:22:39 --> Updating sorting data.
2014-10-20 14:22:39 --> The method most cited has not been updated since the last run of bibsort.
2014-10-20 14:22:39 --> bibsort exiting..
2014-10-20 14:22:39 --> Task #1163 finished and resubmitted.
2014-10-20 14:27:39 --> Task #1163 started.
2014-10-20 14:27:39 --> bibsort starting..
2014-10-20 14:27:39 --> Updating sorting data.
2014-10-20 14:27:39 --> The method most cited has not been updated since the last run of bibsort.
2014-10-20 14:27:39 --> bibsort exiting..
2014-10-20 14:27:39 --> Task #1163 finished and resubmitted.
2014-10-20 14:32:40 --> Task #1163 started.
2014-10-20 14:32:40 --> bibsort starting..
2014-10-20 14:32:40 --> Updating sorting data.
2014-10-20 14:32:40 --> The method most cited has not been updated since the last run of bibsort.
2014-10-20 14:32:40 --> bibsort exiting..
2014-10-20 14:32:40 --> Task #1163 finished and resubmitted.
2014-10-20 14:37:41 --> Task #1163 started.
2014-10-20 14:37:41 --> bibsort starting..
2014-10-20 14:37:41 --> Updating sorting data.
2014-10-20 14:37:41 --> The method most cited has not been updated since the last run of bibsort.
2014-10-20 14:37:41 --> bibsort exiting..
2014-10-20 14:37:41 --> Task #1163 finished and resubmitted.
2014-10-20 14:42:41 --> Task #1163 started.
2014-10-20 14:42:41 --> bibsort starting..
2014-10-20 14:42:41 --> Updating sorting data.
2014-10-20 14:42:41 --> The method most cited has not been updated since the last run of bibsort.
2014-10-20 14:42:41 --> bibsort exiting..
2014-10-20 14:42:41 --> Task #1163 finished and resubmitted.
2014-10-20 14:48:02 --> Task #1163 started.
2014-10-20 14:48:02 --> bibsort starting..
2014-10-20 14:48:02 --> Updating sorting data.
2014-10-20 14:48:02 --> The method most cited has not been updated since the last run of bibsort.
2014-10-20 14:48:02 --> bibsort exiting..
2014-10-20 14:48:02 --> Task #1163 finished and resubmitted.
2014-10-23 10:00:40 --> Task #1163 started.
2014-10-23 10:00:40 --> bibsort starting..
2014-10-23 10:00:40 --> Updating sorting data.
2014-10-23 10:00:40 --> The method most cited has not been updated since the last run of bibsort.
2014-10-23 10:00:40 --> bibsort exiting..
2014-10-23 10:00:40 --> Task #1163 finished and resubmitted.
2014-10-23 10:05:41 --> Task #1163 started.
2014-10-23 10:05:41 --> bibsort starting..
2014-10-23 10:05:41 --> Updating sorting data.
2014-10-23 10:05:41 --> The method most cited has not been updated since the last run of bibsort.
2014-10-23 10:05:41 --> bibsort exiting..
2014-10-23 10:05:41 --> Task #1163 finished and resubmitted.
2014-10-23 10:10:41 --> Task #1163 started.
2014-10-23 10:10:41 --> bibsort starting..
2014-10-23 10:10:41 --> Updating sorting data.
2014-10-23 10:10:41 --> The method most cited has not been updated since the last run of bibsort.
2014-10-23 10:10:41 --> bibsort exiting..
2014-10-23 10:10:41 --> Task #1163 finished and resubmitted.
2014-10-23 10:15:42 --> Task #1163 started.
2014-10-23 10:15:42 --> bibsort starting..
2014-10-23 10:15:42 --> Updating sorting data.
2014-10-23 10:15:42 --> The method most cited has not been updated since the last run of bibsort.
2014-10-23 10:15:42 --> bibsort exiting..
2014-10-23 10:15:42 --> Task #1163 finished and resubmitted.
2014-10-23 10:20:42 --> Task #1163 started.
2014-10-23 10:20:42 --> bibsort starting..
2014-10-23 10:20:42 --> Updating sorting data.
2014-10-23 10:20:42 --> The method most cited has not been updated since the last run of bibsort.
2014-10-23 10:20:42 --> bibsort exiting..
2014-10-23 10:20:42 --> Task #1163 finished and resubmitted.
2014-10-23 10:25:43 --> Task #1163 started.
2014-10-23 10:25:43 --> bibsort starting..
2014-10-23 10:25:43 --> Updating sorting data.
2014-10-23 10:25:43 --> The method most cited has not been updated since the last run of bibsort.
2014-10-23 10:25:43 --> bibsort exiting..
2014-10-23 10:25:43 --> Task #1163 finished and resubmitted.
2014-10-23 10:30:43 --> Task #1163 started.
2014-10-23 10:30:43 --> bibsort starting..
2014-10-23 10:30:43 --> Updating sorting data.
2014-10-23 10:30:43 --> The method most cited has not been updated since the last run of bibsort.
2014-10-23 10:30:43 --> bibsort exiting..
2014-10-23 10:30:43 --> Task #1163 finished and resubmitted.
2014-10-23 10:35:44 --> Task #1163 started.
2014-10-23 10:35:44 --> bibsort starting..
2014-10-23 10:35:44 --> Updating sorting data.
2014-10-23 10:35:44 --> The method most cited has not been updated since the last run of bibsort.
2014-10-23 10:35:44 --> bibsort exiting..
2014-10-23 10:35:44 --> Task #1163 finished and resubmitted.
2014-10-23 10:40:44 --> Task #1163 started.
2014-10-23 10:40:44 --> bibsort starting..
2014-10-23 10:40:44 --> Updating sorting data.
2014-10-23 10:40:44 --> The method most cited has not been updated since the last run of bibsort.
2014-10-23 10:40:44 --> bibsort exiting..
2014-10-23 10:40:44 --> Task #1163 finished and resubmitted.
2014-10-23 10:46:10 --> Task #1163 started.
2014-10-23 10:46:10 --> bibsort starting..
2014-10-23 10:46:10 --> Updating sorting data.
2014-10-23 10:46:10 --> The method most cited has not been updated since the last run of bibsort.
2014-10-23 10:46:10 --> bibsort exiting..
2014-10-23 10:46:10 --> Task #1163 finished and resubmitted.
2014-10-23 10:51:51 --> Task #1163 started.
2014-10-23 10:51:51 --> bibsort starting..
2014-10-23 10:51:51 --> Updating sorting data.
2014-10-23 10:51:51 --> The method most cited has not been updated since the last run of bibsort.
2014-10-23 10:51:51 --> bibsort exiting..
2014-10-23 10:51:51 --> Task #1163 finished and resubmitted.
2014-10-23 10:57:21 --> Task #1163 started.
2014-10-23 10:57:21 --> bibsort starting..
2014-10-23 10:57:21 --> Updating sorting data.
2014-10-23 10:57:21 --> The method most cited has not been updated since the last run of bibsort.
2014-10-23 10:57:21 --> bibsort exiting..
2014-10-23 10:57:21 --> Task #1163 finished and resubmitted.
2014-10-23 11:03:02 --> Task #1163 started.
2014-10-23 11:03:02 --> bibsort starting..
2014-10-23 11:03:02 --> Updating sorting data.
2014-10-23 11:03:02 --> The method most cited has not been updated since the last run of bibsort.
2014-10-23 11:03:02 --> bibsort exiting..
2014-10-23 11:03:02 --> Task #1163 finished and resubmitted.
2014-10-23 11:08:38 --> Task #1163 started.
2014-10-23 11:08:38 --> bibsort starting..
2014-10-23 11:08:38 --> Updating sorting data.
2014-10-23 11:08:38 --> The method most cited has not been updated since the last run of bibsort.
2014-10-23 11:08:38 --> bibsort exiting..
2014-10-23 11:08:38 --> Task #1163 finished and resubmitted.
2014-10-23 11:14:14 --> Task #1163 started.
2014-10-23 11:14:14 --> bibsort starting..
2014-10-23 11:14:14 --> Updating sorting data.
2014-10-23 11:14:14 --> The method most cited has not been updated since the last run of bibsort.
2014-10-23 11:14:14 --> bibsort exiting..
2014-10-23 11:14:14 --> Task #1163 finished and resubmitted.
2014-10-23 11:19:49 --> Task #1163 started.
2014-10-23 11:19:49 --> bibsort starting..
2014-10-23 11:19:49 --> Updating sorting data.
2014-10-23 11:19:49 --> The method most cited has not been updated since the last run of bibsort.
2014-10-23 11:19:49 --> bibsort exiting..
2014-10-23 11:19:49 --> Task #1163 finished and resubmitted.
2014-10-23 11:25:20 --> Task #1163 started.
2014-10-23 11:25:20 --> bibsort starting..
2014-10-23 11:25:20 --> Updating sorting data.
2014-10-23 11:25:20 --> The method most cited has not been updated since the last run of bibsort.
2014-10-23 11:25:20 --> bibsort exiting..
2014-10-23 11:25:20 --> Task #1163 finished and resubmitted.
2014-10-23 11:30:56 --> Task #1163 started.
2014-10-23 11:30:56 --> bibsort starting..
2014-10-23 11:30:56 --> Updating sorting data.
2014-10-23 11:30:56 --> The method most cited has not been updated since the last run of bibsort.
2014-10-23 11:30:56 --> bibsort exiting..
2014-10-23 11:30:56 --> Task #1163 finished and resubmitted.
2014-10-23 11:35:26 --> Task #1163 started.
2014-10-23 11:35:26 --> bibsort starting..
2014-10-23 11:35:26 --> Updating sorting data.
2014-10-23 11:35:26 --> The method most cited has not been updated since the last run of bibsort.
2014-10-23 11:35:26 --> bibsort exiting..
2014-10-23 11:35:26 --> Task #1163 finished and resubmitted.
2014-10-23 11:36:58 --> Task #1163 started.
2014-10-23 11:36:58 --> bibsort starting..
2014-10-23 11:36:58 --> Updating sorting data.
2014-10-23 11:36:58 --> The method most cited has not been updated since the last run of bibsort.
2014-10-23 11:36:58 --> bibsort exiting..
2014-10-23 11:36:58 --> Task #1163 finished and resubmitted.
2014-10-23 11:37:00 --> Task #1163 started.
2014-10-23 11:37:00 --> bibsort starting..
2014-10-23 11:37:00 --> Updating sorting data.
2014-10-23 11:37:00 --> The method most cited has not been updated since the last run of bibsort.
2014-10-23 11:37:00 --> bibsort exiting..
2014-10-23 11:37:00 --> Task #1163 finished and resubmitted.
2014-10-23 11:38:01 --> Task #1163 started.
2014-10-23 11:38:01 --> bibsort starting..
2014-10-23 11:38:01 --> Updating sorting data.
2014-10-23 11:38:01 --> The method most cited has not been updated since the last run of bibsort.
2014-10-23 11:38:01 --> bibsort exiting..
2014-10-23 11:38:01 --> Task #1163 finished and resubmitted.
2014-10-23 11:38:02 --> Task #1163 started.
2014-10-23 11:38:02 --> bibsort starting..
2014-10-23 11:38:02 --> Updating sorting data.
2014-10-23 11:38:02 --> The method most cited has not been updated since the last run of bibsort.
2014-10-23 11:38:02 --> bibsort exiting..
2014-10-23 11:38:02 --> Task #1163 finished and resubmitted.
2014-10-23 14:05:59 --> Task #1163 started.
2014-10-23 14:05:59 --> bibsort starting..
2014-10-23 14:05:59 --> Updating sorting data.
2014-10-23 14:05:59 --> The method most cited has not been updated since the last run of bibsort.
2014-10-23 14:05:59 --> bibsort exiting..
2014-10-23 14:05:59 --> Task #1163 finished and resubmitted.
2014-10-23 14:06:00 --> Task #1163 started.
2014-10-23 14:06:00 --> bibsort starting..
2014-10-23 14:06:00 --> Updating sorting data.
2014-10-23 14:06:00 --> The method most cited has not been updated since the last run of bibsort.
2014-10-23 14:06:00 --> bibsort exiting..
2014-10-23 14:06:00 --> Task #1163 finished and resubmitted.
2014-10-23 14:34:11 --> Task #1163 started.
2014-10-23 14:34:11 --> bibsort starting..
2014-10-23 14:34:11 --> Updating sorting data.
2014-10-23 14:34:11 --> The method most cited has not been updated since the last run of bibsort.
2014-10-23 14:34:11 --> bibsort exiting..
2014-10-23 14:34:11 --> Task #1163 finished and resubmitted.
2014-10-23 14:57:08 --> Task #1163 started.
2014-10-23 14:57:08 --> bibsort starting..
2014-10-23 14:57:08 --> Updating sorting data.
2014-10-23 14:57:08 --> The method most cited has not been updated since the last run of bibsort.
2014-10-23 14:57:08 --> bibsort exiting..
2014-10-23 14:57:08 --> Task #1163 finished and resubmitted.
2014-10-23 14:59:24 --> Task #1163 started.
2014-10-23 14:59:24 --> bibsort starting..
2014-10-23 14:59:24 --> Updating sorting data.
2014-10-23 14:59:24 --> The method most cited has not been updated since the last run of bibsort.
2014-10-23 14:59:24 --> bibsort exiting..
2014-10-23 14:59:24 --> Task #1163 finished and resubmitted.
2014-10-23 14:59:28 --> Task #1163 started.
2014-10-23 14:59:28 --> bibsort starting..
2014-10-23 14:59:28 --> Updating sorting data.
2014-10-23 14:59:28 --> The method most cited has not been updated since the last run of bibsort.
2014-10-23 14:59:28 --> bibsort exiting..
2014-10-23 14:59:28 --> Task #1163 finished and resubmitted.
2014-10-23 14:59:30 --> Task #1163 started.
2014-10-23 14:59:30 --> bibsort starting..
2014-10-23 14:59:30 --> Updating sorting data.
2014-10-23 14:59:30 --> The method most cited has not been updated since the last run of bibsort.
2014-10-23 14:59:30 --> bibsort exiting..
2014-10-23 14:59:30 --> Task #1163 finished and resubmitted.
2014-10-27 16:02:11 --> Task #1163 started.
2014-10-27 16:02:11 --> bibsort starting..
2014-10-27 16:02:11 --> Updating sorting data.
2014-10-27 16:02:11 --> The method most cited has not been updated since the last run of bibsort.
2014-10-27 16:02:11 --> bibsort exiting..
2014-10-27 16:02:11 --> Task #1163 finished and resubmitted.
2014-10-27 16:06:31 --> Task #1163 started.
2014-10-27 16:06:31 --> bibsort starting..
2014-10-27 16:06:31 --> Updating sorting data.
2014-10-27 16:06:31 --> The method most cited has not been updated since the last run of bibsort.
2014-10-27 16:06:31 --> bibsort exiting..
2014-10-27 16:06:31 --> Task #1163 finished and resubmitted.
2014-10-27 16:12:12 --> Task #1163 started.
2014-10-27 16:12:12 --> bibsort starting..
2014-10-27 16:12:12 --> Updating sorting data.
2014-10-27 16:12:12 --> The method most cited has not been updated since the last run of bibsort.
2014-10-27 16:12:12 --> bibsort exiting..
2014-10-27 16:12:12 --> Task #1163 finished and resubmitted.
2014-10-27 16:15:35 --> Task #1163 started.
2014-10-27 16:15:35 --> bibsort starting..
2014-10-27 16:15:35 --> Updating sorting data.
2014-10-27 16:15:35 --> The method most cited has not been updated since the last run of bibsort.
2014-10-27 16:15:35 --> bibsort exiting..
2014-10-27 16:15:35 --> Task #1163 finished and resubmitted.
2014-10-27 16:45:12 --> Task #1163 started.
2014-10-27 16:45:12 --> bibsort starting..
2014-10-27 16:45:12 --> Updating sorting data.
2014-10-27 16:45:12 --> Running rebalancing for methods: ['most cited']
2014-10-27 16:45:12 --> Rebalancing will run only for RNK methods
2014-10-27 16:45:12 --> Starting sorting the data for MOST CITED method ... 
2014-10-27 16:45:12 --> Done.
2014-10-27 16:45:12 --> bibsort exiting..
2014-10-27 16:45:12 --> Task #1163 finished and resubmitted.
2014-10-27 16:45:13 --> Task #1163 started.
2014-10-27 16:45:13 --> bibsort starting..
2014-10-27 16:45:13 --> Updating sorting data.
2014-10-27 16:45:13 --> The method most cited has not been updated since the last run of bibsort.
2014-10-27 16:45:13 --> bibsort exiting..
2014-10-27 16:45:13 --> Task #1163 finished and resubmitted.
2014-10-27 16:45:22 --> Task #1163 started.
2014-10-27 16:45:22 --> bibsort starting..
2014-10-27 16:45:22 --> Updating sorting data.
2014-10-27 16:45:22 --> The method most cited has not been updated since the last run of bibsort.
2014-10-27 16:45:22 --> bibsort exiting..
2014-10-27 16:45:22 --> Task #1163 finished and resubmitted.
2014-10-27 16:46:29 --> Task #1163 started.
2014-10-27 16:46:29 --> bibsort starting..
2014-10-27 16:46:29 --> Updating sorting data.
2014-10-27 16:46:29 --> The method most cited has not been updated since the last run of bibsort.
2014-10-27 16:46:29 --> bibsort exiting..
2014-10-27 16:46:29 --> Task #1163 finished and resubmitted.
2014-10-27 16:46:30 --> Task #1163 started.
2014-10-27 16:46:30 --> bibsort starting..
2014-10-27 16:46:30 --> Updating sorting data.
2014-10-27 16:46:30 --> The method most cited has not been updated since the last run of bibsort.
2014-10-27 16:46:30 --> bibsort exiting..
2014-10-27 16:46:30 --> Task #1163 finished and resubmitted.
2014-10-27 16:51:13 --> Task #1163 started.
2014-10-27 16:51:13 --> bibsort starting..
2014-10-27 16:51:13 --> Updating sorting data.
2014-10-27 16:51:13 --> The method most cited has not been updated since the last run of bibsort.
2014-10-27 16:51:13 --> bibsort exiting..
2014-10-27 16:51:13 --> Task #1163 finished and resubmitted.
2014-10-27 16:51:15 --> Task #1163 started.
2014-10-27 16:51:15 --> bibsort starting..
2014-10-27 16:51:15 --> Updating sorting data.
2014-10-27 16:51:15 --> The method most cited has not been updated since the last run of bibsort.
2014-10-27 16:51:15 --> bibsort exiting..
2014-10-27 16:51:15 --> Task #1163 finished and resubmitted.
2014-10-27 16:55:45 --> Task #1163 started.
2014-10-27 16:55:45 --> bibsort starting..
2014-10-27 16:55:45 --> Updating sorting data.
2014-10-27 16:55:45 --> The method most cited has not been updated since the last run of bibsort.
2014-10-27 16:55:45 --> bibsort exiting..
2014-10-27 16:55:45 --> Task #1163 finished and resubmitted.
2014-10-27 17:07:43 --> Task #1163 started.
2014-10-27 17:07:43 --> bibsort starting..
2014-10-27 17:07:43 --> Updating sorting data.
2014-10-27 17:07:43 --> The method most cited has not been updated since the last run of bibsort.
2014-10-27 17:07:43 --> bibsort exiting..
2014-10-27 17:07:43 --> Task #1163 finished and resubmitted.
2014-10-28 09:15:37 --> Task #1163 started.
2014-10-28 09:15:37 --> bibsort starting..
2014-10-28 09:15:37 --> Updating sorting data.
2014-10-28 09:15:37 --> Running rebalancing for methods: ['most cited']
2014-10-28 09:15:37 --> Rebalancing will run only for RNK methods
2014-10-28 09:15:37 --> Starting sorting the data for MOST CITED method ... 
2014-10-28 09:15:37 --> Done.
2014-10-28 09:15:37 --> bibsort exiting..
2014-10-28 09:15:37 --> Task #1163 finished and resubmitted.
2014-10-28 09:15:43 --> Task #1163 started.
2014-10-28 09:15:43 --> bibsort starting..
2014-10-28 09:15:43 --> Updating sorting data.
2014-10-28 09:15:43 --> The method most cited has not been updated since the last run of bibsort.
2014-10-28 09:15:43 --> bibsort exiting..
2014-10-28 09:15:43 --> Task #1163 finished and resubmitted.
2014-10-28 09:15:47 --> Task #1163 started.
2014-10-28 09:15:47 --> bibsort starting..
2014-10-28 09:15:47 --> Updating sorting data.
2014-10-28 09:15:47 --> The method most cited has not been updated since the last run of bibsort.
2014-10-28 09:15:47 --> bibsort exiting..
2014-10-28 09:15:47 --> Task #1163 finished and resubmitted.
2014-10-28 09:18:55 --> Task #1163 started.
2014-10-28 09:18:55 --> bibsort starting..
2014-10-28 09:18:55 --> Updating sorting data.
2014-10-28 09:18:55 --> The method most cited has not been updated since the last run of bibsort.
2014-10-28 09:18:55 --> bibsort exiting..
2014-10-28 09:18:55 --> Task #1163 finished and resubmitted.
2014-10-28 09:18:57 --> Task #1163 started.
2014-10-28 09:18:57 --> bibsort starting..
2014-10-28 09:18:57 --> Updating sorting data.
2014-10-28 09:18:57 --> The method most cited has not been updated since the last run of bibsort.
2014-10-28 09:18:57 --> bibsort exiting..
2014-10-28 09:18:57 --> Task #1163 finished and resubmitted.
2014-10-28 09:18:57 --> Task #1163 started.
2014-10-28 09:18:57 --> bibsort starting..
2014-10-28 09:18:57 --> Updating sorting data.
2014-10-28 09:18:57 --> The method most cited has not been updated since the last run of bibsort.
2014-10-28 09:18:57 --> bibsort exiting..
2014-10-28 09:18:57 --> Task #1163 finished and resubmitted.
2014-10-28 09:19:05 --> Task #1163 started.
2014-10-28 09:19:05 --> bibsort starting..
2014-10-28 09:19:05 --> Updating sorting data.
2014-10-28 09:19:05 --> Running rebalancing for methods: ['most cited']
2014-10-28 09:19:05 --> Rebalancing will run only for RNK methods
2014-10-28 09:19:05 --> Starting sorting the data for MOST CITED method ... 
2014-10-28 09:19:05 --> Done.
2014-10-28 09:19:05 --> bibsort exiting..
2014-10-28 09:19:05 --> Task #1163 finished and resubmitted.
2014-10-28 10:33:22 --> Task #1163 started.
2014-10-28 10:33:22 --> bibsort starting..
2014-10-28 10:33:22 --> Updating sorting data.
2014-10-28 10:33:22 --> Running rebalancing for methods: ['most cited']
2014-10-28 10:33:22 --> Rebalancing will run only for RNK methods
2014-10-28 10:33:22 --> Starting sorting the data for MOST CITED method ... 
2014-10-28 10:33:22 --> Done.
2014-10-28 10:33:22 --> bibsort exiting..
2014-10-28 10:33:22 --> Task #1163 finished and resubmitted.
2014-10-28 10:34:16 --> Task #1163 started.
2014-10-28 10:34:16 --> bibsort starting..
2014-10-28 10:34:16 --> Updating sorting data.
2014-10-28 10:34:16 --> The method most cited has not been updated since the last run of bibsort.
2014-10-28 10:34:16 --> bibsort exiting..
2014-10-28 10:34:16 --> Task #1163 finished and resubmitted.
2014-10-28 10:35:04 --> Task #1163 started.
2014-10-28 10:35:04 --> bibsort starting..
2014-10-28 10:35:04 --> Updating sorting data.
2014-10-28 10:35:04 --> The method most cited has not been updated since the last run of bibsort.
2014-10-28 10:35:04 --> bibsort exiting..
2014-10-28 10:35:04 --> Task #1163 finished and resubmitted.
2014-10-28 10:38:12 --> Task #1163 started.
2014-10-28 10:38:12 --> bibsort starting..
2014-10-28 10:38:12 --> Updating sorting data.
2014-10-28 10:38:12 --> The method most cited has not been updated since the last run of bibsort.
2014-10-28 10:38:12 --> bibsort exiting..
2014-10-28 10:38:12 --> Task #1163 finished and resubmitted.
2014-10-28 10:40:46 --> Task #1163 started.
2014-10-28 10:40:46 --> bibsort starting..
2014-10-28 10:40:46 --> Updating sorting data.
2014-10-28 10:40:46 --> The method most cited has not been updated since the last run of bibsort.
2014-10-28 10:40:46 --> bibsort exiting..
2014-10-28 10:40:46 --> Task #1163 finished and resubmitted.
2014-10-28 10:43:58 --> Task #1163 started.
2014-10-28 10:43:58 --> bibsort starting..
2014-10-28 10:43:58 --> Updating sorting data.
2014-10-28 10:43:58 --> The method most cited has not been updated since the last run of bibsort.
2014-10-28 10:43:58 --> bibsort exiting..
2014-10-28 10:43:58 --> Task #1163 finished and resubmitted.
2014-10-28 10:46:16 --> Task #1163 started.
2014-10-28 10:46:16 --> bibsort starting..
2014-10-28 10:46:16 --> Updating sorting data.
2014-10-28 10:46:16 --> The method most cited has not been updated since the last run of bibsort.
2014-10-28 10:46:16 --> bibsort exiting..
2014-10-28 10:46:16 --> Task #1163 finished and resubmitted.
2014-10-28 10:46:17 --> Task #1163 started.
2014-10-28 10:46:17 --> bibsort starting..
2014-10-28 10:46:17 --> Updating sorting data.
2014-10-28 10:46:17 --> Running rebalancing for methods: ['most cited']
2014-10-28 10:46:17 --> Rebalancing will run only for RNK methods
2014-10-28 10:46:17 --> Starting sorting the data for MOST CITED method ... 
2014-10-28 10:46:17 --> Done.
2014-10-28 10:46:17 --> bibsort exiting..
2014-10-28 10:46:17 --> Task #1163 finished and resubmitted.
2014-10-28 10:47:50 --> Task #1163 started.
2014-10-28 10:47:50 --> bibsort starting..
2014-10-28 10:47:50 --> Updating sorting data.
2014-10-28 10:47:50 --> Running rebalancing for methods: ['most cited']
2014-10-28 10:47:50 --> Rebalancing will run only for RNK methods
2014-10-28 10:47:50 --> Starting sorting the data for MOST CITED method ... 
2014-10-28 10:47:50 --> Done.
2014-10-28 10:47:50 --> bibsort exiting..
2014-10-28 10:47:50 --> Task #1163 finished and resubmitted.
2014-10-28 10:50:11 --> Task #1163 started.
2014-10-28 10:50:11 --> bibsort starting..
2014-10-28 10:50:11 --> Updating sorting data.
2014-10-28 10:50:11 --> The method most cited has not been updated since the last run of bibsort.
2014-10-28 10:50:11 --> bibsort exiting..
2014-10-28 10:50:11 --> Task #1163 finished and resubmitted.
2014-10-28 10:58:41 --> Task #1163 started.
2014-10-28 10:58:41 --> bibsort starting..
2014-10-28 10:58:41 --> Updating sorting data.
2014-10-28 10:58:41 --> Running rebalancing for methods: ['most cited']
2014-10-28 10:58:41 --> Rebalancing will run only for RNK methods
2014-10-28 10:58:41 --> Starting sorting the data for MOST CITED method ... 
2014-10-28 10:58:41 --> Done.
2014-10-28 10:58:41 --> bibsort exiting..
2014-10-28 10:58:41 --> Task #1163 finished and resubmitted.
2014-10-28 10:58:43 --> Task #1163 started.
2014-10-28 10:58:43 --> bibsort starting..
2014-10-28 10:58:43 --> Updating sorting data.
2014-10-28 10:58:43 --> The method most cited has not been updated since the last run of bibsort.
2014-10-28 10:58:43 --> bibsort exiting..
2014-10-28 10:58:43 --> Task #1163 finished and resubmitted.
2014-10-28 10:58:44 --> Task #1163 started.
2014-10-28 10:58:44 --> bibsort starting..
2014-10-28 10:58:44 --> Updating sorting data.
2014-10-28 10:58:44 --> The method most cited has not been updated since the last run of bibsort.
2014-10-28 10:58:44 --> bibsort exiting..
2014-10-28 10:58:44 --> Task #1163 finished and resubmitted.
2014-10-28 11:10:47 --> Task #1163 started.
2014-10-28 11:10:47 --> bibsort starting..
2014-10-28 11:10:47 --> Updating sorting data.
2014-10-28 11:10:47 --> The method most cited has not been updated since the last run of bibsort.
2014-10-28 11:10:47 --> bibsort exiting..
2014-10-28 11:10:47 --> Task #1163 finished and resubmitted.
2014-10-28 11:10:51 --> Task #1163 started.
2014-10-28 11:10:51 --> bibsort starting..
2014-10-28 11:10:51 --> Updating sorting data.
2014-10-28 11:10:51 --> The method most cited has not been updated since the last run of bibsort.
2014-10-28 11:10:51 --> bibsort exiting..
2014-10-28 11:10:51 --> Task #1163 finished and resubmitted.
2014-10-28 11:12:28 --> Task #1163 started.
2014-10-28 11:12:28 --> bibsort starting..
2014-10-28 11:12:28 --> Updating sorting data.
2014-10-28 11:12:28 --> The method most cited has not been updated since the last run of bibsort.
2014-10-28 11:12:28 --> bibsort exiting..
2014-10-28 11:12:28 --> Task #1163 finished and resubmitted.
2014-10-28 11:12:29 --> Task #1163 started.
2014-10-28 11:12:29 --> bibsort starting..
2014-10-28 11:12:29 --> Updating sorting data.
2014-10-28 11:12:29 --> The method most cited has not been updated since the last run of bibsort.
2014-10-28 11:12:29 --> bibsort exiting..
2014-10-28 11:12:29 --> Task #1163 finished and resubmitted.
2014-10-28 11:22:36 --> Task #1163 started.
2014-10-28 11:22:36 --> bibsort starting..
2014-10-28 11:22:36 --> Updating sorting data.
2014-10-28 11:22:36 --> Running rebalancing for methods: ['most cited']
2014-10-28 11:22:36 --> Rebalancing will run only for RNK methods
2014-10-28 11:22:36 --> Starting sorting the data for MOST CITED method ... 
2014-10-28 11:22:36 --> Done.
2014-10-28 11:22:36 --> bibsort exiting..
2014-10-28 11:22:36 --> Task #1163 finished and resubmitted.
2014-10-28 11:22:37 --> Task #1163 started.
2014-10-28 11:22:37 --> bibsort starting..
2014-10-28 11:22:37 --> Updating sorting data.
2014-10-28 11:22:37 --> The method most cited has not been updated since the last run of bibsort.
2014-10-28 11:22:37 --> bibsort exiting..
2014-10-28 11:22:37 --> Task #1163 finished and resubmitted.
2014-10-28 11:40:54 --> Task #1163 started.
2014-10-28 11:40:54 --> bibsort starting..
2014-10-28 11:40:54 --> Updating sorting data.
2014-10-28 11:40:54 --> The method most cited has not been updated since the last run of bibsort.
2014-10-28 11:40:54 --> bibsort exiting..
2014-10-28 11:40:54 --> Task #1163 finished and resubmitted.
2014-10-28 11:40:56 --> Task #1163 started.
2014-10-28 11:40:56 --> bibsort starting..
2014-10-28 11:40:56 --> Updating sorting data.
2014-10-28 11:40:56 --> The method most cited has not been updated since the last run of bibsort.
2014-10-28 11:40:56 --> bibsort exiting..
2014-10-28 11:40:56 --> Task #1163 finished and resubmitted.
2014-10-28 11:40:59 --> Task #1163 started.
2014-10-28 11:40:59 --> bibsort starting..
2014-10-28 11:40:59 --> Updating sorting data.
2014-10-28 11:40:59 --> Running rebalancing for methods: ['most cited']
2014-10-28 11:40:59 --> Rebalancing will run only for RNK methods
2014-10-28 11:40:59 --> Starting sorting the data for MOST CITED method ... 
2014-10-28 11:40:59 --> Done.
2014-10-28 11:40:59 --> bibsort exiting..
2014-10-28 11:40:59 --> Task #1163 finished and resubmitted.
2014-10-28 12:19:36 --> Task #1163 started.
2014-10-28 12:19:36 --> bibsort starting..
2014-10-28 12:19:36 --> Updating sorting data.
2014-10-28 12:19:36 --> The method most cited has not been updated since the last run of bibsort.
2014-10-28 12:19:36 --> bibsort exiting..
2014-10-28 12:19:36 --> Task #1163 finished and resubmitted.
2014-12-12 15:42:32 --> Task #1163 started.
2014-12-12 15:42:32 --> Input file '/opt/invenio/var/tmp-shared/bibdocfile_2014-12-12_15:39:0581o5aZ.xml', input mode 'correct'.
2014-12-12 15:42:32 --> Record 385 DONE
2014-12-12 15:42:32 --> Task stats: 1 input records, 1 updated, 0 inserted, 0 errors, 0 inserted to holding pen.  Time 0.09 sec.
2014-12-12 15:42:32 --> Task #1163 finished. [DONE]
