2014-10-10 17:40:04 --> Task #1127 started.
2014-10-10 17:40:04 --> Running rank method: times cited.
2014-10-10 17:40:04 --> No new records added since last time method was run
2014-10-10 17:40:04 --> No new records added since last time this rank method was executed
2014-10-10 17:40:04 --> No need to update the indexes for citations.
2014-10-10 17:40:04 --> Running rank method: citerank_citation_t
2014-10-10 17:40:04 --> Running rank method: citerank_pagerank_c
2014-10-10 17:40:04 --> Running rank method: citerank_pagerank_t
2014-10-10 17:40:04 --> Running rank method: journal impact factor.
2014-10-10 17:40:04 --> No new records added since last time method was run
2014-10-10 17:40:04 --> Reading knowledgebase file: /opt/invenio/etc/bibrank/demo_jif.kb
2014-10-10 17:40:04 --> Number of lines read from knowledgebase file: 5
2014-10-10 17:40:04 --> Number of records available in rank method: 0
2014-10-10 17:40:04 --> Running rank method: word similarity
2014-10-10 17:40:04 --> Warning: Stemming not available for language 'fr'.
2014-10-10 17:40:04 --> Warning: Stemming not available for language 'fr'.
2014-10-10 17:40:04 --> rnkWORD01F contains 3916 words from 368 records
2014-10-10 17:40:04 --> rnkWORD01F is in consistent state
2014-10-10 17:40:04 --> Using the last update time for the rank method
2014-10-10 17:40:04 --> No new records added. rnkWORD01F is up to date
2014-10-10 17:40:04 --> No terms to process, ending...
2014-10-10 17:40:04 --> rnkWORD01F contains 3916 words from 368 records
2014-10-10 17:40:04 --> rnkWORD01F is in consistent state
2014-10-10 17:40:04 --> Task #1127 finished and resubmitted.
2014-10-10 17:45:39 --> Task #1127 started.
2014-10-10 17:45:39 --> Running rank method: times cited.
2014-10-10 17:45:39 --> No new records added since last time method was run
2014-10-10 17:45:39 --> No new records added since last time this rank method was executed
2014-10-10 17:45:39 --> No need to update the indexes for citations.
2014-10-10 17:45:39 --> Running rank method: citerank_citation_t
2014-10-10 17:45:39 --> Running rank method: citerank_pagerank_c
2014-10-10 17:45:39 --> Running rank method: citerank_pagerank_t
2014-10-10 17:45:40 --> Running rank method: journal impact factor.
2014-10-10 17:45:40 --> No new records added since last time method was run
2014-10-10 17:45:40 --> Reading knowledgebase file: /opt/invenio/etc/bibrank/demo_jif.kb
2014-10-10 17:45:40 --> Number of lines read from knowledgebase file: 5
2014-10-10 17:45:40 --> Number of records available in rank method: 0
2014-10-10 17:45:40 --> Running rank method: word similarity
2014-10-10 17:45:40 --> Warning: Stemming not available for language 'fr'.
2014-10-10 17:45:40 --> Warning: Stemming not available for language 'fr'.
2014-10-10 17:45:40 --> rnkWORD01F contains 3916 words from 368 records
2014-10-10 17:45:40 --> rnkWORD01F is in consistent state
2014-10-10 17:45:40 --> Using the last update time for the rank method
2014-10-10 17:45:40 --> No new records added. rnkWORD01F is up to date
2014-10-10 17:45:40 --> No terms to process, ending...
2014-10-10 17:45:40 --> rnkWORD01F contains 3916 words from 368 records
2014-10-10 17:45:40 --> rnkWORD01F is in consistent state
2014-10-10 17:45:40 --> Task #1127 finished and resubmitted.
2014-10-11 10:01:04 --> Task #1127 started.
2014-10-11 10:01:04 --> bibsort starting..
2014-10-11 10:01:04 --> Updating sorting data.
2014-10-11 10:01:04 --> Running rebalancing for methods: ['most cited']
2014-10-11 10:01:04 --> Rebalancing will run only for RNK methods
2014-10-11 10:01:04 --> Starting sorting the data for MOST CITED method ... 
2014-10-11 10:01:04 --> Done.
2014-10-11 10:01:04 --> bibsort exiting..
2014-10-11 10:01:04 --> Task #1127 finished and resubmitted.
2014-10-11 10:06:40 --> Task #1127 started.
2014-10-11 10:06:40 --> bibsort starting..
2014-10-11 10:06:40 --> Updating sorting data.
2014-10-11 10:06:40 --> The method most cited has not been updated since the last run of bibsort.
2014-10-11 10:06:40 --> bibsort exiting..
2014-10-11 10:06:40 --> Task #1127 finished and resubmitted.
2014-10-11 10:12:16 --> Task #1127 started.
2014-10-11 10:12:16 --> bibsort starting..
2014-10-11 10:12:16 --> Updating sorting data.
2014-10-11 10:12:16 --> The method most cited has not been updated since the last run of bibsort.
2014-10-11 10:12:16 --> No records inserted or modified in bibrec table since the last update of bsrMETHODDATA.
2014-10-11 10:12:16 --> bibsort exiting..
2014-10-11 10:12:16 --> Task #1127 finished and resubmitted.
2014-10-28 14:28:28 --> Task #1127 started.
2014-10-28 14:28:28 --> Starting tasklet "bst_send_email" (with arguments {'fromaddr': "IHEP's Document Server Submission Engine <info@invenio-software.org>", 'attempt_sleeptime': '10', 'content': "The document IHEP-PICTURE-EXP-2014-026\nTitle: ceshi\nAuthor(s): -\n\nhas been correctly received\n\nIt will be soon added to our Document Server.\n\nOnce inserted, you will be able to check the  bibliographic information and the quality of the electronic documents at this URL:\n<http://192.168.16.26/record/374>\nIf you detect an error please let us know by sending an email to info@invenio-software.org. \n\nNote that your submission as been inserted into the bibliographic task queue and is waiting for execution.\nBecause of a human intervention or a temporary problem, the task queue is currently set to the manual mode. Your submission is well registered but may take longer than usual before it is fully integrated and searchable.\nThank you for using IHEP's Document Server Submission Interface.\n", 'toaddr': 'wangli320@ihep.ac.cn', 'replytoaddr': '', 'copy_to_admin': '0', 'attempt_times': '1', 'subject': 'IHEP-PICTURE-EXP-2014-026: Document Received'})
2014-10-28 14:28:28 --> Finished tasklet "bst_send_email" (with arguments {'fromaddr': "IHEP's Document Server Submission Engine <info@invenio-software.org>", 'attempt_sleeptime': '10', 'content': "The document IHEP-PICTURE-EXP-2014-026\nTitle: ceshi\nAuthor(s): -\n\nhas been correctly received\n\nIt will be soon added to our Document Server.\n\nOnce inserted, you will be able to check the  bibliographic information and the quality of the electronic documents at this URL:\n<http://192.168.16.26/record/374>\nIf you detect an error please let us know by sending an email to info@invenio-software.org. \n\nNote that your submission as been inserted into the bibliographic task queue and is waiting for execution.\nBecause of a human intervention or a temporary problem, the task queue is currently set to the manual mode. Your submission is well registered but may take longer than usual before it is fully integrated and searchable.\nThank you for using IHEP's Document Server Submission Interface.\n", 'toaddr': 'wangli320@ihep.ac.cn', 'replytoaddr': '', 'copy_to_admin': '0', 'attempt_times': '1', 'subject': 'IHEP-PICTURE-EXP-2014-026: Document Received'})
2014-10-28 14:28:28 --> Task #1127 finished. [DONE]
