2014-10-11 16:17:49 --> Task #1135 started.
2014-10-11 16:17:49 --> Input file '/opt/invenio/var/tmp-shared/bibdocfile_2014-10-11_15:55:469VdZ7P.xml', input mode 'correct'.
2014-10-11 16:17:49 --> Record 375 DONE
2014-10-11 16:17:49 --> Task stats: 1 input records, 1 updated, 0 inserted, 0 errors, 0 inserted to holding pen.  Time 0.90 sec.
2014-10-11 16:17:49 --> Task #1135 finished. [DONE]
2014-10-30 15:07:48 --> Task #1135 started.
2014-10-30 15:07:52 --> IHEP's Document Server / reclist cache update
2014-10-30 15:07:53 --> Preprints / reclist cache update
2014-10-30 15:07:53 --> Books / reclist cache update
2014-10-30 15:07:53 --> Theses / reclist cache update
2014-10-30 15:07:53 --> Reports / reclist cache update
2014-10-30 15:07:53 --> Articles / reclist cache update
2014-10-30 15:07:53 --> Pictures / reclist cache update
2014-10-30 15:07:53 --> CERN Divisions / reclist cache update
2014-10-30 15:07:53 --> CERN Experiments / reclist cache update
2014-10-30 15:07:53 --> Theoretical Physics (TH) / reclist cache update
2014-10-30 15:07:53 --> Experimental Physics (EP) / reclist cache update
2014-10-30 15:07:53 --> ISOLDE / reclist cache update
2014-10-30 15:07:53 --> ALEPH / reclist cache update
2014-10-30 15:07:53 --> Articles & Preprints / reclist cache update
2014-10-30 15:07:53 --> Books & Reports / reclist cache update
2014-10-30 15:07:53 --> Multimedia & Arts / reclist cache update
2014-10-30 15:07:53 --> Poetry / reclist cache update
2014-10-30 15:07:53 --> Atlantis Times News / reclist cache update
2014-10-30 15:07:53 --> Atlantis Times Arts / reclist cache update
2014-10-30 15:07:53 --> Atlantis Times Science / reclist cache update
2014-10-30 15:07:53 --> Atlantis Times / reclist cache update
2014-10-30 15:07:53 --> Atlantis Institute Books / reclist cache update
2014-10-30 15:07:53 --> Atlantis Institute Articles / reclist cache update
2014-10-30 15:07:53 --> Atlantis Times Drafts / reclist cache update
2014-10-30 15:07:53 --> Videos / reclist cache update
2014-10-30 15:07:53 --> IHEPCC / reclist cache update
2014-10-30 15:07:53 --> Papers / reclist cache update
2014-10-30 15:07:53 --> Photos / reclist cache update
2014-10-30 15:07:53 --> IHEP Divisions / reclist cache update
2014-10-30 15:07:53 --> Computing Center (IT) / reclist cache update
2014-10-30 15:07:53 --> IT Pictures / reclist cache update
2014-10-30 15:07:53 --> IT Papers / reclist cache update
2014-10-30 15:07:53 --> IT Videos / reclist cache update
2014-10-30 15:07:53 --> IHEP Office / reclist cache update
2014-10-30 15:07:53 --> IHEP Office (IO) / reclist cache update
2014-10-30 15:07:53 --> IO Pictures / reclist cache update
2014-10-30 15:07:53 --> IO Papers / reclist cache update
2014-10-30 15:07:53 --> IO Videos / reclist cache update
2014-10-30 15:07:53 --> IHEP Experiments / reclist cache update
2014-10-30 15:07:53 --> BESIII / reclist cache update
2014-10-30 15:07:53 --> BESIII Pictures / reclist cache update
2014-10-30 15:07:53 --> BESIII Papers / reclist cache update
2014-10-30 15:07:53 --> Beijing Electron Positron Collider / reclist cache update
2014-10-30 15:07:53 --> Early Accelerators / reclist cache update
2014-10-30 15:07:53 --> BEPC / reclist cache update
2014-10-30 15:07:53 --> BEPCII / reclist cache update
2014-10-30 15:07:53 --> Early Accelerators Pictures / reclist cache update
2014-10-30 15:07:53 --> BEPC Pictures / reclist cache update
2014-10-30 15:07:53 --> BEPCII Pictures / reclist cache update
2014-10-30 15:07:53 --> Beijing Spectrometer / reclist cache update
2014-10-30 15:07:53 --> Daya Bay Reactor Neutrino Experiment / reclist cache update
2014-10-30 15:07:53 --> Theoretical Physics Research / reclist cache update
2014-10-30 15:07:53 --> BES Pictures / reclist cache update
2014-10-30 15:07:53 --> Daya Bay Pictures / reclist cache update
2014-10-30 15:07:53 --> Theoretical Physics Pictures / reclist cache update
2014-10-30 15:07:53 --> Research on Cosmic Rays and High Energy Astrophysics / reclist cache update
2014-10-30 15:07:53 --> Cosmic Rays Research in Early Stage / reclist cache update
2014-10-30 15:07:53 --> Yangbajing International Cosmic Ray Observatory / reclist cache update
2014-10-30 15:07:53 --> Large High Altitude Air Shower Observatory / reclist cache update
2014-10-30 15:07:53 --> Other Space Projects / reclist cache update
2014-10-30 15:07:53 --> Cosmic Rays Research in Early Stage Pictures / reclist cache update
2014-10-30 15:07:53 --> Yangbajing International Cosmic Ray Observatory Pictures / reclist cache update
2014-10-30 15:07:53 --> Air Shower Observatory Pictures / reclist cache update
2014-10-30 15:07:53 --> Other Space Projects Pictures / reclist cache update
2014-10-30 15:07:53 --> Beijing Synchrotron Radiation Facility / reclist cache update
2014-10-30 15:07:53 --> China Spallation Neutron Source  / reclist cache update
2014-10-30 15:07:53 --> Accelerator Driven Sub-critical System / reclist cache update
2014-10-30 15:07:53 --> Beijing Advanced Photon Source / reclist cache update
2014-10-30 15:07:53 --> Multi-disciplinary Research / reclist cache update
2014-10-30 15:07:53 --> Computing and Network Environment / reclist cache update
2014-10-30 15:07:53 --> Beijing Free Electron Laser Facility / reclist cache update
2014-10-30 15:07:53 --> International Collaboration / reclist cache update
2014-10-30 15:07:53 --> Technology Transfer / reclist cache update
2014-10-30 15:07:53 --> Innovative culture / reclist cache update
2014-10-30 15:07:53 --> BSRF Pictures / reclist cache update
2014-10-30 15:07:53 --> Spallation Neutron Source Pictures / reclist cache update
2014-10-30 15:07:53 --> Accelerator Driven Sub-critical System Pictures / reclist cache update
2014-10-30 15:07:53 --> Beijing Advanced Photon Source Pictures / reclist cache update
2014-10-30 15:07:53 --> Multi-disciplinary Pictures / reclist cache update
2014-10-30 15:07:53 --> Computing and Network Pictures / reclist cache update
2014-10-30 15:07:53 --> BJ Free Electron Laser Facility Pictures / reclist cache update
2014-10-30 15:07:53 --> International Collaboration Pictures / reclist cache update
2014-10-30 15:07:53 --> Technology Transfer Pictures / reclist cache update
2014-10-30 15:07:53 --> Innovative culture Pictures / reclist cache update
2014-10-30 15:07:53 --> IHEP's Document Server / webpage cache update
2014-10-30 15:07:54 --> Preprints / webpage cache update
2014-10-30 15:07:54 --> Books / webpage cache update
2014-10-30 15:07:54 --> Theses / webpage cache update
2014-10-30 15:07:55 --> Reports / webpage cache update
2014-10-30 15:07:55 --> Articles / webpage cache update
2014-10-30 15:07:55 --> Pictures / webpage cache update
2014-10-30 15:07:56 --> CERN Divisions / webpage cache update
2014-10-30 15:07:56 --> CERN Experiments / webpage cache update
2014-10-30 15:07:56 --> Theoretical Physics (TH) / webpage cache update
2014-10-30 15:07:57 --> Experimental Physics (EP) / webpage cache update
2014-10-30 15:07:57 --> ISOLDE / webpage cache update
2014-10-30 15:07:57 --> ALEPH / webpage cache update
2014-10-30 15:07:58 --> Articles & Preprints / webpage cache update
2014-10-30 15:07:58 --> Books & Reports / webpage cache update
2014-10-30 15:07:59 --> Multimedia & Arts / webpage cache update
2014-10-30 15:08:00 --> Poetry / webpage cache update
2014-10-30 15:08:00 --> Atlantis Times News / webpage cache update
2014-10-30 15:08:00 --> Atlantis Times Arts / webpage cache update
2014-10-30 15:08:00 --> Atlantis Times Science / webpage cache update
2014-10-30 15:08:01 --> Atlantis Times / webpage cache update
2014-10-30 15:08:01 --> Atlantis Institute Books / webpage cache update
2014-10-30 15:08:01 --> Atlantis Institute Articles / webpage cache update
2014-10-30 15:08:02 --> Atlantis Times Drafts / webpage cache update
2014-10-30 15:08:02 --> Videos / webpage cache update
2014-10-30 15:08:02 --> IHEPCC / webpage cache update
2014-10-30 15:08:03 --> Papers / webpage cache update
2014-10-30 15:08:03 --> Photos / webpage cache update
2014-10-30 15:08:03 --> IHEP Divisions / webpage cache update
2014-10-30 15:08:03 --> Computing Center (IT) / webpage cache update
2014-10-30 15:08:03 --> IT Pictures / webpage cache update
2014-10-30 15:08:04 --> IT Papers / webpage cache update
2014-10-30 15:08:04 --> IT Videos / webpage cache update
2014-10-30 15:08:04 --> IHEP Office / webpage cache update
2014-10-30 15:08:05 --> IHEP Office (IO) / webpage cache update
2014-10-30 15:08:05 --> IO Pictures / webpage cache update
2014-10-30 15:08:05 --> IO Papers / webpage cache update
2014-10-30 15:08:06 --> IO Videos / webpage cache update
2014-10-30 15:08:06 --> IHEP Experiments / webpage cache update
2014-10-30 15:08:06 --> BESIII / webpage cache update
2014-10-30 15:08:07 --> BESIII Pictures / webpage cache update
2014-10-30 15:08:07 --> BESIII Papers / webpage cache update
2014-10-30 15:08:08 --> Beijing Electron Positron Collider / webpage cache update
2014-10-30 15:08:08 --> Early Accelerators / webpage cache update
2014-10-30 15:08:08 --> BEPC / webpage cache update
2014-10-30 15:08:09 --> BEPCII / webpage cache update
2014-10-30 15:08:09 --> Early Accelerators Pictures / webpage cache update
2014-10-30 15:08:10 --> BEPC Pictures / webpage cache update
2014-10-30 15:08:10 --> BEPCII Pictures / webpage cache update
2014-10-30 15:08:10 --> Beijing Spectrometer / webpage cache update
2014-10-30 15:08:10 --> Daya Bay Reactor Neutrino Experiment / webpage cache update
2014-10-30 15:08:11 --> Theoretical Physics Research / webpage cache update
2014-10-30 15:08:11 --> BES Pictures / webpage cache update
2014-10-30 15:08:12 --> Daya Bay Pictures / webpage cache update
2014-10-30 15:08:12 --> Theoretical Physics Pictures / webpage cache update
2014-10-30 15:08:12 --> Research on Cosmic Rays and High Energy Astrophysics / webpage cache update
2014-10-30 15:08:13 --> Cosmic Rays Research in Early Stage / webpage cache update
2014-10-30 15:08:13 --> Yangbajing International Cosmic Ray Observatory / webpage cache update
2014-10-30 15:08:14 --> Large High Altitude Air Shower Observatory / webpage cache update
2014-10-30 15:08:14 --> Other Space Projects / webpage cache update
2014-10-30 15:08:14 --> Cosmic Rays Research in Early Stage Pictures / webpage cache update
2014-10-30 15:08:15 --> Yangbajing International Cosmic Ray Observatory Pictures / webpage cache update
2014-10-30 15:08:15 --> Air Shower Observatory Pictures / webpage cache update
2014-10-30 15:08:16 --> Other Space Projects Pictures / webpage cache update
2014-10-30 15:08:16 --> Beijing Synchrotron Radiation Facility / webpage cache update
2014-10-30 15:08:16 --> China Spallation Neutron Source  / webpage cache update
2014-10-30 15:08:16 --> Accelerator Driven Sub-critical System / webpage cache update
2014-10-30 15:08:17 --> Beijing Advanced Photon Source / webpage cache update
2014-10-30 15:08:17 --> Multi-disciplinary Research / webpage cache update
2014-10-30 15:08:18 --> Computing and Network Environment / webpage cache update
2014-10-30 15:08:18 --> Beijing Free Electron Laser Facility / webpage cache update
2014-10-30 15:08:18 --> International Collaboration / webpage cache update
2014-10-30 15:08:19 --> Technology Transfer / webpage cache update
2014-10-30 15:08:19 --> Innovative culture / webpage cache update
2014-10-30 15:08:20 --> BSRF Pictures / webpage cache update
2014-10-30 15:08:20 --> Spallation Neutron Source Pictures / webpage cache update
2014-10-30 15:08:21 --> Accelerator Driven Sub-critical System Pictures / webpage cache update
2014-10-30 15:08:21 --> Beijing Advanced Photon Source Pictures / webpage cache update
2014-10-30 15:08:21 --> Multi-disciplinary Pictures / webpage cache update
2014-10-30 15:08:22 --> Computing and Network Pictures / webpage cache update
2014-10-30 15:08:22 --> BJ Free Electron Laser Facility Pictures / webpage cache update
2014-10-30 15:08:22 --> International Collaboration Pictures / webpage cache update
2014-10-30 15:08:23 --> Technology Transfer Pictures / webpage cache update
2014-10-30 15:08:23 --> Innovative culture Pictures / webpage cache update
2014-10-30 15:08:23 --> Task #1135 finished. [DONE]
