2014-09-26 10:37:09 --> ERROR: it's impossible to correctly extract words from http://localhost/record/71/files/convert_SCAN-9605068.pdf: Recid '71' is not connected with  docname 'convert_SCAN-9605068'
2014-09-26 10:37:09 --> ERROR: it's impossible to correctly extract words from http://localhost/record/74/files/0003294.pdf: Recid '74' is not connected with  docname '0003294'
2014-09-26 10:37:10 --> ERROR: it's impossible to correctly extract words from http://localhost/record/70/files/0204033.ps.gz: Recid '70' is not connected with  docname '0204033'
2014-09-26 10:37:10 --> ERROR: it's impossible to correctly extract words from http://localhost/record/85/files/0207111.pdf: Recid '85' is not connected with  docname '0207111'
2014-09-26 10:37:10 --> ERROR: it's impossible to correctly extract words from http://localhost/record/107/files/journal_virgin_forest_image.gif: Recid '107' is not connected with  docname 'journal_virgin_forest_image'
2014-09-26 10:37:10 --> ERROR: it's impossible to correctly extract words from http://localhost/record/71/files/0204034.pdf: Recid '71' is not connected with  docname '0204034'
2014-09-26 10:37:10 --> ERROR: it's impossible to correctly extract words from http://localhost/record/83/files/0201100.ps.gz: Recid '83' is not connected with  docname '0201100'
2014-09-26 10:37:11 --> ERROR: it's impossible to correctly extract words from http://localhost/record/107/files/restricted-journal_scissor_beak.jpg: Recid '107' is not connected with  docname 'restricted-journal_scissor_beak'
2014-09-26 10:37:11 --> ERROR: it's impossible to correctly extract words from http://localhost/record/11/files/ep-2001-094.pdf: Recid '11' is not connected with  docname 'ep-2001-094'
2014-09-26 10:37:11 --> ERROR: it's impossible to correctly extract words from http://localhost/record/56/files/0204136.ps.gz: Recid '56' is not connected with  docname '0204136'
2014-09-26 10:37:11 --> ERROR: it's impossible to correctly extract words from http://localhost/record/44/files/0101431.fig6.ps.gz: Recid '44' is not connected with  docname '0101431.fig6'
2014-09-26 10:37:11 --> ERROR: it's impossible to correctly extract words from http://localhost/record/60/files/0204140.pdf: Recid '60' is not connected with  docname '0204140'
2014-09-26 10:37:11 --> ERROR: it's impossible to correctly extract words from http://localhost/record/91/files/0212314.pdf: Recid '91' is not connected with  docname '0212314'
2014-09-26 10:37:11 --> ERROR: it's impossible to correctly extract words from http://localhost/record/66/files/0204102.ps.gz: Recid '66' is not connected with  docname '0204102'
2014-09-26 10:37:11 --> ERROR: it's impossible to correctly extract words from http://localhost/record/55/files/0204135.pdf: Recid '55' is not connected with  docname '0204135'
2014-09-26 10:37:12 --> ERROR: it's impossible to correctly extract words from http://localhost/record/55/files/0204135.ps.gz: Recid '55' is not connected with  docname '0204135'
2014-09-26 10:37:12 --> ERROR: it's impossible to correctly extract words from http://localhost/record/57/files/0204137.ps.gz: Recid '57' is not connected with  docname '0204137'
2014-09-26 10:37:12 --> ERROR: it's impossible to correctly extract words from http://localhost/record/63/files/0204142.ps.gz: Recid '63' is not connected with  docname '0204142'
2014-09-26 10:37:12 --> ERROR: it's impossible to correctly extract words from http://localhost/record/78/files/0003295.fig4.ps.gz: Recid '78' is not connected with  docname '0003295.fig4'
2014-09-26 10:37:12 --> ERROR: it's impossible to correctly extract words from http://localhost/record/105/files/journal_hms_beagle_image.gif: Recid '105' is not connected with  docname 'journal_hms_beagle_image'
2014-09-26 10:37:12 --> ERROR: it's impossible to correctly extract words from http://localhost/record/59/files/0204139.pdf: Recid '59' is not connected with  docname '0204139'
2014-09-26 10:37:12 --> ERROR: it's impossible to correctly extract words from http://localhost/record/60/files/0204140.ps.gz: Recid '60' is not connected with  docname '0204140'
2014-09-26 10:37:12 --> ERROR: it's impossible to correctly extract words from http://localhost/record/70/files/0204033.pdf: Recid '70' is not connected with  docname '0204033'
2014-09-26 10:37:13 --> ERROR: it's impossible to correctly extract words from http://localhost/record/106/files/journal_Athanasius_Kircher_Atlantis_image.gif: Recid '106' is not connected with  docname 'journal_Athanasius_Kircher_Atlantis_image'
2014-09-26 10:37:13 --> ERROR: it's impossible to correctly extract words from http://localhost/record/94/files/0402130.pdf: Recid '94' is not connected with  docname '0402130'
2014-09-26 10:37:13 --> ERROR: it's impossible to correctly extract words from http://localhost/record/66/files/0204031.pdf: Recid '66' is not connected with  docname '0204031'
2014-09-26 10:37:13 --> ERROR: it's impossible to correctly extract words from http://localhost/record/105/files/journal_hms_beagle_image.gif?subformat=icon: Recid '105' is not connected with  docname 'journal_hms_beagle_image'
2014-09-26 10:37:14 --> ERROR: it's impossible to correctly extract words from http://localhost/record/54/files/0204134.pdf: Recid '54' is not connected with  docname '0204134'
2014-09-26 10:37:14 --> ERROR: it's impossible to correctly extract words from http://localhost/record/87/files/0209257.ps.gz: Recid '87' is not connected with  docname '0209257'
2014-09-26 10:37:14 --> ERROR: it's impossible to correctly extract words from http://localhost/record/72/files/SCAN-9605068.tif: Recid '72' is not connected with  docname 'SCAN-9605068'
2014-09-26 10:37:14 --> ERROR: it's impossible to correctly extract words from http://localhost/record/80/files/0003295.fig6a.ps.gz: Recid '80' is not connected with  docname '0003295.fig6a'
2014-09-26 10:37:14 --> ERROR: it's impossible to correctly extract words from http://localhost/record/84/files/0205061.pdf: Recid '84' is not connected with  docname '0205061'
2014-09-26 10:37:14 --> ERROR: it's impossible to correctly extract words from http://localhost/record/103/files/convert_SCAN-0005061.pdf: Recid '103' is not connected with  docname 'convert_SCAN-0005061'
2014-09-26 10:37:16 --> ERROR: it's impossible to correctly extract words from http://localhost/record/85/files/0207111.ps.gz: Recid '85' is not connected with  docname '0207111'
2014-09-26 10:37:16 --> ERROR: it's impossible to correctly extract words from http://localhost/record/98/files/0703265.pdf: Recid '98' is not connected with  docname '0703265'
2014-09-26 10:37:16 --> ERROR: it's impossible to correctly extract words from http://localhost/record/89/files/0212138.ps.gz: Recid '89' is not connected with  docname '0212138'
2014-09-26 10:37:16 --> ERROR: it's impossible to correctly extract words from http://localhost/record/107/files/journal_water_dog_image.gif?subformat=icon: Recid '107' is not connected with  docname 'journal_water_dog_image'
2014-09-26 10:37:17 --> ERROR: it's impossible to correctly extract words from http://localhost/record/11/files/9812226.fig7.ps.gz: Recid '11' is not connected with  docname '9812226.fig7'
2014-09-26 10:37:17 --> ERROR: it's impossible to correctly extract words from http://localhost/record/88/files/0210075.ps.gz: Recid '88' is not connected with  docname '0210075'
2014-09-26 10:37:17 --> ERROR: it's impossible to correctly extract words from http://localhost/record/47/files/0104076.pdf: Recid '47' is not connected with  docname '0104076'
2014-09-26 10:37:17 --> ERROR: it's impossible to correctly extract words from http://localhost/record/66/files/0204031.ps.gz: Recid '66' is not connected with  docname '0204031'
2014-09-26 10:37:17 --> ERROR: it's impossible to correctly extract words from http://localhost/record/63/files/0204142.pdf: Recid '63' is not connected with  docname '0204142'
2014-09-26 10:37:17 --> ERROR: it's impossible to correctly extract words from http://localhost/record/48/files/0204045.ps.gz: Recid '48' is not connected with  docname '0204045'
2014-09-26 10:37:17 --> ERROR: it's impossible to correctly extract words from http://localhost/record/49/files/0204046.ps.gz: Recid '49' is not connected with  docname '0204046'
2014-09-26 10:37:17 --> ERROR: it's impossible to correctly extract words from http://localhost/record/107/files/restricted-journal_scissor_beak.jpg?subformat=icon: Recid '107' is not connected with  docname 'restricted-journal_scissor_beak'
2014-09-26 10:37:17 --> ERROR: it's impossible to correctly extract words from http://localhost/record/97/files/0606096.pdf: Recid '97' is not connected with  docname '0606096'
2014-09-26 10:37:17 --> ERROR: it's impossible to correctly extract words from http://localhost/record/91/files/0212314.ps.gz: Recid '91' is not connected with  docname '0212314'
2014-09-26 10:37:17 --> ERROR: it's impossible to correctly extract words from http://localhost/record/86/files/0209226.ps.gz: Recid '86' is not connected with  docname '0209226'
2014-09-26 10:37:17 --> ERROR: it's impossible to correctly extract words from http://localhost/record/11/files/9812226.fig6.ps.gz: Recid '11' is not connected with  docname '9812226.fig6'
2014-09-26 10:37:18 --> ERROR: it's impossible to correctly extract words from http://localhost/record/49/files/0204046.pdf: Recid '49' is not connected with  docname '0204046'
2014-09-26 10:37:18 --> ERROR: it's impossible to correctly extract words from http://localhost/record/74/files/0003294.ps.gz: Recid '74' is not connected with  docname '0003294'
2014-09-26 10:37:18 --> ERROR: it's impossible to correctly extract words from http://localhost/record/68/files/0204032.ps.gz: Recid '68' is not connected with  docname '0204032'
2014-09-26 10:37:18 --> ERROR: it's impossible to correctly extract words from http://localhost/record/107/files/journal_galapagos_archipelago.jpg: Recid '107' is not connected with  docname 'journal_galapagos_archipelago'
2014-09-26 10:37:19 --> ERROR: it's impossible to correctly extract words from http://localhost/record/106/files/journal_Athanasius_Kircher_Atlantis_image.gif?subformat=icon: Recid '106' is not connected with  docname 'journal_Athanasius_Kircher_Atlantis_image'
2014-09-26 10:37:19 --> ERROR: it's impossible to correctly extract words from http://localhost/record/74/files/0003293.ps.gz: Recid '74' is not connected with  docname '0003293'
2014-09-26 10:37:19 --> ERROR: it's impossible to correctly extract words from http://localhost/record/107/files/journal_virgin_forest_image.gif?subformat=icon: Recid '107' is not connected with  docname 'journal_virgin_forest_image'
2014-09-26 10:37:19 --> ERROR: it's impossible to correctly extract words from http://localhost/record/107/files/journal_water_dog_image.gif: Recid '107' is not connected with  docname 'journal_water_dog_image'
2014-09-26 10:37:19 --> ERROR: it's impossible to correctly extract words from http://localhost/record/59/files/0204139.ps.gz: Recid '59' is not connected with  docname '0204139'
2014-09-26 10:37:19 --> ERROR: it's impossible to correctly extract words from http://localhost/record/64/files/0204143.pdf: Recid '64' is not connected with  docname '0204143'
2014-09-26 10:37:19 --> ERROR: it's impossible to correctly extract words from http://localhost/record/65/files/0204101.pdf: Recid '65' is not connected with  docname '0204101'
2014-09-26 10:37:20 --> ERROR: it's impossible to correctly extract words from http://localhost/record/95/files/0501145.pdf: Recid '95' is not connected with  docname '0501145'
2014-09-26 10:37:20 --> ERROR: it's impossible to correctly extract words from http://localhost/record/65/files/0204101.ps.gz: Recid '65' is not connected with  docname '0204101'
2014-09-26 10:37:20 --> ERROR: it's impossible to correctly extract words from http://localhost/record/107/files/journal_galapagos_archipelago.jpg?subformat=icon: Recid '107' is not connected with  docname 'journal_galapagos_archipelago'
2014-09-26 10:37:20 --> ERROR: it's impossible to correctly extract words from http://localhost/record/90/files/0212181.pdf: Recid '90' is not connected with  docname '0212181'
2014-09-26 10:37:20 --> ERROR: it's impossible to correctly extract words from http://localhost/record/51/files/0204099.pdf: Recid '51' is not connected with  docname '0204099'
2014-09-26 10:37:20 --> ERROR: it's impossible to correctly extract words from http://localhost/record/10/files/9812226.fig1.ps.gz: Recid '10' is not connected with  docname '9812226.fig1'
2014-09-26 10:37:20 --> ERROR: it's impossible to correctly extract words from http://localhost/record/101/files/9809057.pdf: Recid '101' is not connected with  docname '9809057'
2014-09-26 10:37:20 --> ERROR: it's impossible to correctly extract words from http://localhost/record/79/files/0003295.fig7.ps.gz: Recid '79' is not connected with  docname '0003295.fig7'
2014-09-26 10:37:20 --> ERROR: it's impossible to correctly extract words from http://localhost/record/84/files/0205061.ps.gz: Recid '84' is not connected with  docname '0205061'
2014-09-26 10:37:20 --> ERROR: it's impossible to correctly extract words from http://localhost/record/87/files/0209257.pdf: Recid '87' is not connected with  docname '0209257'
2014-09-26 10:37:20 --> ERROR: it's impossible to correctly extract words from http://localhost/record/96/files/0606038.pdf: Recid '96' is not connected with  docname '0606038'
2014-09-26 10:37:20 --> ERROR: it's impossible to correctly extract words from http://localhost/record/92/files/0304229.ps.gz: Recid '92' is not connected with  docname '0304229'
2014-09-26 10:37:20 --> ERROR: it's impossible to correctly extract words from http://localhost/record/56/files/0204136.pdf: Recid '56' is not connected with  docname '0204136'
2014-09-26 10:37:20 --> ERROR: it's impossible to correctly extract words from http://localhost/record/81/files/0003295.fig1.ps.gz: Recid '81' is not connected with  docname '0003295.fig1'
2014-09-26 10:37:20 --> ERROR: it's impossible to correctly extract words from http://localhost/record/77/files/0003295.fig5.ps.gz: Recid '77' is not connected with  docname '0003295.fig5'
2014-09-26 10:37:20 --> ERROR: it's impossible to correctly extract words from http://localhost/record/58/files/0204138.pdf: Recid '58' is not connected with  docname '0204138'
2014-09-26 10:37:20 --> ERROR: it's impossible to correctly extract words from http://localhost/record/12/files/0101431.fig2.ps.gz: Recid '12' is not connected with  docname '0101431.fig2'
2014-09-26 10:37:20 --> ERROR: it's impossible to correctly extract words from http://localhost/record/82/files/0210114.ps.gz: Recid '82' is not connected with  docname '0210114'
2014-09-26 10:37:20 --> ERROR: it's impossible to correctly extract words from http://localhost/record/50/files/0204098.pdf: Recid '50' is not connected with  docname '0204098'
2014-09-26 10:37:21 --> ERROR: it's impossible to correctly extract words from http://localhost/record/64/files/0204143.ps.gz: Recid '64' is not connected with  docname '0204143'
2014-09-26 10:37:21 --> ERROR: it's impossible to correctly extract words from http://localhost/record/93/files/0307041.ps.gz: Recid '93' is not connected with  docname '0307041'
2014-09-26 10:37:21 --> ERROR: it's impossible to correctly extract words from http://localhost/record/86/files/0209226.pdf: Recid '86' is not connected with  docname '0209226'
2014-09-26 10:37:21 --> ERROR: it's impossible to correctly extract words from http://localhost/record/61/files/0204141.pdf: Recid '61' is not connected with  docname '0204141'
2014-09-26 10:37:21 --> ERROR: it's impossible to correctly extract words from http://localhost/record/43/files/0101431.fig4.ps.gz: Recid '43' is not connected with  docname '0101431.fig4'
2014-09-26 10:37:21 --> ERROR: it's impossible to correctly extract words from http://localhost/record/74/files/convert_SCAN-9605071.pdf: Recid '74' is not connected with  docname 'convert_SCAN-9605071'
2014-09-26 10:37:21 --> ERROR: it's impossible to correctly extract words from http://localhost/record/73/files/0003289.ps.gz: Recid '73' is not connected with  docname '0003289'
2014-09-26 10:37:21 --> ERROR: it's impossible to correctly extract words from http://localhost/record/102/files/0002060.ps.gz: Recid '102' is not connected with  docname '0002060'
2014-09-26 10:37:21 --> ERROR: it's impossible to correctly extract words from http://localhost/record/92/files/0304229.pdf: Recid '92' is not connected with  docname '0304229'
2014-09-26 10:37:22 --> ERROR: it's impossible to correctly extract words from http://localhost/record/99/files/9611103.pdf: Recid '99' is not connected with  docname '9611103'
2014-09-26 10:37:22 --> ERROR: it's impossible to correctly extract words from http://localhost/record/82/files/0210114.pdf: Recid '82' is not connected with  docname '0210114'
2014-09-26 10:37:22 --> ERROR: it's impossible to correctly extract words from http://localhost/record/74/files/0003293.pdf: Recid '74' is not connected with  docname '0003293'
2014-09-26 10:37:22 --> ERROR: it's impossible to correctly extract words from http://localhost/record/50/files/0204098.ps.gz: Recid '50' is not connected with  docname '0204098'
2014-09-26 10:37:22 --> ERROR: it's impossible to correctly extract words from http://localhost/record/53/files/0204133.pdf: Recid '53' is not connected with  docname '0204133'
2014-09-26 10:37:22 --> ERROR: it's impossible to correctly extract words from http://localhost/record/74/files/0003291.ps.gz: Recid '74' is not connected with  docname '0003291'
2014-09-26 10:37:22 --> ERROR: it's impossible to correctly extract words from http://localhost/record/73/files/0003289.pdf: Recid '73' is not connected with  docname '0003289'
2014-09-26 10:37:22 --> ERROR: it's impossible to correctly extract words from http://localhost/record/68/files/0204032.pdf: Recid '68' is not connected with  docname '0204032'
2014-09-26 10:37:22 --> ERROR: it's impossible to correctly extract words from http://localhost/record/90/files/0212181.ps.gz: Recid '90' is not connected with  docname '0212181'
2014-09-26 10:37:22 --> ERROR: it's impossible to correctly extract words from http://localhost/record/52/files/0204132.ps.gz: Recid '52' is not connected with  docname '0204132'
2014-09-26 10:37:22 --> ERROR: it's impossible to correctly extract words from http://localhost/record/102/files/0002060.pdf: Recid '102' is not connected with  docname '0002060'
2014-09-26 10:37:22 --> ERROR: it's impossible to correctly extract words from http://localhost/record/48/files/0204045.pdf: Recid '48' is not connected with  docname '0204045'
2014-09-26 10:37:22 --> ERROR: it's impossible to correctly extract words from http://localhost/record/93/files/0307041.pdf: Recid '93' is not connected with  docname '0307041'
2014-09-26 10:37:22 --> ERROR: it's impossible to correctly extract words from http://localhost/record/11/files/9812226.fig3.ps.gz: Recid '11' is not connected with  docname '9812226.fig3'
2014-09-26 10:37:22 --> ERROR: it's impossible to correctly extract words from http://localhost/record/74/files/SCAN-9605071.tif: Recid '74' is not connected with  docname 'SCAN-9605071'
2014-09-26 10:37:22 --> ERROR: it's impossible to correctly extract words from http://localhost/record/62/files/0204100.ps.gz: Recid '62' is not connected with  docname '0204100'
2014-09-26 10:37:22 --> ERROR: it's impossible to correctly extract words from http://localhost/record/66/files/0204102.pdf: Recid '66' is not connected with  docname '0204102'
2014-09-26 10:37:23 --> ERROR: it's impossible to correctly extract words from http://localhost/record/61/files/0204141.ps.gz: Recid '61' is not connected with  docname '0204141'
2014-09-26 10:37:23 --> ERROR: it's impossible to correctly extract words from http://localhost/record/51/files/0204099.ps.gz: Recid '51' is not connected with  docname '0204099'
2014-09-26 10:37:23 --> ERROR: it's impossible to correctly extract words from http://localhost/record/71/files/0204034.ps.gz: Recid '71' is not connected with  docname '0204034'
2014-09-26 10:37:23 --> ERROR: it's impossible to correctly extract words from http://localhost/record/52/files/0204132.pdf: Recid '52' is not connected with  docname '0204132'
2014-09-26 10:37:23 --> ERROR: it's impossible to correctly extract words from http://localhost/record/47/files/0104076.ps.gz: Recid '47' is not connected with  docname '0104076'
2014-09-26 10:37:23 --> ERROR: it's impossible to correctly extract words from http://localhost/record/11/files/9812226.fig5.ps.gz: Recid '11' is not connected with  docname '9812226.fig5'
2014-09-26 10:37:23 --> ERROR: it's impossible to correctly extract words from http://localhost/record/107/files/journal_scissor_beak.jpg: Recid '107' is not connected with  docname 'journal_scissor_beak'
2014-09-26 10:37:23 --> ERROR: it's impossible to correctly extract words from http://localhost/record/89/files/0212138.pdf: Recid '89' is not connected with  docname '0212138'
2014-09-26 10:37:23 --> ERROR: it's impossible to correctly extract words from http://localhost/record/11/files/ep-2001-094.ps.gz: Recid '11' is not connected with  docname 'ep-2001-094'
2014-09-26 10:37:23 --> ERROR: it's impossible to correctly extract words from http://localhost/record/45/files/0101431.fig5a.ps.gz: Recid '45' is not connected with  docname '0101431.fig5a'
2014-09-26 10:37:23 --> ERROR: it's impossible to correctly extract words from http://localhost/record/107/files/journal_scissor_beak.jpg?subformat=icon: Recid '107' is not connected with  docname 'journal_scissor_beak'
2014-09-26 10:37:23 --> ERROR: it's impossible to correctly extract words from http://localhost/record/53/files/0204133.ps.gz: Recid '53' is not connected with  docname '0204133'
2014-09-26 10:37:23 --> ERROR: it's impossible to correctly extract words from http://localhost/record/105/files/9709037.pdf: Recid '105' is not connected with  docname '9709037'
2014-09-26 10:37:24 --> ERROR: it's impossible to correctly extract words from http://localhost/record/74/files/0003291.pdf: Recid '74' is not connected with  docname '0003291'
2014-09-26 10:37:24 --> ERROR: it's impossible to correctly extract words from http://localhost/record/62/files/0204100.pdf: Recid '62' is not connected with  docname '0204100'
2014-09-26 10:37:24 --> ERROR: it's impossible to correctly extract words from http://localhost/record/57/files/0204137.pdf: Recid '57' is not connected with  docname '0204137'
2014-09-26 10:37:24 --> ERROR: it's impossible to correctly extract words from http://localhost/record/58/files/0204138.ps.gz: Recid '58' is not connected with  docname '0204138'
2014-09-26 10:37:25 --> ERROR: it's impossible to correctly extract words from http://localhost/record/83/files/0201100.pdf: Recid '83' is not connected with  docname '0201100'
2014-09-26 10:37:25 --> ERROR: it's impossible to correctly extract words from http://localhost/record/46/files/0105155.ps.gz: Recid '46' is not connected with  docname '0105155'
2014-09-26 10:37:25 --> ERROR: it's impossible to correctly extract words from http://localhost/record/88/files/0210075.pdf: Recid '88' is not connected with  docname '0210075'
2014-09-26 10:37:25 --> ERROR: it's impossible to correctly extract words from http://localhost/record/54/files/0204134.ps.gz: Recid '54' is not connected with  docname '0204134'
2014-09-26 10:37:26 --> ERROR: it's impossible to correctly extract words from http://localhost/record/15/files/0101431.fig3.ps.gz: Recid '15' is not connected with  docname '0101431.fig3'
2014-09-26 10:37:26 --> ERROR: it's impossible to correctly extract words from http://localhost/record/46/files/0105155.pdf: Recid '46' is not connected with  docname '0105155'
