2014-09-26 09:22:51 --> Task #6 started.
2014-09-26 09:22:51 --> bibsort starting..
2014-09-26 09:22:51 --> Running rebalancing for methods: ['most cited', 'latest first', 'report number', 'author', 'title']
2014-09-26 09:22:51 --> Starting sorting the data for MOST CITED method ... 
2014-09-26 09:22:51 --> Done.
2014-09-26 09:22:51 --> Starting sorting the data for LATEST FIRST method ... 
2014-09-26 09:22:51 --> Done.
2014-09-26 09:22:51 --> Starting sorting the data for REPORT NUMBER method ... 
2014-09-26 09:22:51 --> Done.
2014-09-26 09:22:51 --> Starting sorting the data for AUTHOR method ... 
2014-09-26 09:22:51 --> Done.
2014-09-26 09:22:51 --> Starting sorting the data for TITLE method ... 
2014-09-26 09:22:51 --> Setting locale to %s is not working.. ignoring locale
2014-09-26 09:22:51 --> Done.
2014-09-26 09:22:51 --> bibsort exiting..
2014-09-26 09:22:51 --> Task #6 finished. [DONE]
2014-09-26 10:41:05 --> Task #6 started.
2014-09-26 10:41:05 --> bibsort starting..
2014-09-26 10:41:05 --> Running rebalancing for methods: ['most cited', 'latest first', 'report number', 'author', 'title']
2014-09-26 10:41:05 --> Starting sorting the data for MOST CITED method ... 
2014-09-26 10:41:05 --> Done.
2014-09-26 10:41:05 --> Starting sorting the data for LATEST FIRST method ... 
2014-09-26 10:41:05 --> Done.
2014-09-26 10:41:05 --> Starting sorting the data for REPORT NUMBER method ... 
2014-09-26 10:41:05 --> Done.
2014-09-26 10:41:05 --> Starting sorting the data for AUTHOR method ... 
2014-09-26 10:41:05 --> Done.
2014-09-26 10:41:05 --> Starting sorting the data for TITLE method ... 
2014-09-26 10:41:05 --> Setting locale to %s is not working.. ignoring locale
2014-09-26 10:41:05 --> Done.
2014-09-26 10:41:05 --> bibsort exiting..
2014-09-26 10:41:05 --> Task #6 finished. [DONE]
