2014-10-11 09:59:54 --> Task #1123 started.
2014-10-11 09:59:54 --> idxWORD03F has stemming enabled, language en
2014-10-11 09:59:54 --> idxWORD03F contains 3554 words from 251 records
2014-10-11 09:59:54 --> idxWORD03F is in consistent state
2014-10-11 09:59:54 --> No new records added. idxWORD03F is up to date
2014-10-11 09:59:54 --> idxWORD03F contains 3554 words from 251 records
2014-10-11 09:59:54 --> idxWORD03F is in consistent state
2014-10-11 09:59:54 --> idxPAIR03F contains 9293 words from 251 records
2014-10-11 09:59:54 --> idxPAIR03F is in consistent state
2014-10-11 09:59:54 --> No new records added. idxPAIR03F is up to date
2014-10-11 09:59:54 --> idxPAIR03F contains 9293 words from 251 records
2014-10-11 09:59:54 --> idxPAIR03F is in consistent state
2014-10-11 09:59:54 --> idxPHRASE03F contains 175 words from 251 records
2014-10-11 09:59:54 --> idxPHRASE03F is in consistent state
2014-10-11 09:59:54 --> No new records added. idxPHRASE03F is up to date
2014-10-11 09:59:54 --> idxPHRASE03F contains 175 words from 251 records
2014-10-11 09:59:54 --> idxPHRASE03F is in consistent state
2014-10-11 09:59:54 --> idxWORD13F contains 106 words from 77 records
2014-10-11 09:59:54 --> idxWORD13F is in consistent state
2014-10-11 09:59:54 --> No new records added. idxWORD13F is up to date
2014-10-11 09:59:54 --> idxWORD13F contains 106 words from 77 records
2014-10-11 09:59:54 --> idxWORD13F is in consistent state
2014-10-11 09:59:54 --> idxPAIR13F contains 101 words from 77 records
2014-10-11 09:59:54 --> idxPAIR13F is in consistent state
2014-10-11 09:59:54 --> No new records added. idxPAIR13F is up to date
2014-10-11 09:59:54 --> idxPAIR13F contains 101 words from 77 records
2014-10-11 09:59:54 --> idxPAIR13F is in consistent state
2014-10-11 09:59:54 --> idxPHRASE13F contains 61 words from 77 records
2014-10-11 09:59:54 --> idxPHRASE13F is in consistent state
2014-10-11 09:59:54 --> No new records added. idxPHRASE13F is up to date
2014-10-11 09:59:54 --> idxPHRASE13F contains 61 words from 77 records
2014-10-11 09:59:54 --> idxPHRASE13F is in consistent state
2014-10-11 09:59:54 --> idxWORD04F contains 702 words from 371 records
2014-10-11 09:59:54 --> idxWORD04F is in consistent state
2014-10-11 09:59:54 --> No new records added. idxWORD04F is up to date
2014-10-11 09:59:54 --> No new records added by author canonical IDs. idxWORD04F is up to date
2014-10-11 09:59:54 --> idxWORD04F contains 702 words from 371 records
2014-10-11 09:59:54 --> idxWORD04F is in consistent state
2014-10-11 09:59:54 --> idxPAIR04F contains 772 words from 371 records
2014-10-11 09:59:54 --> idxPAIR04F is in consistent state
2014-10-11 09:59:54 --> No new records added. idxPAIR04F is up to date
2014-10-11 09:59:54 --> No new records added by author canonical IDs. idxPAIR04F is up to date
2014-10-11 09:59:54 --> idxPAIR04F contains 772 words from 371 records
2014-10-11 09:59:54 --> idxPAIR04F is in consistent state
2014-10-11 09:59:54 --> idxPHRASE04F contains 2154 words from 371 records
2014-10-11 09:59:54 --> idxPHRASE04F is in consistent state
2014-10-11 09:59:54 --> No new records added. idxPHRASE04F is up to date
2014-10-11 09:59:54 --> No new records added by author canonical IDs. idxPHRASE04F is up to date
2014-10-11 09:59:54 --> idxPHRASE04F contains 2154 words from 371 records
2014-10-11 09:59:54 --> idxPHRASE04F is in consistent state
2014-10-11 09:59:54 --> idxWORD18F contains 13 words from 371 records
2014-10-11 09:59:54 --> idxWORD18F is in consistent state
2014-10-11 09:59:54 --> No new records added. idxWORD18F is up to date
2014-10-11 09:59:54 --> idxWORD18F contains 13 words from 371 records
2014-10-11 09:59:54 --> idxWORD18F is in consistent state
2014-10-11 09:59:54 --> idxPAIR18F contains 13 words from 371 records
2014-10-11 09:59:54 --> idxPAIR18F is in consistent state
2014-10-11 09:59:54 --> No new records added. idxPAIR18F is up to date
2014-10-11 09:59:54 --> idxPAIR18F contains 13 words from 371 records
2014-10-11 09:59:54 --> idxPAIR18F is in consistent state
2014-10-11 09:59:54 --> idxPHRASE18F contains 13 words from 371 records
2014-10-11 09:59:54 --> idxPHRASE18F is in consistent state
2014-10-11 09:59:54 --> No new records added. idxPHRASE18F is up to date
2014-10-11 09:59:54 --> idxPHRASE18F contains 13 words from 371 records
2014-10-11 09:59:54 --> idxPHRASE18F is in consistent state
2014-10-11 09:59:54 --> idxWORD15F contains 9 words from 1 records
2014-10-11 09:59:54 --> idxWORD15F is in consistent state
2014-10-11 09:59:54 --> No new records added. idxWORD15F is up to date
2014-10-11 09:59:54 --> idxWORD15F contains 9 words from 1 records
2014-10-11 09:59:54 --> idxWORD15F is in consistent state
2014-10-11 09:59:54 --> idxPAIR15F contains 2 words from 1 records
2014-10-11 09:59:54 --> idxPAIR15F is in consistent state
2014-10-11 09:59:54 --> No new records added. idxPAIR15F is up to date
2014-10-11 09:59:54 --> idxPAIR15F contains 2 words from 1 records
2014-10-11 09:59:54 --> idxPAIR15F is in consistent state
2014-10-11 09:59:54 --> idxPHRASE15F contains 6 words from 1 records
2014-10-11 09:59:54 --> idxPHRASE15F is in consistent state
2014-10-11 09:59:54 --> No new records added. idxPHRASE15F is up to date
2014-10-11 09:59:54 --> idxPHRASE15F contains 6 words from 1 records
2014-10-11 09:59:54 --> idxPHRASE15F is in consistent state
2014-10-11 09:59:54 --> idxWORD12F contains 21 words from 3 records
2014-10-11 09:59:54 --> idxWORD12F is in consistent state
2014-10-11 09:59:54 --> No new records added. idxWORD12F is up to date
2014-10-11 09:59:54 --> idxWORD12F contains 21 words from 3 records
2014-10-11 09:59:54 --> idxWORD12F is in consistent state
2014-10-11 09:59:54 --> idxPAIR12F contains 20 words from 3 records
2014-10-11 09:59:54 --> idxPAIR12F is in consistent state
2014-10-11 09:59:54 --> No new records added. idxPAIR12F is up to date
2014-10-11 09:59:54 --> idxPAIR12F contains 20 words from 3 records
2014-10-11 09:59:54 --> idxPAIR12F is in consistent state
2014-10-11 09:59:54 --> idxPHRASE12F contains 3 words from 3 records
2014-10-11 09:59:54 --> idxPHRASE12F is in consistent state
2014-10-11 09:59:54 --> No new records added. idxPHRASE12F is up to date
2014-10-11 09:59:54 --> idxPHRASE12F contains 3 words from 3 records
2014-10-11 09:59:54 --> idxPHRASE12F is in consistent state
2014-10-11 09:59:54 --> idxWORD02F contains 32 words from 366 records
2014-10-11 09:59:54 --> idxWORD02F is in consistent state
2014-10-11 09:59:54 --> No new records added. idxWORD02F is up to date
2014-10-11 09:59:54 --> idxWORD02F contains 32 words from 366 records
2014-10-11 09:59:54 --> idxWORD02F is in consistent state
2014-10-11 09:59:54 --> idxPAIR02F contains 0 words from 366 records
2014-10-11 09:59:54 --> idxPAIR02F is in consistent state
2014-10-11 09:59:54 --> No new records added. idxPAIR02F is up to date
2014-10-11 09:59:54 --> idxPAIR02F contains 0 words from 366 records
2014-10-11 09:59:54 --> idxPAIR02F is in consistent state
2014-10-11 09:59:54 --> idxPHRASE02F contains 32 words from 366 records
2014-10-11 09:59:54 --> idxPHRASE02F is in consistent state
2014-10-11 09:59:54 --> No new records added. idxPHRASE02F is up to date
2014-10-11 09:59:54 --> idxPHRASE02F contains 32 words from 366 records
2014-10-11 09:59:54 --> idxPHRASE02F is in consistent state
2014-10-11 09:59:54 --> idxWORD14F contains 702 words from 371 records
2014-10-11 09:59:54 --> idxWORD14F is in consistent state
2014-10-11 09:59:54 --> No new records added. idxWORD14F is up to date
2014-10-11 09:59:54 --> No new records added by author canonical IDs. idxWORD14F is up to date
2014-10-11 09:59:54 --> idxWORD14F contains 702 words from 371 records
2014-10-11 09:59:54 --> idxWORD14F is in consistent state
2014-10-11 09:59:54 --> idxPAIR14F contains 772 words from 371 records
2014-10-11 09:59:54 --> idxPAIR14F is in consistent state
2014-10-11 09:59:54 --> No new records added. idxPAIR14F is up to date
2014-10-11 09:59:54 --> No new records added by author canonical IDs. idxPAIR14F is up to date
2014-10-11 09:59:54 --> idxPAIR14F contains 772 words from 371 records
2014-10-11 09:59:54 --> idxPAIR14F is in consistent state
2014-10-11 09:59:54 --> idxPHRASE14F contains 643 words from 371 records
2014-10-11 09:59:54 --> idxPHRASE14F is in consistent state
2014-10-11 09:59:54 --> No new records added. idxPHRASE14F is up to date
2014-10-11 09:59:54 --> No new records added by author canonical IDs. idxPHRASE14F is up to date
2014-10-11 09:59:54 --> idxPHRASE14F contains 643 words from 371 records
2014-10-11 09:59:54 --> idxPHRASE14F is in consistent state
2014-10-11 09:59:54 --> idxWORD17F contains 162 words from 371 records
2014-10-11 09:59:54 --> idxWORD17F is in consistent state
2014-10-11 09:59:54 --> No new records added. idxWORD17F is up to date
2014-10-11 09:59:54 --> No new records added by author canonical IDs. idxWORD17F is up to date
2014-10-11 09:59:54 --> idxWORD17F contains 162 words from 371 records
2014-10-11 09:59:54 --> idxWORD17F is in consistent state
2014-10-11 09:59:54 --> idxPAIR17F contains 129 words from 371 records
2014-10-11 09:59:54 --> idxPAIR17F is in consistent state
2014-10-11 09:59:54 --> No new records added. idxPAIR17F is up to date
2014-10-11 09:59:54 --> No new records added by author canonical IDs. idxPAIR17F is up to date
2014-10-11 09:59:54 --> idxPAIR17F contains 129 words from 371 records
2014-10-11 09:59:54 --> idxPAIR17F is in consistent state
2014-10-11 09:59:54 --> idxPHRASE17F contains 109 words from 371 records
2014-10-11 09:59:54 --> idxPHRASE17F is in consistent state
2014-10-11 09:59:54 --> No new records added. idxPHRASE17F is up to date
2014-10-11 09:59:54 --> No new records added by author canonical IDs. idxPHRASE17F is up to date
2014-10-11 09:59:54 --> idxPHRASE17F contains 109 words from 371 records
2014-10-11 09:59:54 --> idxPHRASE17F is in consistent state
2014-10-11 09:59:54 --> idxWORD16F contains 162 words from 371 records
2014-10-11 09:59:54 --> idxWORD16F is in consistent state
2014-10-11 09:59:54 --> No new records added. idxWORD16F is up to date
2014-10-11 09:59:54 --> No new records added by author canonical IDs. idxWORD16F is up to date
2014-10-11 09:59:54 --> idxWORD16F contains 162 words from 371 records
2014-10-11 09:59:54 --> idxWORD16F is in consistent state
2014-10-11 09:59:54 --> idxPAIR16F contains 129 words from 371 records
2014-10-11 09:59:54 --> idxPAIR16F is in consistent state
2014-10-11 09:59:54 --> No new records added. idxPAIR16F is up to date
2014-10-11 09:59:54 --> No new records added by author canonical IDs. idxPAIR16F is up to date
2014-10-11 09:59:54 --> idxPAIR16F contains 129 words from 371 records
2014-10-11 09:59:54 --> idxPAIR16F is in consistent state
2014-10-11 09:59:54 --> idxPHRASE16F contains 460 words from 371 records
2014-10-11 09:59:54 --> idxPHRASE16F is in consistent state
2014-10-11 09:59:54 --> No new records added. idxPHRASE16F is up to date
2014-10-11 09:59:54 --> No new records added by author canonical IDs. idxPHRASE16F is up to date
2014-10-11 09:59:54 --> idxPHRASE16F contains 460 words from 371 records
2014-10-11 09:59:54 --> idxPHRASE16F is in consistent state
2014-10-11 09:59:54 --> idxWORD09F has stemming enabled, language en
2014-10-11 09:59:54 --> idxWORD09F contains 32887 words from 322 records
2014-10-11 09:59:54 --> idxWORD09F is in consistent state
2014-10-11 09:59:54 --> No new records added. idxWORD09F is up to date
2014-10-11 09:59:54 --> idxWORD09F contains 32887 words from 322 records
2014-10-11 09:59:54 --> idxWORD09F is in consistent state
2014-10-11 09:59:54 --> idxPAIR09F contains 0 words from 322 records
2014-10-11 09:59:54 --> idxPAIR09F is in consistent state
2014-10-11 09:59:54 --> No new records added. idxPAIR09F is up to date
2014-10-11 09:59:54 --> idxPAIR09F contains 0 words from 322 records
2014-10-11 09:59:54 --> idxPAIR09F is in consistent state
2014-10-11 09:59:54 --> idxPHRASE09F contains 0 words from 322 records
2014-10-11 09:59:54 --> idxPHRASE09F is in consistent state
2014-10-11 09:59:54 --> No new records added. idxPHRASE09F is up to date
2014-10-11 09:59:54 --> idxPHRASE09F contains 0 words from 322 records
2014-10-11 09:59:54 --> idxPHRASE09F is in consistent state
2014-10-11 09:59:54 --> idxWORD01F has stemming enabled, language en
2014-10-11 09:59:54 --> idxWORD01F contains 6780 words from 370 records
2014-10-11 09:59:54 --> idxWORD01F is in consistent state
2014-10-11 09:59:54 --> No new records added. idxWORD01F is up to date
2014-10-11 09:59:54 --> idxWORD01F contains 6780 words from 370 records
2014-10-11 09:59:54 --> idxWORD01F is in consistent state
2014-10-11 09:59:54 --> idxPAIR01F contains 12213 words from 370 records
2014-10-11 09:59:54 --> idxPAIR01F is in consistent state
2014-10-11 09:59:54 --> No new records added. idxPAIR01F is up to date
2014-10-11 09:59:54 --> idxPAIR01F contains 12213 words from 370 records
2014-10-11 09:59:54 --> idxPAIR01F is in consistent state
2014-10-11 09:59:54 --> idxPHRASE01F contains 2765 words from 370 records
2014-10-11 09:59:54 --> idxPHRASE01F is in consistent state
2014-10-11 09:59:54 --> No new records added. idxPHRASE01F is up to date
2014-10-11 09:59:54 --> idxPHRASE01F contains 2765 words from 370 records
2014-10-11 09:59:54 --> idxPHRASE01F is in consistent state
2014-10-11 09:59:54 --> idxWORD11F contains 134 words from 371 records
2014-10-11 09:59:54 --> idxWORD11F is in consistent state
2014-10-11 09:59:54 --> No new records added. idxWORD11F is up to date
2014-10-11 09:59:54 --> idxWORD11F contains 134 words from 371 records
2014-10-11 09:59:54 --> idxWORD11F is in consistent state
2014-10-11 09:59:54 --> idxPAIR11F contains 134 words from 371 records
2014-10-11 09:59:54 --> idxPAIR11F is in consistent state
2014-10-11 09:59:54 --> No new records added. idxPAIR11F is up to date
2014-10-11 09:59:54 --> idxPAIR11F contains 134 words from 371 records
2014-10-11 09:59:54 --> idxPAIR11F is in consistent state
2014-10-11 09:59:54 --> idxPHRASE11F contains 134 words from 371 records
2014-10-11 09:59:54 --> idxPHRASE11F is in consistent state
2014-10-11 09:59:54 --> No new records added. idxPHRASE11F is up to date
2014-10-11 09:59:54 --> idxPHRASE11F contains 134 words from 371 records
2014-10-11 09:59:54 --> idxPHRASE11F is in consistent state
2014-10-11 09:59:54 --> idxWORD05F has stemming enabled, language en
2014-10-11 09:59:54 --> idxWORD05F contains 224 words from 206 records
2014-10-11 09:59:54 --> idxWORD05F is in consistent state
2014-10-11 09:59:54 --> No new records added. idxWORD05F is up to date
2014-10-11 09:59:54 --> idxWORD05F contains 224 words from 206 records
2014-10-11 09:59:54 --> idxWORD05F is in consistent state
2014-10-11 09:59:54 --> idxPAIR05F contains 13 words from 206 records
2014-10-11 09:59:54 --> idxPAIR05F is in consistent state
2014-10-11 09:59:54 --> No new records added. idxPAIR05F is up to date
2014-10-11 09:59:54 --> idxPAIR05F contains 13 words from 206 records
2014-10-11 09:59:54 --> idxPAIR05F is in consistent state
2014-10-11 09:59:54 --> idxPHRASE05F contains 214 words from 206 records
2014-10-11 09:59:54 --> idxPHRASE05F is in consistent state
2014-10-11 09:59:54 --> No new records added. idxPHRASE05F is up to date
2014-10-11 09:59:54 --> idxPHRASE05F contains 214 words from 206 records
2014-10-11 09:59:54 --> idxPHRASE05F is in consistent state
2014-10-11 09:59:54 --> idxWORD06F contains 7262 words from 48 records
2014-10-11 09:59:54 --> idxWORD06F is in consistent state
2014-10-11 09:59:54 --> No new records added. idxWORD06F is up to date
2014-10-11 09:59:54 --> idxWORD06F contains 7262 words from 48 records
2014-10-11 09:59:54 --> idxWORD06F is in consistent state
2014-10-11 09:59:54 --> idxPAIR06F contains 12452 words from 48 records
2014-10-11 09:59:54 --> idxPAIR06F is in consistent state
2014-10-11 09:59:54 --> No new records added. idxPAIR06F is up to date
2014-10-11 09:59:54 --> idxPAIR06F contains 12452 words from 48 records
2014-10-11 09:59:54 --> idxPAIR06F is in consistent state
2014-10-11 09:59:54 --> idxPHRASE06F contains 4927 words from 48 records
2014-10-11 09:59:54 --> idxPHRASE06F is in consistent state
2014-10-11 09:59:54 --> No new records added. idxPHRASE06F is up to date
2014-10-11 09:59:54 --> idxPHRASE06F contains 4927 words from 48 records
2014-10-11 09:59:54 --> idxPHRASE06F is in consistent state
2014-10-11 09:59:55 --> idxWORD07F contains 569 words from 345 records
2014-10-11 09:59:55 --> idxWORD07F is in consistent state
2014-10-11 09:59:55 --> No new records added. idxWORD07F is up to date
2014-10-11 09:59:55 --> idxWORD07F contains 569 words from 345 records
2014-10-11 09:59:55 --> idxWORD07F is in consistent state
2014-10-11 09:59:55 --> idxPAIR07F contains 309 words from 345 records
2014-10-11 09:59:55 --> idxPAIR07F is in consistent state
2014-10-11 09:59:55 --> No new records added. idxPAIR07F is up to date
2014-10-11 09:59:55 --> idxPAIR07F contains 309 words from 345 records
2014-10-11 09:59:55 --> idxPAIR07F is in consistent state
2014-10-11 09:59:55 --> idxPHRASE07F contains 281 words from 345 records
2014-10-11 09:59:55 --> idxPHRASE07F is in consistent state
2014-10-11 09:59:55 --> No new records added. idxPHRASE07F is up to date
2014-10-11 09:59:55 --> idxPHRASE07F contains 281 words from 345 records
2014-10-11 09:59:55 --> idxPHRASE07F is in consistent state
2014-10-11 09:59:55 --> idxWORD08F has stemming enabled, language en
2014-10-11 09:59:55 --> idxWORD08F contains 785 words from 367 records
2014-10-11 09:59:55 --> idxWORD08F is in consistent state
2014-10-11 09:59:55 --> No new records added. idxWORD08F is up to date
2014-10-11 09:59:55 --> idxWORD08F contains 785 words from 367 records
2014-10-11 09:59:55 --> idxWORD08F is in consistent state
2014-10-11 09:59:55 --> idxPAIR08F contains 795 words from 367 records
2014-10-11 09:59:55 --> idxPAIR08F is in consistent state
2014-10-11 09:59:55 --> No new records added. idxPAIR08F is up to date
2014-10-11 09:59:55 --> idxPAIR08F contains 795 words from 367 records
2014-10-11 09:59:55 --> idxPAIR08F is in consistent state
2014-10-11 09:59:55 --> idxPHRASE08F contains 268 words from 367 records
2014-10-11 09:59:55 --> idxPHRASE08F is in consistent state
2014-10-11 09:59:55 --> No new records added. idxPHRASE08F is up to date
2014-10-11 09:59:55 --> idxPHRASE08F contains 268 words from 367 records
2014-10-11 09:59:55 --> idxPHRASE08F is in consistent state
2014-10-11 09:59:55 --> idxWORD10F contains 31 words from 79 records
2014-10-11 09:59:55 --> idxWORD10F is in consistent state
2014-10-11 09:59:55 --> No new records added. idxWORD10F is up to date
2014-10-11 09:59:55 --> idxWORD10F contains 31 words from 79 records
2014-10-11 09:59:55 --> idxWORD10F is in consistent state
2014-10-11 09:59:55 --> idxPAIR10F contains 1 words from 79 records
2014-10-11 09:59:55 --> idxPAIR10F is in consistent state
2014-10-11 09:59:55 --> No new records added. idxPAIR10F is up to date
2014-10-11 09:59:55 --> idxPAIR10F contains 1 words from 79 records
2014-10-11 09:59:55 --> idxPAIR10F is in consistent state
2014-10-11 09:59:55 --> idxPHRASE10F contains 29 words from 79 records
2014-10-11 09:59:55 --> idxPHRASE10F is in consistent state
2014-10-11 09:59:55 --> No new records added. idxPHRASE10F is up to date
2014-10-11 09:59:55 --> idxPHRASE10F contains 29 words from 79 records
2014-10-11 09:59:55 --> idxPHRASE10F is in consistent state
2014-10-11 09:59:55 --> Task #1123 finished and resubmitted.
2014-10-11 10:04:55 --> Task #1123 started.
2014-10-11 10:04:55 --> idxWORD03F has stemming enabled, language en
2014-10-11 10:04:55 --> idxWORD03F contains 3554 words from 251 records
2014-10-11 10:04:55 --> idxWORD03F is in consistent state
2014-10-11 10:04:55 --> No new records added. idxWORD03F is up to date
2014-10-11 10:04:55 --> idxWORD03F contains 3554 words from 251 records
2014-10-11 10:04:55 --> idxWORD03F is in consistent state
2014-10-11 10:04:55 --> idxPAIR03F contains 9293 words from 251 records
2014-10-11 10:04:55 --> idxPAIR03F is in consistent state
2014-10-11 10:04:55 --> No new records added. idxPAIR03F is up to date
2014-10-11 10:04:55 --> idxPAIR03F contains 9293 words from 251 records
2014-10-11 10:04:55 --> idxPAIR03F is in consistent state
2014-10-11 10:04:55 --> idxPHRASE03F contains 175 words from 251 records
2014-10-11 10:04:55 --> idxPHRASE03F is in consistent state
2014-10-11 10:04:55 --> No new records added. idxPHRASE03F is up to date
2014-10-11 10:04:55 --> idxPHRASE03F contains 175 words from 251 records
2014-10-11 10:04:55 --> idxPHRASE03F is in consistent state
2014-10-11 10:04:55 --> idxWORD13F contains 106 words from 77 records
2014-10-11 10:04:55 --> idxWORD13F is in consistent state
2014-10-11 10:04:55 --> No new records added. idxWORD13F is up to date
2014-10-11 10:04:55 --> idxWORD13F contains 106 words from 77 records
2014-10-11 10:04:55 --> idxWORD13F is in consistent state
2014-10-11 10:04:55 --> idxPAIR13F contains 101 words from 77 records
2014-10-11 10:04:55 --> idxPAIR13F is in consistent state
2014-10-11 10:04:55 --> No new records added. idxPAIR13F is up to date
2014-10-11 10:04:55 --> idxPAIR13F contains 101 words from 77 records
2014-10-11 10:04:55 --> idxPAIR13F is in consistent state
2014-10-11 10:04:55 --> idxPHRASE13F contains 61 words from 77 records
2014-10-11 10:04:55 --> idxPHRASE13F is in consistent state
2014-10-11 10:04:55 --> No new records added. idxPHRASE13F is up to date
2014-10-11 10:04:55 --> idxPHRASE13F contains 61 words from 77 records
2014-10-11 10:04:55 --> idxPHRASE13F is in consistent state
2014-10-11 10:04:55 --> idxWORD04F contains 702 words from 371 records
2014-10-11 10:04:55 --> idxWORD04F is in consistent state
2014-10-11 10:04:55 --> No new records added. idxWORD04F is up to date
2014-10-11 10:04:55 --> No new records added by author canonical IDs. idxWORD04F is up to date
2014-10-11 10:04:55 --> idxWORD04F contains 702 words from 371 records
2014-10-11 10:04:55 --> idxWORD04F is in consistent state
2014-10-11 10:04:55 --> idxPAIR04F contains 772 words from 371 records
2014-10-11 10:04:55 --> idxPAIR04F is in consistent state
2014-10-11 10:04:55 --> No new records added. idxPAIR04F is up to date
2014-10-11 10:04:55 --> No new records added by author canonical IDs. idxPAIR04F is up to date
2014-10-11 10:04:55 --> idxPAIR04F contains 772 words from 371 records
2014-10-11 10:04:55 --> idxPAIR04F is in consistent state
2014-10-11 10:04:55 --> idxPHRASE04F contains 2154 words from 371 records
2014-10-11 10:04:55 --> idxPHRASE04F is in consistent state
2014-10-11 10:04:55 --> No new records added. idxPHRASE04F is up to date
2014-10-11 10:04:55 --> No new records added by author canonical IDs. idxPHRASE04F is up to date
2014-10-11 10:04:55 --> idxPHRASE04F contains 2154 words from 371 records
2014-10-11 10:04:55 --> idxPHRASE04F is in consistent state
2014-10-11 10:04:55 --> idxWORD18F contains 13 words from 371 records
2014-10-11 10:04:55 --> idxWORD18F is in consistent state
2014-10-11 10:04:55 --> No new records added. idxWORD18F is up to date
2014-10-11 10:04:55 --> idxWORD18F contains 13 words from 371 records
2014-10-11 10:04:55 --> idxWORD18F is in consistent state
2014-10-11 10:04:55 --> idxPAIR18F contains 13 words from 371 records
2014-10-11 10:04:55 --> idxPAIR18F is in consistent state
2014-10-11 10:04:55 --> No new records added. idxPAIR18F is up to date
2014-10-11 10:04:55 --> idxPAIR18F contains 13 words from 371 records
2014-10-11 10:04:55 --> idxPAIR18F is in consistent state
2014-10-11 10:04:55 --> idxPHRASE18F contains 13 words from 371 records
2014-10-11 10:04:55 --> idxPHRASE18F is in consistent state
2014-10-11 10:04:55 --> No new records added. idxPHRASE18F is up to date
2014-10-11 10:04:55 --> idxPHRASE18F contains 13 words from 371 records
2014-10-11 10:04:55 --> idxPHRASE18F is in consistent state
2014-10-11 10:04:55 --> idxWORD15F contains 9 words from 1 records
2014-10-11 10:04:55 --> idxWORD15F is in consistent state
2014-10-11 10:04:55 --> No new records added. idxWORD15F is up to date
2014-10-11 10:04:55 --> idxWORD15F contains 9 words from 1 records
2014-10-11 10:04:55 --> idxWORD15F is in consistent state
2014-10-11 10:04:55 --> idxPAIR15F contains 2 words from 1 records
2014-10-11 10:04:55 --> idxPAIR15F is in consistent state
2014-10-11 10:04:55 --> No new records added. idxPAIR15F is up to date
2014-10-11 10:04:55 --> idxPAIR15F contains 2 words from 1 records
2014-10-11 10:04:55 --> idxPAIR15F is in consistent state
2014-10-11 10:04:55 --> idxPHRASE15F contains 6 words from 1 records
2014-10-11 10:04:55 --> idxPHRASE15F is in consistent state
2014-10-11 10:04:55 --> No new records added. idxPHRASE15F is up to date
2014-10-11 10:04:55 --> idxPHRASE15F contains 6 words from 1 records
2014-10-11 10:04:55 --> idxPHRASE15F is in consistent state
2014-10-11 10:04:55 --> idxWORD12F contains 21 words from 3 records
2014-10-11 10:04:55 --> idxWORD12F is in consistent state
2014-10-11 10:04:55 --> No new records added. idxWORD12F is up to date
2014-10-11 10:04:55 --> idxWORD12F contains 21 words from 3 records
2014-10-11 10:04:55 --> idxWORD12F is in consistent state
2014-10-11 10:04:55 --> idxPAIR12F contains 20 words from 3 records
2014-10-11 10:04:55 --> idxPAIR12F is in consistent state
2014-10-11 10:04:55 --> No new records added. idxPAIR12F is up to date
2014-10-11 10:04:55 --> idxPAIR12F contains 20 words from 3 records
2014-10-11 10:04:55 --> idxPAIR12F is in consistent state
2014-10-11 10:04:55 --> idxPHRASE12F contains 3 words from 3 records
2014-10-11 10:04:55 --> idxPHRASE12F is in consistent state
2014-10-11 10:04:55 --> No new records added. idxPHRASE12F is up to date
2014-10-11 10:04:55 --> idxPHRASE12F contains 3 words from 3 records
2014-10-11 10:04:55 --> idxPHRASE12F is in consistent state
2014-10-11 10:04:55 --> idxWORD02F contains 32 words from 366 records
2014-10-11 10:04:55 --> idxWORD02F is in consistent state
2014-10-11 10:04:55 --> No new records added. idxWORD02F is up to date
2014-10-11 10:04:55 --> idxWORD02F contains 32 words from 366 records
2014-10-11 10:04:55 --> idxWORD02F is in consistent state
2014-10-11 10:04:55 --> idxPAIR02F contains 0 words from 366 records
2014-10-11 10:04:55 --> idxPAIR02F is in consistent state
2014-10-11 10:04:55 --> No new records added. idxPAIR02F is up to date
2014-10-11 10:04:55 --> idxPAIR02F contains 0 words from 366 records
2014-10-11 10:04:55 --> idxPAIR02F is in consistent state
2014-10-11 10:04:55 --> idxPHRASE02F contains 32 words from 366 records
2014-10-11 10:04:55 --> idxPHRASE02F is in consistent state
2014-10-11 10:04:55 --> No new records added. idxPHRASE02F is up to date
2014-10-11 10:04:55 --> idxPHRASE02F contains 32 words from 366 records
2014-10-11 10:04:55 --> idxPHRASE02F is in consistent state
2014-10-11 10:04:55 --> idxWORD14F contains 702 words from 371 records
2014-10-11 10:04:55 --> idxWORD14F is in consistent state
2014-10-11 10:04:55 --> No new records added. idxWORD14F is up to date
2014-10-11 10:04:55 --> No new records added by author canonical IDs. idxWORD14F is up to date
2014-10-11 10:04:55 --> idxWORD14F contains 702 words from 371 records
2014-10-11 10:04:55 --> idxWORD14F is in consistent state
2014-10-11 10:04:55 --> idxPAIR14F contains 772 words from 371 records
2014-10-11 10:04:55 --> idxPAIR14F is in consistent state
2014-10-11 10:04:55 --> No new records added. idxPAIR14F is up to date
2014-10-11 10:04:55 --> No new records added by author canonical IDs. idxPAIR14F is up to date
2014-10-11 10:04:55 --> idxPAIR14F contains 772 words from 371 records
2014-10-11 10:04:55 --> idxPAIR14F is in consistent state
2014-10-11 10:04:55 --> idxPHRASE14F contains 643 words from 371 records
2014-10-11 10:04:55 --> idxPHRASE14F is in consistent state
2014-10-11 10:04:55 --> No new records added. idxPHRASE14F is up to date
2014-10-11 10:04:55 --> No new records added by author canonical IDs. idxPHRASE14F is up to date
2014-10-11 10:04:55 --> idxPHRASE14F contains 643 words from 371 records
2014-10-11 10:04:55 --> idxPHRASE14F is in consistent state
2014-10-11 10:04:55 --> idxWORD17F contains 162 words from 371 records
2014-10-11 10:04:55 --> idxWORD17F is in consistent state
2014-10-11 10:04:55 --> No new records added. idxWORD17F is up to date
2014-10-11 10:04:55 --> No new records added by author canonical IDs. idxWORD17F is up to date
2014-10-11 10:04:55 --> idxWORD17F contains 162 words from 371 records
2014-10-11 10:04:55 --> idxWORD17F is in consistent state
2014-10-11 10:04:55 --> idxPAIR17F contains 129 words from 371 records
2014-10-11 10:04:55 --> idxPAIR17F is in consistent state
2014-10-11 10:04:55 --> No new records added. idxPAIR17F is up to date
2014-10-11 10:04:55 --> No new records added by author canonical IDs. idxPAIR17F is up to date
2014-10-11 10:04:55 --> idxPAIR17F contains 129 words from 371 records
2014-10-11 10:04:55 --> idxPAIR17F is in consistent state
2014-10-11 10:04:55 --> idxPHRASE17F contains 109 words from 371 records
2014-10-11 10:04:55 --> idxPHRASE17F is in consistent state
2014-10-11 10:04:55 --> No new records added. idxPHRASE17F is up to date
2014-10-11 10:04:55 --> No new records added by author canonical IDs. idxPHRASE17F is up to date
2014-10-11 10:04:55 --> idxPHRASE17F contains 109 words from 371 records
2014-10-11 10:04:55 --> idxPHRASE17F is in consistent state
2014-10-11 10:04:55 --> idxWORD16F contains 162 words from 371 records
2014-10-11 10:04:55 --> idxWORD16F is in consistent state
2014-10-11 10:04:55 --> No new records added. idxWORD16F is up to date
2014-10-11 10:04:55 --> No new records added by author canonical IDs. idxWORD16F is up to date
2014-10-11 10:04:55 --> idxWORD16F contains 162 words from 371 records
2014-10-11 10:04:55 --> idxWORD16F is in consistent state
2014-10-11 10:04:55 --> idxPAIR16F contains 129 words from 371 records
2014-10-11 10:04:55 --> idxPAIR16F is in consistent state
2014-10-11 10:04:55 --> No new records added. idxPAIR16F is up to date
2014-10-11 10:04:55 --> No new records added by author canonical IDs. idxPAIR16F is up to date
2014-10-11 10:04:55 --> idxPAIR16F contains 129 words from 371 records
2014-10-11 10:04:55 --> idxPAIR16F is in consistent state
2014-10-11 10:04:55 --> idxPHRASE16F contains 460 words from 371 records
2014-10-11 10:04:55 --> idxPHRASE16F is in consistent state
2014-10-11 10:04:55 --> No new records added. idxPHRASE16F is up to date
2014-10-11 10:04:55 --> No new records added by author canonical IDs. idxPHRASE16F is up to date
2014-10-11 10:04:55 --> idxPHRASE16F contains 460 words from 371 records
2014-10-11 10:04:55 --> idxPHRASE16F is in consistent state
2014-10-11 10:04:55 --> idxWORD09F has stemming enabled, language en
2014-10-11 10:04:55 --> idxWORD09F contains 32887 words from 322 records
2014-10-11 10:04:55 --> idxWORD09F is in consistent state
2014-10-11 10:04:55 --> No new records added. idxWORD09F is up to date
2014-10-11 10:04:55 --> idxWORD09F contains 32887 words from 322 records
2014-10-11 10:04:55 --> idxWORD09F is in consistent state
2014-10-11 10:04:55 --> idxPAIR09F contains 0 words from 322 records
2014-10-11 10:04:55 --> idxPAIR09F is in consistent state
2014-10-11 10:04:55 --> No new records added. idxPAIR09F is up to date
2014-10-11 10:04:55 --> idxPAIR09F contains 0 words from 322 records
2014-10-11 10:04:55 --> idxPAIR09F is in consistent state
2014-10-11 10:04:55 --> idxPHRASE09F contains 0 words from 322 records
2014-10-11 10:04:55 --> idxPHRASE09F is in consistent state
2014-10-11 10:04:55 --> No new records added. idxPHRASE09F is up to date
2014-10-11 10:04:55 --> idxPHRASE09F contains 0 words from 322 records
2014-10-11 10:04:55 --> idxPHRASE09F is in consistent state
2014-10-11 10:04:55 --> idxWORD01F has stemming enabled, language en
2014-10-11 10:04:55 --> idxWORD01F contains 6780 words from 370 records
2014-10-11 10:04:55 --> idxWORD01F is in consistent state
2014-10-11 10:04:55 --> No new records added. idxWORD01F is up to date
2014-10-11 10:04:55 --> idxWORD01F contains 6780 words from 370 records
2014-10-11 10:04:55 --> idxWORD01F is in consistent state
2014-10-11 10:04:55 --> idxPAIR01F contains 12213 words from 370 records
2014-10-11 10:04:55 --> idxPAIR01F is in consistent state
2014-10-11 10:04:55 --> No new records added. idxPAIR01F is up to date
2014-10-11 10:04:55 --> idxPAIR01F contains 12213 words from 370 records
2014-10-11 10:04:55 --> idxPAIR01F is in consistent state
2014-10-11 10:04:55 --> idxPHRASE01F contains 2765 words from 370 records
2014-10-11 10:04:55 --> idxPHRASE01F is in consistent state
2014-10-11 10:04:55 --> No new records added. idxPHRASE01F is up to date
2014-10-11 10:04:55 --> idxPHRASE01F contains 2765 words from 370 records
2014-10-11 10:04:55 --> idxPHRASE01F is in consistent state
2014-10-11 10:04:55 --> idxWORD11F contains 134 words from 371 records
2014-10-11 10:04:55 --> idxWORD11F is in consistent state
2014-10-11 10:04:55 --> No new records added. idxWORD11F is up to date
2014-10-11 10:04:55 --> idxWORD11F contains 134 words from 371 records
2014-10-11 10:04:55 --> idxWORD11F is in consistent state
2014-10-11 10:04:55 --> idxPAIR11F contains 134 words from 371 records
2014-10-11 10:04:55 --> idxPAIR11F is in consistent state
2014-10-11 10:04:55 --> No new records added. idxPAIR11F is up to date
2014-10-11 10:04:55 --> idxPAIR11F contains 134 words from 371 records
2014-10-11 10:04:55 --> idxPAIR11F is in consistent state
2014-10-11 10:04:55 --> idxPHRASE11F contains 134 words from 371 records
2014-10-11 10:04:55 --> idxPHRASE11F is in consistent state
2014-10-11 10:04:55 --> No new records added. idxPHRASE11F is up to date
2014-10-11 10:04:55 --> idxPHRASE11F contains 134 words from 371 records
2014-10-11 10:04:55 --> idxPHRASE11F is in consistent state
2014-10-11 10:04:55 --> idxWORD05F has stemming enabled, language en
2014-10-11 10:04:55 --> idxWORD05F contains 224 words from 206 records
2014-10-11 10:04:55 --> idxWORD05F is in consistent state
2014-10-11 10:04:55 --> No new records added. idxWORD05F is up to date
2014-10-11 10:04:55 --> idxWORD05F contains 224 words from 206 records
2014-10-11 10:04:55 --> idxWORD05F is in consistent state
2014-10-11 10:04:55 --> idxPAIR05F contains 13 words from 206 records
2014-10-11 10:04:55 --> idxPAIR05F is in consistent state
2014-10-11 10:04:55 --> No new records added. idxPAIR05F is up to date
2014-10-11 10:04:55 --> idxPAIR05F contains 13 words from 206 records
2014-10-11 10:04:55 --> idxPAIR05F is in consistent state
2014-10-11 10:04:55 --> idxPHRASE05F contains 214 words from 206 records
2014-10-11 10:04:55 --> idxPHRASE05F is in consistent state
2014-10-11 10:04:55 --> No new records added. idxPHRASE05F is up to date
2014-10-11 10:04:55 --> idxPHRASE05F contains 214 words from 206 records
2014-10-11 10:04:55 --> idxPHRASE05F is in consistent state
2014-10-11 10:04:55 --> idxWORD06F contains 7262 words from 48 records
2014-10-11 10:04:55 --> idxWORD06F is in consistent state
2014-10-11 10:04:55 --> No new records added. idxWORD06F is up to date
2014-10-11 10:04:55 --> idxWORD06F contains 7262 words from 48 records
2014-10-11 10:04:55 --> idxWORD06F is in consistent state
2014-10-11 10:04:55 --> idxPAIR06F contains 12452 words from 48 records
2014-10-11 10:04:55 --> idxPAIR06F is in consistent state
2014-10-11 10:04:55 --> No new records added. idxPAIR06F is up to date
2014-10-11 10:04:55 --> idxPAIR06F contains 12452 words from 48 records
2014-10-11 10:04:55 --> idxPAIR06F is in consistent state
2014-10-11 10:04:55 --> idxPHRASE06F contains 4927 words from 48 records
2014-10-11 10:04:55 --> idxPHRASE06F is in consistent state
2014-10-11 10:04:55 --> No new records added. idxPHRASE06F is up to date
2014-10-11 10:04:55 --> idxPHRASE06F contains 4927 words from 48 records
2014-10-11 10:04:55 --> idxPHRASE06F is in consistent state
2014-10-11 10:04:55 --> idxWORD07F contains 569 words from 345 records
2014-10-11 10:04:55 --> idxWORD07F is in consistent state
2014-10-11 10:04:55 --> No new records added. idxWORD07F is up to date
2014-10-11 10:04:55 --> idxWORD07F contains 569 words from 345 records
2014-10-11 10:04:55 --> idxWORD07F is in consistent state
2014-10-11 10:04:55 --> idxPAIR07F contains 309 words from 345 records
2014-10-11 10:04:55 --> idxPAIR07F is in consistent state
2014-10-11 10:04:55 --> No new records added. idxPAIR07F is up to date
2014-10-11 10:04:55 --> idxPAIR07F contains 309 words from 345 records
2014-10-11 10:04:55 --> idxPAIR07F is in consistent state
2014-10-11 10:04:55 --> idxPHRASE07F contains 281 words from 345 records
2014-10-11 10:04:55 --> idxPHRASE07F is in consistent state
2014-10-11 10:04:55 --> No new records added. idxPHRASE07F is up to date
2014-10-11 10:04:55 --> idxPHRASE07F contains 281 words from 345 records
2014-10-11 10:04:55 --> idxPHRASE07F is in consistent state
2014-10-11 10:04:55 --> idxWORD08F has stemming enabled, language en
2014-10-11 10:04:55 --> idxWORD08F contains 785 words from 367 records
2014-10-11 10:04:55 --> idxWORD08F is in consistent state
2014-10-11 10:04:55 --> No new records added. idxWORD08F is up to date
2014-10-11 10:04:55 --> idxWORD08F contains 785 words from 367 records
2014-10-11 10:04:55 --> idxWORD08F is in consistent state
2014-10-11 10:04:55 --> idxPAIR08F contains 795 words from 367 records
2014-10-11 10:04:55 --> idxPAIR08F is in consistent state
2014-10-11 10:04:55 --> No new records added. idxPAIR08F is up to date
2014-10-11 10:04:55 --> idxPAIR08F contains 795 words from 367 records
2014-10-11 10:04:55 --> idxPAIR08F is in consistent state
2014-10-11 10:04:55 --> idxPHRASE08F contains 268 words from 367 records
2014-10-11 10:04:55 --> idxPHRASE08F is in consistent state
2014-10-11 10:04:55 --> No new records added. idxPHRASE08F is up to date
2014-10-11 10:04:55 --> idxPHRASE08F contains 268 words from 367 records
2014-10-11 10:04:55 --> idxPHRASE08F is in consistent state
2014-10-11 10:04:55 --> idxWORD10F contains 31 words from 79 records
2014-10-11 10:04:55 --> idxWORD10F is in consistent state
2014-10-11 10:04:55 --> No new records added. idxWORD10F is up to date
2014-10-11 10:04:55 --> idxWORD10F contains 31 words from 79 records
2014-10-11 10:04:55 --> idxWORD10F is in consistent state
2014-10-11 10:04:55 --> idxPAIR10F contains 1 words from 79 records
2014-10-11 10:04:55 --> idxPAIR10F is in consistent state
2014-10-11 10:04:55 --> No new records added. idxPAIR10F is up to date
2014-10-11 10:04:55 --> idxPAIR10F contains 1 words from 79 records
2014-10-11 10:04:55 --> idxPAIR10F is in consistent state
2014-10-11 10:04:55 --> idxPHRASE10F contains 29 words from 79 records
2014-10-11 10:04:55 --> idxPHRASE10F is in consistent state
2014-10-11 10:04:55 --> No new records added. idxPHRASE10F is up to date
2014-10-11 10:04:55 --> idxPHRASE10F contains 29 words from 79 records
2014-10-11 10:04:55 --> idxPHRASE10F is in consistent state
2014-10-11 10:04:55 --> Task #1123 finished and resubmitted.
2014-10-11 10:09:56 --> Task #1123 started.
2014-10-11 10:09:56 --> idxWORD03F has stemming enabled, language en
2014-10-11 10:09:56 --> idxWORD03F contains 3554 words from 251 records
2014-10-11 10:09:56 --> idxWORD03F is in consistent state
2014-10-11 10:09:56 --> No new records added. idxWORD03F is up to date
2014-10-11 10:09:56 --> idxWORD03F contains 3554 words from 251 records
2014-10-11 10:09:56 --> idxWORD03F is in consistent state
2014-10-11 10:09:56 --> idxPAIR03F contains 9293 words from 251 records
2014-10-11 10:09:56 --> idxPAIR03F is in consistent state
2014-10-11 10:09:56 --> No new records added. idxPAIR03F is up to date
2014-10-11 10:09:56 --> idxPAIR03F contains 9293 words from 251 records
2014-10-11 10:09:56 --> idxPAIR03F is in consistent state
2014-10-11 10:09:56 --> idxPHRASE03F contains 175 words from 251 records
2014-10-11 10:09:56 --> idxPHRASE03F is in consistent state
2014-10-11 10:09:56 --> No new records added. idxPHRASE03F is up to date
2014-10-11 10:09:56 --> idxPHRASE03F contains 175 words from 251 records
2014-10-11 10:09:56 --> idxPHRASE03F is in consistent state
2014-10-11 10:09:56 --> idxWORD13F contains 106 words from 77 records
2014-10-11 10:09:56 --> idxWORD13F is in consistent state
2014-10-11 10:09:56 --> No new records added. idxWORD13F is up to date
2014-10-11 10:09:56 --> idxWORD13F contains 106 words from 77 records
2014-10-11 10:09:56 --> idxWORD13F is in consistent state
2014-10-11 10:09:56 --> idxPAIR13F contains 101 words from 77 records
2014-10-11 10:09:56 --> idxPAIR13F is in consistent state
2014-10-11 10:09:56 --> No new records added. idxPAIR13F is up to date
2014-10-11 10:09:56 --> idxPAIR13F contains 101 words from 77 records
2014-10-11 10:09:56 --> idxPAIR13F is in consistent state
2014-10-11 10:09:56 --> idxPHRASE13F contains 61 words from 77 records
2014-10-11 10:09:56 --> idxPHRASE13F is in consistent state
2014-10-11 10:09:56 --> No new records added. idxPHRASE13F is up to date
2014-10-11 10:09:56 --> idxPHRASE13F contains 61 words from 77 records
2014-10-11 10:09:56 --> idxPHRASE13F is in consistent state
2014-10-11 10:09:56 --> idxWORD04F contains 702 words from 371 records
2014-10-11 10:09:56 --> idxWORD04F is in consistent state
2014-10-11 10:09:56 --> No new records added. idxWORD04F is up to date
2014-10-11 10:09:56 --> No new records added by author canonical IDs. idxWORD04F is up to date
2014-10-11 10:09:56 --> idxWORD04F contains 702 words from 371 records
2014-10-11 10:09:56 --> idxWORD04F is in consistent state
2014-10-11 10:09:56 --> idxPAIR04F contains 772 words from 371 records
2014-10-11 10:09:56 --> idxPAIR04F is in consistent state
2014-10-11 10:09:56 --> No new records added. idxPAIR04F is up to date
2014-10-11 10:09:56 --> No new records added by author canonical IDs. idxPAIR04F is up to date
2014-10-11 10:09:56 --> idxPAIR04F contains 772 words from 371 records
2014-10-11 10:09:56 --> idxPAIR04F is in consistent state
2014-10-11 10:09:56 --> idxPHRASE04F contains 2154 words from 371 records
2014-10-11 10:09:56 --> idxPHRASE04F is in consistent state
2014-10-11 10:09:56 --> No new records added. idxPHRASE04F is up to date
2014-10-11 10:09:56 --> No new records added by author canonical IDs. idxPHRASE04F is up to date
2014-10-11 10:09:56 --> idxPHRASE04F contains 2154 words from 371 records
2014-10-11 10:09:56 --> idxPHRASE04F is in consistent state
2014-10-11 10:09:56 --> idxWORD18F contains 13 words from 371 records
2014-10-11 10:09:56 --> idxWORD18F is in consistent state
2014-10-11 10:09:56 --> No new records added. idxWORD18F is up to date
2014-10-11 10:09:56 --> idxWORD18F contains 13 words from 371 records
2014-10-11 10:09:56 --> idxWORD18F is in consistent state
2014-10-11 10:09:56 --> idxPAIR18F contains 13 words from 371 records
2014-10-11 10:09:56 --> idxPAIR18F is in consistent state
2014-10-11 10:09:56 --> No new records added. idxPAIR18F is up to date
2014-10-11 10:09:56 --> idxPAIR18F contains 13 words from 371 records
2014-10-11 10:09:56 --> idxPAIR18F is in consistent state
2014-10-11 10:09:56 --> idxPHRASE18F contains 13 words from 371 records
2014-10-11 10:09:56 --> idxPHRASE18F is in consistent state
2014-10-11 10:09:56 --> No new records added. idxPHRASE18F is up to date
2014-10-11 10:09:56 --> idxPHRASE18F contains 13 words from 371 records
2014-10-11 10:09:56 --> idxPHRASE18F is in consistent state
2014-10-11 10:09:56 --> idxWORD15F contains 9 words from 1 records
2014-10-11 10:09:56 --> idxWORD15F is in consistent state
2014-10-11 10:09:56 --> No new records added. idxWORD15F is up to date
2014-10-11 10:09:56 --> idxWORD15F contains 9 words from 1 records
2014-10-11 10:09:56 --> idxWORD15F is in consistent state
2014-10-11 10:09:56 --> idxPAIR15F contains 2 words from 1 records
2014-10-11 10:09:56 --> idxPAIR15F is in consistent state
2014-10-11 10:09:56 --> No new records added. idxPAIR15F is up to date
2014-10-11 10:09:56 --> idxPAIR15F contains 2 words from 1 records
2014-10-11 10:09:56 --> idxPAIR15F is in consistent state
2014-10-11 10:09:56 --> idxPHRASE15F contains 6 words from 1 records
2014-10-11 10:09:56 --> idxPHRASE15F is in consistent state
2014-10-11 10:09:56 --> No new records added. idxPHRASE15F is up to date
2014-10-11 10:09:56 --> idxPHRASE15F contains 6 words from 1 records
2014-10-11 10:09:56 --> idxPHRASE15F is in consistent state
2014-10-11 10:09:56 --> idxWORD12F contains 21 words from 3 records
2014-10-11 10:09:56 --> idxWORD12F is in consistent state
2014-10-11 10:09:56 --> No new records added. idxWORD12F is up to date
2014-10-11 10:09:56 --> idxWORD12F contains 21 words from 3 records
2014-10-11 10:09:56 --> idxWORD12F is in consistent state
2014-10-11 10:09:56 --> idxPAIR12F contains 20 words from 3 records
2014-10-11 10:09:56 --> idxPAIR12F is in consistent state
2014-10-11 10:09:56 --> No new records added. idxPAIR12F is up to date
2014-10-11 10:09:56 --> idxPAIR12F contains 20 words from 3 records
2014-10-11 10:09:56 --> idxPAIR12F is in consistent state
2014-10-11 10:09:56 --> idxPHRASE12F contains 3 words from 3 records
2014-10-11 10:09:56 --> idxPHRASE12F is in consistent state
2014-10-11 10:09:56 --> No new records added. idxPHRASE12F is up to date
2014-10-11 10:09:56 --> idxPHRASE12F contains 3 words from 3 records
2014-10-11 10:09:56 --> idxPHRASE12F is in consistent state
2014-10-11 10:09:56 --> idxWORD02F contains 32 words from 366 records
2014-10-11 10:09:56 --> idxWORD02F is in consistent state
2014-10-11 10:09:56 --> No new records added. idxWORD02F is up to date
2014-10-11 10:09:56 --> idxWORD02F contains 32 words from 366 records
2014-10-11 10:09:56 --> idxWORD02F is in consistent state
2014-10-11 10:09:56 --> idxPAIR02F contains 0 words from 366 records
2014-10-11 10:09:56 --> idxPAIR02F is in consistent state
2014-10-11 10:09:56 --> No new records added. idxPAIR02F is up to date
2014-10-11 10:09:56 --> idxPAIR02F contains 0 words from 366 records
2014-10-11 10:09:56 --> idxPAIR02F is in consistent state
2014-10-11 10:09:56 --> idxPHRASE02F contains 32 words from 366 records
2014-10-11 10:09:56 --> idxPHRASE02F is in consistent state
2014-10-11 10:09:56 --> No new records added. idxPHRASE02F is up to date
2014-10-11 10:09:56 --> idxPHRASE02F contains 32 words from 366 records
2014-10-11 10:09:56 --> idxPHRASE02F is in consistent state
2014-10-11 10:09:56 --> idxWORD14F contains 702 words from 371 records
2014-10-11 10:09:56 --> idxWORD14F is in consistent state
2014-10-11 10:09:56 --> No new records added. idxWORD14F is up to date
2014-10-11 10:09:56 --> No new records added by author canonical IDs. idxWORD14F is up to date
2014-10-11 10:09:56 --> idxWORD14F contains 702 words from 371 records
2014-10-11 10:09:56 --> idxWORD14F is in consistent state
2014-10-11 10:09:56 --> idxPAIR14F contains 772 words from 371 records
2014-10-11 10:09:56 --> idxPAIR14F is in consistent state
2014-10-11 10:09:56 --> No new records added. idxPAIR14F is up to date
2014-10-11 10:09:56 --> No new records added by author canonical IDs. idxPAIR14F is up to date
2014-10-11 10:09:56 --> idxPAIR14F contains 772 words from 371 records
2014-10-11 10:09:56 --> idxPAIR14F is in consistent state
2014-10-11 10:09:56 --> idxPHRASE14F contains 643 words from 371 records
2014-10-11 10:09:56 --> idxPHRASE14F is in consistent state
2014-10-11 10:09:56 --> No new records added. idxPHRASE14F is up to date
2014-10-11 10:09:56 --> No new records added by author canonical IDs. idxPHRASE14F is up to date
2014-10-11 10:09:56 --> idxPHRASE14F contains 643 words from 371 records
2014-10-11 10:09:56 --> idxPHRASE14F is in consistent state
2014-10-11 10:09:56 --> idxWORD17F contains 162 words from 371 records
2014-10-11 10:09:56 --> idxWORD17F is in consistent state
2014-10-11 10:09:56 --> No new records added. idxWORD17F is up to date
2014-10-11 10:09:56 --> No new records added by author canonical IDs. idxWORD17F is up to date
2014-10-11 10:09:56 --> idxWORD17F contains 162 words from 371 records
2014-10-11 10:09:56 --> idxWORD17F is in consistent state
2014-10-11 10:09:56 --> idxPAIR17F contains 129 words from 371 records
2014-10-11 10:09:56 --> idxPAIR17F is in consistent state
2014-10-11 10:09:56 --> No new records added. idxPAIR17F is up to date
2014-10-11 10:09:56 --> No new records added by author canonical IDs. idxPAIR17F is up to date
2014-10-11 10:09:56 --> idxPAIR17F contains 129 words from 371 records
2014-10-11 10:09:56 --> idxPAIR17F is in consistent state
2014-10-11 10:09:56 --> idxPHRASE17F contains 109 words from 371 records
2014-10-11 10:09:56 --> idxPHRASE17F is in consistent state
2014-10-11 10:09:56 --> No new records added. idxPHRASE17F is up to date
2014-10-11 10:09:56 --> No new records added by author canonical IDs. idxPHRASE17F is up to date
2014-10-11 10:09:56 --> idxPHRASE17F contains 109 words from 371 records
2014-10-11 10:09:56 --> idxPHRASE17F is in consistent state
2014-10-11 10:09:56 --> idxWORD16F contains 162 words from 371 records
2014-10-11 10:09:56 --> idxWORD16F is in consistent state
2014-10-11 10:09:56 --> No new records added. idxWORD16F is up to date
2014-10-11 10:09:56 --> No new records added by author canonical IDs. idxWORD16F is up to date
2014-10-11 10:09:56 --> idxWORD16F contains 162 words from 371 records
2014-10-11 10:09:56 --> idxWORD16F is in consistent state
2014-10-11 10:09:56 --> idxPAIR16F contains 129 words from 371 records
2014-10-11 10:09:56 --> idxPAIR16F is in consistent state
2014-10-11 10:09:56 --> No new records added. idxPAIR16F is up to date
2014-10-11 10:09:56 --> No new records added by author canonical IDs. idxPAIR16F is up to date
2014-10-11 10:09:56 --> idxPAIR16F contains 129 words from 371 records
2014-10-11 10:09:56 --> idxPAIR16F is in consistent state
2014-10-11 10:09:56 --> idxPHRASE16F contains 460 words from 371 records
2014-10-11 10:09:56 --> idxPHRASE16F is in consistent state
2014-10-11 10:09:56 --> No new records added. idxPHRASE16F is up to date
2014-10-11 10:09:56 --> No new records added by author canonical IDs. idxPHRASE16F is up to date
2014-10-11 10:09:56 --> idxPHRASE16F contains 460 words from 371 records
2014-10-11 10:09:56 --> idxPHRASE16F is in consistent state
2014-10-11 10:09:56 --> idxWORD09F has stemming enabled, language en
2014-10-11 10:09:56 --> idxWORD09F contains 32887 words from 322 records
2014-10-11 10:09:56 --> idxWORD09F is in consistent state
2014-10-11 10:09:56 --> No new records added. idxWORD09F is up to date
2014-10-11 10:09:56 --> idxWORD09F contains 32887 words from 322 records
2014-10-11 10:09:56 --> idxWORD09F is in consistent state
2014-10-11 10:09:56 --> idxPAIR09F contains 0 words from 322 records
2014-10-11 10:09:56 --> idxPAIR09F is in consistent state
2014-10-11 10:09:56 --> No new records added. idxPAIR09F is up to date
2014-10-11 10:09:56 --> idxPAIR09F contains 0 words from 322 records
2014-10-11 10:09:56 --> idxPAIR09F is in consistent state
2014-10-11 10:09:56 --> idxPHRASE09F contains 0 words from 322 records
2014-10-11 10:09:56 --> idxPHRASE09F is in consistent state
2014-10-11 10:09:56 --> No new records added. idxPHRASE09F is up to date
2014-10-11 10:09:56 --> idxPHRASE09F contains 0 words from 322 records
2014-10-11 10:09:56 --> idxPHRASE09F is in consistent state
2014-10-11 10:09:56 --> idxWORD01F has stemming enabled, language en
2014-10-11 10:09:56 --> idxWORD01F contains 6780 words from 370 records
2014-10-11 10:09:56 --> idxWORD01F is in consistent state
2014-10-11 10:09:56 --> No new records added. idxWORD01F is up to date
2014-10-11 10:09:56 --> idxWORD01F contains 6780 words from 370 records
2014-10-11 10:09:56 --> idxWORD01F is in consistent state
2014-10-11 10:09:56 --> idxPAIR01F contains 12213 words from 370 records
2014-10-11 10:09:56 --> idxPAIR01F is in consistent state
2014-10-11 10:09:56 --> No new records added. idxPAIR01F is up to date
2014-10-11 10:09:56 --> idxPAIR01F contains 12213 words from 370 records
2014-10-11 10:09:56 --> idxPAIR01F is in consistent state
2014-10-11 10:09:56 --> idxPHRASE01F contains 2765 words from 370 records
2014-10-11 10:09:56 --> idxPHRASE01F is in consistent state
2014-10-11 10:09:56 --> No new records added. idxPHRASE01F is up to date
2014-10-11 10:09:56 --> idxPHRASE01F contains 2765 words from 370 records
2014-10-11 10:09:56 --> idxPHRASE01F is in consistent state
2014-10-11 10:09:56 --> idxWORD11F contains 134 words from 371 records
2014-10-11 10:09:56 --> idxWORD11F is in consistent state
2014-10-11 10:09:56 --> No new records added. idxWORD11F is up to date
2014-10-11 10:09:56 --> idxWORD11F contains 134 words from 371 records
2014-10-11 10:09:56 --> idxWORD11F is in consistent state
2014-10-11 10:09:56 --> idxPAIR11F contains 134 words from 371 records
2014-10-11 10:09:56 --> idxPAIR11F is in consistent state
2014-10-11 10:09:56 --> No new records added. idxPAIR11F is up to date
2014-10-11 10:09:56 --> idxPAIR11F contains 134 words from 371 records
2014-10-11 10:09:56 --> idxPAIR11F is in consistent state
2014-10-11 10:09:56 --> idxPHRASE11F contains 134 words from 371 records
2014-10-11 10:09:56 --> idxPHRASE11F is in consistent state
2014-10-11 10:09:56 --> No new records added. idxPHRASE11F is up to date
2014-10-11 10:09:56 --> idxPHRASE11F contains 134 words from 371 records
2014-10-11 10:09:56 --> idxPHRASE11F is in consistent state
2014-10-11 10:09:56 --> idxWORD05F has stemming enabled, language en
2014-10-11 10:09:56 --> idxWORD05F contains 224 words from 206 records
2014-10-11 10:09:56 --> idxWORD05F is in consistent state
2014-10-11 10:09:56 --> No new records added. idxWORD05F is up to date
2014-10-11 10:09:56 --> idxWORD05F contains 224 words from 206 records
2014-10-11 10:09:56 --> idxWORD05F is in consistent state
2014-10-11 10:09:56 --> idxPAIR05F contains 13 words from 206 records
2014-10-11 10:09:56 --> idxPAIR05F is in consistent state
2014-10-11 10:09:56 --> No new records added. idxPAIR05F is up to date
2014-10-11 10:09:56 --> idxPAIR05F contains 13 words from 206 records
2014-10-11 10:09:56 --> idxPAIR05F is in consistent state
2014-10-11 10:09:56 --> idxPHRASE05F contains 214 words from 206 records
2014-10-11 10:09:56 --> idxPHRASE05F is in consistent state
2014-10-11 10:09:56 --> No new records added. idxPHRASE05F is up to date
2014-10-11 10:09:56 --> idxPHRASE05F contains 214 words from 206 records
2014-10-11 10:09:56 --> idxPHRASE05F is in consistent state
2014-10-11 10:09:56 --> idxWORD06F contains 7262 words from 48 records
2014-10-11 10:09:56 --> idxWORD06F is in consistent state
2014-10-11 10:09:56 --> No new records added. idxWORD06F is up to date
2014-10-11 10:09:56 --> idxWORD06F contains 7262 words from 48 records
2014-10-11 10:09:56 --> idxWORD06F is in consistent state
2014-10-11 10:09:56 --> idxPAIR06F contains 12452 words from 48 records
2014-10-11 10:09:56 --> idxPAIR06F is in consistent state
2014-10-11 10:09:56 --> No new records added. idxPAIR06F is up to date
2014-10-11 10:09:56 --> idxPAIR06F contains 12452 words from 48 records
2014-10-11 10:09:56 --> idxPAIR06F is in consistent state
2014-10-11 10:09:56 --> idxPHRASE06F contains 4927 words from 48 records
2014-10-11 10:09:56 --> idxPHRASE06F is in consistent state
2014-10-11 10:09:56 --> No new records added. idxPHRASE06F is up to date
2014-10-11 10:09:56 --> idxPHRASE06F contains 4927 words from 48 records
2014-10-11 10:09:56 --> idxPHRASE06F is in consistent state
2014-10-11 10:09:56 --> idxWORD07F contains 569 words from 345 records
2014-10-11 10:09:56 --> idxWORD07F is in consistent state
2014-10-11 10:09:56 --> No new records added. idxWORD07F is up to date
2014-10-11 10:09:56 --> idxWORD07F contains 569 words from 345 records
2014-10-11 10:09:56 --> idxWORD07F is in consistent state
2014-10-11 10:09:56 --> idxPAIR07F contains 309 words from 345 records
2014-10-11 10:09:56 --> idxPAIR07F is in consistent state
2014-10-11 10:09:56 --> No new records added. idxPAIR07F is up to date
2014-10-11 10:09:56 --> idxPAIR07F contains 309 words from 345 records
2014-10-11 10:09:56 --> idxPAIR07F is in consistent state
2014-10-11 10:09:56 --> idxPHRASE07F contains 281 words from 345 records
2014-10-11 10:09:56 --> idxPHRASE07F is in consistent state
2014-10-11 10:09:56 --> No new records added. idxPHRASE07F is up to date
2014-10-11 10:09:56 --> idxPHRASE07F contains 281 words from 345 records
2014-10-11 10:09:56 --> idxPHRASE07F is in consistent state
2014-10-11 10:09:56 --> idxWORD08F has stemming enabled, language en
2014-10-11 10:09:56 --> idxWORD08F contains 785 words from 367 records
2014-10-11 10:09:56 --> idxWORD08F is in consistent state
2014-10-11 10:09:56 --> No new records added. idxWORD08F is up to date
2014-10-11 10:09:56 --> idxWORD08F contains 785 words from 367 records
2014-10-11 10:09:56 --> idxWORD08F is in consistent state
2014-10-11 10:09:56 --> idxPAIR08F contains 795 words from 367 records
2014-10-11 10:09:56 --> idxPAIR08F is in consistent state
2014-10-11 10:09:56 --> No new records added. idxPAIR08F is up to date
2014-10-11 10:09:56 --> idxPAIR08F contains 795 words from 367 records
2014-10-11 10:09:56 --> idxPAIR08F is in consistent state
2014-10-11 10:09:56 --> idxPHRASE08F contains 268 words from 367 records
2014-10-11 10:09:56 --> idxPHRASE08F is in consistent state
2014-10-11 10:09:56 --> No new records added. idxPHRASE08F is up to date
2014-10-11 10:09:56 --> idxPHRASE08F contains 268 words from 367 records
2014-10-11 10:09:56 --> idxPHRASE08F is in consistent state
2014-10-11 10:09:56 --> idxWORD10F contains 31 words from 79 records
2014-10-11 10:09:56 --> idxWORD10F is in consistent state
2014-10-11 10:09:56 --> No new records added. idxWORD10F is up to date
2014-10-11 10:09:56 --> idxWORD10F contains 31 words from 79 records
2014-10-11 10:09:56 --> idxWORD10F is in consistent state
2014-10-11 10:09:56 --> idxPAIR10F contains 1 words from 79 records
2014-10-11 10:09:56 --> idxPAIR10F is in consistent state
2014-10-11 10:09:56 --> No new records added. idxPAIR10F is up to date
2014-10-11 10:09:56 --> idxPAIR10F contains 1 words from 79 records
2014-10-11 10:09:56 --> idxPAIR10F is in consistent state
2014-10-11 10:09:56 --> idxPHRASE10F contains 29 words from 79 records
2014-10-11 10:09:56 --> idxPHRASE10F is in consistent state
2014-10-11 10:09:56 --> No new records added. idxPHRASE10F is up to date
2014-10-11 10:09:56 --> idxPHRASE10F contains 29 words from 79 records
2014-10-11 10:09:56 --> idxPHRASE10F is in consistent state
2014-10-11 10:09:56 --> Task #1123 finished and resubmitted.
2014-10-11 15:25:28 --> Task #1123 started.
2014-10-11 15:25:28 --> Input file '/opt/invenio/var/tmp/IHEP-PICTURE-LIFE-2014-001_2014-10-11_15:25:28UHJWtR', input mode 'replace_or_insert'.
2014-10-11 15:25:28 --> Error: Cannot parse MARCXML file.
2014-10-11 15:25:28 --> Exiting.
2014-10-11 15:25:28 --> Task #1123 finished. [ERROR]
2014-10-28 13:12:02 --> Task #1123 started.
2014-10-28 13:12:02 --> Input file '/opt/invenio/var/tmp-shared/bibdocfile_2014-10-28_13:11:56ocD05Y.xml', input mode 'correct'.
2014-10-28 13:12:02 --> Record 373 DONE
2014-10-28 13:12:02 --> Task stats: 1 input records, 1 updated, 0 inserted, 0 errors, 0 inserted to holding pen.  Time 0.70 sec.
2014-10-28 13:12:02 --> Task #1123 finished. [DONE]
