2014-09-26 09:20:05 --> Task #4 started.
2014-09-26 09:20:08 --> Atlantis Institute of Fictive Science / reclist cache update
2014-09-26 09:20:08 --> Preprints / reclist cache update
2014-09-26 09:20:08 --> Books / reclist cache update
2014-09-26 09:20:08 --> Theses / reclist cache update
2014-09-26 09:20:08 --> Reports / reclist cache update
2014-09-26 09:20:08 --> Articles / reclist cache update
2014-09-26 09:20:08 --> Pictures / reclist cache update
2014-09-26 09:20:08 --> CERN Divisions / reclist cache update
2014-09-26 09:20:08 --> CERN Experiments / reclist cache update
2014-09-26 09:20:08 --> Theoretical Physics (TH) / reclist cache update
2014-09-26 09:20:08 --> Experimental Physics (EP) / reclist cache update
2014-09-26 09:20:08 --> ISOLDE / reclist cache update
2014-09-26 09:20:08 --> ALEPH / reclist cache update
2014-09-26 09:20:08 --> Articles & Preprints / reclist cache update
2014-09-26 09:20:08 --> Books & Reports / reclist cache update
2014-09-26 09:20:08 --> Multimedia & Arts / reclist cache update
2014-09-26 09:20:08 --> Poetry / reclist cache update
2014-09-26 09:20:08 --> Atlantis Times News / reclist cache update
2014-09-26 09:20:08 --> Atlantis Times Arts / reclist cache update
2014-09-26 09:20:08 --> Atlantis Times Science / reclist cache update
2014-09-26 09:20:08 --> Atlantis Times / reclist cache update
2014-09-26 09:20:08 --> Atlantis Institute Books / reclist cache update
2014-09-26 09:20:08 --> Atlantis Institute Articles / reclist cache update
2014-09-26 09:20:08 --> Atlantis Times Drafts / reclist cache update
2014-09-26 09:20:08 --> Videos / reclist cache update
2014-09-26 09:20:08 --> Atlantis Institute of Fictive Science / webpage cache update
2014-09-26 09:20:18 --> Preprints / webpage cache update
2014-09-26 09:20:23 --> Books / webpage cache update
2014-09-26 09:20:26 --> Theses / webpage cache update
2014-09-26 09:20:29 --> Reports / webpage cache update
2014-09-26 09:20:33 --> Articles / webpage cache update
2014-09-26 09:20:36 --> Pictures / webpage cache update
2014-09-26 09:20:40 --> CERN Divisions / webpage cache update
2014-09-26 09:20:48 --> CERN Experiments / webpage cache update
2014-09-26 09:20:55 --> Theoretical Physics (TH) / webpage cache update
2014-09-26 09:21:00 --> Experimental Physics (EP) / webpage cache update
2014-09-26 09:21:05 --> ISOLDE / webpage cache update
2014-09-26 09:21:10 --> ALEPH / webpage cache update
2014-09-26 09:21:15 --> Articles & Preprints / webpage cache update
2014-09-26 09:21:21 --> Books & Reports / webpage cache update
2014-09-26 09:21:30 --> Multimedia & Arts / webpage cache update
2014-09-26 09:21:40 --> Poetry / webpage cache update
2014-09-26 09:21:46 --> Atlantis Times News / webpage cache update
2014-09-26 09:21:52 --> Atlantis Times Arts / webpage cache update
2014-09-26 09:21:57 --> Atlantis Times Science / webpage cache update
2014-09-26 09:22:03 --> Atlantis Times / webpage cache update
2014-09-26 09:22:12 --> Atlantis Institute Books / webpage cache update
2014-09-26 09:22:17 --> Atlantis Institute Articles / webpage cache update
2014-09-26 09:22:23 --> Atlantis Times Drafts / webpage cache update
2014-09-26 09:22:29 --> Videos / webpage cache update
2014-09-26 09:22:35 --> Task #4 finished. [DONE]
2014-09-26 10:38:36 --> Task #4 started.
2014-09-26 10:38:39 --> Atlantis Institute of Fictive Science / reclist cache update
2014-09-26 10:38:39 --> Preprints / reclist cache update
2014-09-26 10:38:39 --> Books / reclist cache update
2014-09-26 10:38:39 --> Theses / reclist cache update
2014-09-26 10:38:39 --> Reports / reclist cache update
2014-09-26 10:38:39 --> Articles / reclist cache update
2014-09-26 10:38:39 --> Pictures / reclist cache update
2014-09-26 10:38:39 --> CERN Divisions / reclist cache update
2014-09-26 10:38:39 --> CERN Experiments / reclist cache update
2014-09-26 10:38:39 --> Theoretical Physics (TH) / reclist cache update
2014-09-26 10:38:39 --> Experimental Physics (EP) / reclist cache update
2014-09-26 10:38:39 --> ISOLDE / reclist cache update
2014-09-26 10:38:39 --> ALEPH / reclist cache update
2014-09-26 10:38:39 --> Articles & Preprints / reclist cache update
2014-09-26 10:38:39 --> Books & Reports / reclist cache update
2014-09-26 10:38:39 --> Multimedia & Arts / reclist cache update
2014-09-26 10:38:39 --> Poetry / reclist cache update
2014-09-26 10:38:40 --> Atlantis Times News / reclist cache update
2014-09-26 10:38:40 --> Atlantis Times Arts / reclist cache update
2014-09-26 10:38:40 --> Atlantis Times Science / reclist cache update
2014-09-26 10:38:40 --> Atlantis Times / reclist cache update
2014-09-26 10:38:40 --> Atlantis Institute Books / reclist cache update
2014-09-26 10:38:40 --> Atlantis Institute Articles / reclist cache update
2014-09-26 10:38:40 --> Atlantis Times Drafts / reclist cache update
2014-09-26 10:38:40 --> Videos / reclist cache update
2014-09-26 10:38:40 --> Atlantis Institute of Fictive Science / webpage cache update
2014-09-26 10:38:48 --> Preprints / webpage cache update
2014-09-26 10:38:52 --> Books / webpage cache update
2014-09-26 10:38:55 --> Theses / webpage cache update
2014-09-26 10:39:00 --> Reports / webpage cache update
2014-09-26 10:39:04 --> Articles / webpage cache update
2014-09-26 10:39:07 --> Pictures / webpage cache update
2014-09-26 10:39:11 --> CERN Divisions / webpage cache update
2014-09-26 10:39:19 --> CERN Experiments / webpage cache update
2014-09-26 10:39:26 --> Theoretical Physics (TH) / webpage cache update
2014-09-26 10:39:31 --> Experimental Physics (EP) / webpage cache update
2014-09-26 10:39:36 --> ISOLDE / webpage cache update
2014-09-26 10:39:41 --> ALEPH / webpage cache update
2014-09-26 10:39:46 --> Articles & Preprints / webpage cache update
2014-09-26 10:39:53 --> Books & Reports / webpage cache update
2014-09-26 10:40:02 --> Multimedia & Arts / webpage cache update
2014-09-26 10:40:12 --> Poetry / webpage cache update
2014-09-26 10:40:19 --> Atlantis Times News / webpage cache update
2014-09-26 10:40:25 --> Atlantis Times Arts / webpage cache update
2014-09-26 10:40:29 --> Atlantis Times Science / webpage cache update
2014-09-26 10:40:34 --> Atlantis Times / webpage cache update
2014-09-26 10:40:39 --> Atlantis Institute Books / webpage cache update
2014-09-26 10:40:43 --> Atlantis Institute Articles / webpage cache update
2014-09-26 10:40:45 --> Atlantis Times Drafts / webpage cache update
2014-09-26 10:40:48 --> Videos / webpage cache update
2014-09-26 10:40:53 --> Task #4 finished. [DONE]
