2014-10-11 10:46:16 --> Task #1122 started.
2014-10-11 10:46:16 --> bibsort starting..
2014-10-11 10:46:16 --> Updating sorting data.
2014-10-11 10:46:16 --> Running rebalancing for methods: ['most cited']
2014-10-11 10:46:16 --> Rebalancing will run only for RNK methods
2014-10-11 10:46:16 --> Starting sorting the data for MOST CITED method ... 
2014-10-11 10:46:16 --> Done.
2014-10-11 10:46:16 --> bibsort exiting..
2014-10-11 10:46:16 --> Task #1122 finished and resubmitted.
2014-10-11 10:51:46 --> Task #1122 started.
2014-10-11 10:51:46 --> bibsort starting..
2014-10-11 10:51:46 --> Updating sorting data.
2014-10-11 10:51:46 --> The method most cited has not been updated since the last run of bibsort.
2014-10-11 10:51:46 --> bibsort exiting..
2014-10-11 10:51:46 --> Task #1122 finished and resubmitted.
2014-10-11 10:57:07 --> Task #1122 started.
2014-10-11 10:57:07 --> bibsort starting..
2014-10-11 10:57:07 --> Updating sorting data.
2014-10-11 10:57:07 --> The method most cited has not been updated since the last run of bibsort.
2014-10-11 10:57:07 --> No records inserted or modified in bibrec table since the last update of bsrMETHODDATA.
2014-10-11 10:57:07 --> bibsort exiting..
2014-10-11 10:57:07 --> Task #1122 finished and resubmitted.
2014-10-11 11:02:37 --> Task #1122 started.
2014-10-11 11:02:37 --> bibsort starting..
2014-10-11 11:02:37 --> Updating sorting data.
2014-10-11 11:02:37 --> The method most cited has not been updated since the last run of bibsort.
2014-10-11 11:02:37 --> No records inserted or modified in bibrec table since the last update of bsrMETHODDATA.
2014-10-11 11:02:37 --> bibsort exiting..
2014-10-11 11:02:37 --> Task #1122 finished and resubmitted.
2014-10-11 11:08:03 --> Task #1122 started.
2014-10-11 11:08:03 --> bibsort starting..
2014-10-11 11:08:03 --> Updating sorting data.
2014-10-11 11:08:03 --> The method most cited has not been updated since the last run of bibsort.
2014-10-11 11:08:03 --> No records inserted or modified in bibrec table since the last update of bsrMETHODDATA.
2014-10-11 11:08:03 --> bibsort exiting..
2014-10-11 11:08:03 --> Task #1122 finished and resubmitted.
2014-10-11 11:13:24 --> Task #1122 started.
2014-10-11 11:13:24 --> bibsort starting..
2014-10-11 11:13:24 --> Updating sorting data.
2014-10-11 11:13:24 --> The method most cited has not been updated since the last run of bibsort.
2014-10-11 11:13:24 --> No records inserted or modified in bibrec table since the last update of bsrMETHODDATA.
2014-10-11 11:13:24 --> bibsort exiting..
2014-10-11 11:13:24 --> Task #1122 finished and resubmitted.
2014-10-11 11:18:44 --> Task #1122 started.
2014-10-11 11:18:44 --> bibsort starting..
2014-10-11 11:18:44 --> Updating sorting data.
2014-10-11 11:18:44 --> The method most cited has not been updated since the last run of bibsort.
2014-10-11 11:18:44 --> No records inserted or modified in bibrec table since the last update of bsrMETHODDATA.
2014-10-11 11:18:44 --> bibsort exiting..
2014-10-11 11:18:44 --> Task #1122 finished and resubmitted.
2014-10-11 11:24:00 --> Task #1122 started.
2014-10-11 11:24:00 --> bibsort starting..
2014-10-11 11:24:00 --> Updating sorting data.
2014-10-11 11:24:00 --> The method most cited has not been updated since the last run of bibsort.
2014-10-11 11:24:00 --> No records inserted or modified in bibrec table since the last update of bsrMETHODDATA.
2014-10-11 11:24:00 --> bibsort exiting..
2014-10-11 11:24:00 --> Task #1122 finished and resubmitted.
2014-10-11 11:29:30 --> Task #1122 started.
2014-10-11 11:29:30 --> bibsort starting..
2014-10-11 11:29:30 --> Updating sorting data.
2014-10-11 11:29:30 --> The method most cited has not been updated since the last run of bibsort.
2014-10-11 11:29:30 --> No records inserted or modified in bibrec table since the last update of bsrMETHODDATA.
2014-10-11 11:29:30 --> bibsort exiting..
2014-10-11 11:29:30 --> Task #1122 finished and resubmitted.
2014-10-11 11:34:56 --> Task #1122 started.
2014-10-11 11:34:56 --> bibsort starting..
2014-10-11 11:34:56 --> Updating sorting data.
2014-10-11 11:34:56 --> The method most cited has not been updated since the last run of bibsort.
2014-10-11 11:34:56 --> No records inserted or modified in bibrec table since the last update of bsrMETHODDATA.
2014-10-11 11:34:56 --> bibsort exiting..
2014-10-11 11:34:56 --> Task #1122 finished and resubmitted.
2014-10-11 11:40:27 --> Task #1122 started.
2014-10-11 11:40:27 --> bibsort starting..
2014-10-11 11:40:27 --> Updating sorting data.
2014-10-11 11:40:27 --> The method most cited has not been updated since the last run of bibsort.
2014-10-11 11:40:27 --> No records inserted or modified in bibrec table since the last update of bsrMETHODDATA.
2014-10-11 11:40:27 --> bibsort exiting..
2014-10-11 11:40:27 --> Task #1122 finished and resubmitted.
2014-10-11 11:46:02 --> Task #1122 started.
2014-10-11 11:46:02 --> bibsort starting..
2014-10-11 11:46:02 --> Updating sorting data.
2014-10-11 11:46:02 --> The method most cited has not been updated since the last run of bibsort.
2014-10-11 11:46:02 --> No records inserted or modified in bibrec table since the last update of bsrMETHODDATA.
2014-10-11 11:46:02 --> bibsort exiting..
2014-10-11 11:46:02 --> Task #1122 finished and resubmitted.
2014-10-11 11:51:33 --> Task #1122 started.
2014-10-11 11:51:33 --> bibsort starting..
2014-10-11 11:51:33 --> Updating sorting data.
2014-10-11 11:51:33 --> The method most cited has not been updated since the last run of bibsort.
2014-10-11 11:51:33 --> No records inserted or modified in bibrec table since the last update of bsrMETHODDATA.
2014-10-11 11:51:33 --> bibsort exiting..
2014-10-11 11:51:33 --> Task #1122 finished and resubmitted.
2014-10-11 11:57:14 --> Task #1122 started.
2014-10-11 11:57:14 --> bibsort starting..
2014-10-11 11:57:14 --> Updating sorting data.
2014-10-11 11:57:14 --> The method most cited has not been updated since the last run of bibsort.
2014-10-11 11:57:14 --> No records inserted or modified in bibrec table since the last update of bsrMETHODDATA.
2014-10-11 11:57:14 --> bibsort exiting..
2014-10-11 11:57:14 --> Task #1122 finished and resubmitted.
2014-10-11 12:02:40 --> Task #1122 started.
2014-10-11 12:02:40 --> bibsort starting..
2014-10-11 12:02:40 --> Updating sorting data.
2014-10-11 12:02:40 --> The method most cited has not been updated since the last run of bibsort.
2014-10-11 12:02:40 --> No records inserted or modified in bibrec table since the last update of bsrMETHODDATA.
2014-10-11 12:02:40 --> bibsort exiting..
2014-10-11 12:02:40 --> Task #1122 finished and resubmitted.
2014-10-11 12:08:10 --> Task #1122 started.
2014-10-11 12:08:10 --> bibsort starting..
2014-10-11 12:08:10 --> Updating sorting data.
2014-10-11 12:08:10 --> The method most cited has not been updated since the last run of bibsort.
2014-10-11 12:08:10 --> No records inserted or modified in bibrec table since the last update of bsrMETHODDATA.
2014-10-11 12:08:10 --> bibsort exiting..
2014-10-11 12:08:10 --> Task #1122 finished and resubmitted.
2014-10-11 12:13:41 --> Task #1122 started.
2014-10-11 12:13:41 --> bibsort starting..
2014-10-11 12:13:41 --> Updating sorting data.
2014-10-11 12:13:41 --> The method most cited has not been updated since the last run of bibsort.
2014-10-11 12:13:41 --> No records inserted or modified in bibrec table since the last update of bsrMETHODDATA.
2014-10-11 12:13:41 --> bibsort exiting..
2014-10-11 12:13:41 --> Task #1122 finished and resubmitted.
2014-10-11 12:19:12 --> Task #1122 started.
2014-10-11 12:19:12 --> bibsort starting..
2014-10-11 12:19:12 --> Updating sorting data.
2014-10-11 12:19:12 --> The method most cited has not been updated since the last run of bibsort.
2014-10-11 12:19:12 --> No records inserted or modified in bibrec table since the last update of bsrMETHODDATA.
2014-10-11 12:19:12 --> bibsort exiting..
2014-10-11 12:19:12 --> Task #1122 finished and resubmitted.
2014-10-11 12:24:42 --> Task #1122 started.
2014-10-11 12:24:42 --> bibsort starting..
2014-10-11 12:24:42 --> Updating sorting data.
2014-10-11 12:24:42 --> The method most cited has not been updated since the last run of bibsort.
2014-10-11 12:24:42 --> No records inserted or modified in bibrec table since the last update of bsrMETHODDATA.
2014-10-11 12:24:42 --> bibsort exiting..
2014-10-11 12:24:42 --> Task #1122 finished and resubmitted.
2014-10-11 12:30:13 --> Task #1122 started.
2014-10-11 12:30:13 --> bibsort starting..
2014-10-11 12:30:13 --> Updating sorting data.
2014-10-11 12:30:13 --> The method most cited has not been updated since the last run of bibsort.
2014-10-11 12:30:13 --> No records inserted or modified in bibrec table since the last update of bsrMETHODDATA.
2014-10-11 12:30:13 --> bibsort exiting..
2014-10-11 12:30:13 --> Task #1122 finished and resubmitted.
2014-10-11 12:35:49 --> Task #1122 started.
2014-10-11 12:35:49 --> bibsort starting..
2014-10-11 12:35:49 --> Updating sorting data.
2014-10-11 12:35:49 --> The method most cited has not been updated since the last run of bibsort.
2014-10-11 12:35:49 --> No records inserted or modified in bibrec table since the last update of bsrMETHODDATA.
2014-10-11 12:35:49 --> bibsort exiting..
2014-10-11 12:35:49 --> Task #1122 finished and resubmitted.
2014-10-11 12:41:24 --> Task #1122 started.
2014-10-11 12:41:24 --> bibsort starting..
2014-10-11 12:41:24 --> Updating sorting data.
2014-10-11 12:41:24 --> The method most cited has not been updated since the last run of bibsort.
2014-10-11 12:41:24 --> No records inserted or modified in bibrec table since the last update of bsrMETHODDATA.
2014-10-11 12:41:24 --> bibsort exiting..
2014-10-11 12:41:24 --> Task #1122 finished and resubmitted.
2014-10-11 12:46:50 --> Task #1122 started.
2014-10-11 12:46:50 --> bibsort starting..
2014-10-11 12:46:50 --> Updating sorting data.
2014-10-11 12:46:50 --> The method most cited has not been updated since the last run of bibsort.
2014-10-11 12:46:50 --> No records inserted or modified in bibrec table since the last update of bsrMETHODDATA.
2014-10-11 12:46:50 --> bibsort exiting..
2014-10-11 12:46:50 --> Task #1122 finished and resubmitted.
2014-10-11 12:52:16 --> Task #1122 started.
2014-10-11 12:52:16 --> bibsort starting..
2014-10-11 12:52:16 --> Updating sorting data.
2014-10-11 12:52:16 --> The method most cited has not been updated since the last run of bibsort.
2014-10-11 12:52:16 --> No records inserted or modified in bibrec table since the last update of bsrMETHODDATA.
2014-10-11 12:52:16 --> bibsort exiting..
2014-10-11 12:52:16 --> Task #1122 finished and resubmitted.
2014-10-11 12:57:47 --> Task #1122 started.
2014-10-11 12:57:47 --> bibsort starting..
2014-10-11 12:57:47 --> Updating sorting data.
2014-10-11 12:57:47 --> The method most cited has not been updated since the last run of bibsort.
2014-10-11 12:57:47 --> No records inserted or modified in bibrec table since the last update of bsrMETHODDATA.
2014-10-11 12:57:47 --> bibsort exiting..
2014-10-11 12:57:47 --> Task #1122 finished and resubmitted.
2014-10-11 15:37:51 --> Task #1122 started.
2014-10-11 15:37:51 --> bibsort starting..
2014-10-11 15:37:51 --> Updating sorting data.
2014-10-11 15:37:51 --> The method most cited has not been updated since the last run of bibsort.
2014-10-11 15:37:51 --> Possible error: the method report number has no data for records intbitset([372, 373]).
2014-10-11 15:37:51 --> Possible error: the method author has no data for records intbitset([372, 373]).
2014-10-11 15:37:51 --> Possible error: the method title has no data for records intbitset([372, 373]).
2014-10-11 15:37:51 --> bibsort exiting..
2014-10-11 15:37:51 --> Task #1122 finished and resubmitted.
2014-10-11 15:37:52 --> Task #1122 started.
2014-10-11 15:37:52 --> bibsort starting..
2014-10-11 15:37:52 --> Updating sorting data.
2014-10-11 15:37:52 --> The method most cited has not been updated since the last run of bibsort.
2014-10-11 15:37:52 --> Possible error: the method report number has no data for records intbitset([372, 373]).
2014-10-11 15:37:52 --> Possible error: the method author has no data for records intbitset([372, 373]).
2014-10-11 15:37:52 --> Possible error: the method title has no data for records intbitset([372, 373]).
2014-10-11 15:37:52 --> bibsort exiting..
2014-10-11 15:37:52 --> Task #1122 finished and resubmitted.
2014-10-12 20:26:09 --> Task #1122 started.
2014-10-12 20:26:09 --> bibsort starting..
2014-10-12 20:26:09 --> Updating sorting data.
2014-10-12 20:26:09 --> The method most cited has not been updated since the last run of bibsort.
2014-10-12 20:26:09 --> Possible error: the method report number has no data for records intbitset([372, 373, 374, 375, 376, 377, 378, 379, 380, 381]).
2014-10-12 20:26:09 --> Possible error: the method author has no data for records intbitset([372, 373, 374, 375, 376, 377, 378, 379, 380, 381]).
2014-10-12 20:26:09 --> Possible error: the method title has no data for records intbitset([372, 373, 374, 375, 376, 377, 378, 379, 380, 381]).
2014-10-12 20:26:09 --> bibsort exiting..
2014-10-12 20:26:09 --> Task #1122 finished and resubmitted.
2014-10-12 20:27:44 --> Task #1122 started.
2014-10-12 20:27:44 --> bibsort starting..
2014-10-12 20:27:44 --> Updating sorting data.
2014-10-12 20:27:44 --> Running rebalancing for methods: ['most cited']
2014-10-12 20:27:44 --> Rebalancing will run only for RNK methods
2014-10-12 20:27:44 --> Starting sorting the data for MOST CITED method ... 
2014-10-12 20:27:44 --> Done.
2014-10-12 20:27:44 --> bibsort exiting..
2014-10-12 20:27:44 --> Task #1122 finished and resubmitted.
2014-10-12 20:55:38 --> Task #1122 started.
2014-10-12 20:55:38 --> bibsort starting..
2014-10-12 20:55:38 --> Updating sorting data.
2014-10-12 20:55:38 --> The method most cited has not been updated since the last run of bibsort.
2014-10-12 20:55:38 --> bibsort exiting..
2014-10-12 20:55:38 --> Task #1122 finished and resubmitted.
2014-10-13 09:44:38 --> Task #1122 started.
2014-10-13 09:44:38 --> bibsort starting..
2014-10-13 09:44:38 --> Updating sorting data.
2014-10-13 09:44:38 --> The method most cited has not been updated since the last run of bibsort.
2014-10-13 09:44:38 --> bibsort exiting..
2014-10-13 09:44:38 --> Task #1122 finished and resubmitted.
2014-10-15 11:32:47 --> Task #1122 started.
2014-10-15 11:32:47 --> bibsort starting..
2014-10-15 11:32:47 --> Updating sorting data.
2014-10-15 11:32:47 --> Running rebalancing for methods: ['most cited']
2014-10-15 11:32:47 --> Rebalancing will run only for RNK methods
2014-10-15 11:32:47 --> Starting sorting the data for MOST CITED method ... 
2014-10-15 11:32:47 --> Done.
2014-10-15 11:32:47 --> bibsort exiting..
2014-10-15 11:32:47 --> Task #1122 finished and resubmitted.
2014-10-15 11:38:26 --> Task #1122 started.
2014-10-15 11:38:26 --> bibsort starting..
2014-10-15 11:38:26 --> Updating sorting data.
2014-10-15 11:38:26 --> Running rebalancing for methods: ['most cited']
2014-10-15 11:38:26 --> Rebalancing will run only for RNK methods
2014-10-15 11:38:26 --> Starting sorting the data for MOST CITED method ... 
2014-10-15 11:38:26 --> Done.
2014-10-15 11:38:26 --> bibsort exiting..
2014-10-15 11:38:26 --> Task #1122 finished and resubmitted.
2014-10-15 11:43:56 --> Task #1122 started.
2014-10-15 11:43:56 --> bibsort starting..
2014-10-15 11:43:56 --> Updating sorting data.
2014-10-15 11:43:56 --> The method most cited has not been updated since the last run of bibsort.
2014-10-15 11:43:57 --> bibsort exiting..
2014-10-15 11:43:57 --> Task #1122 finished and resubmitted.
2014-10-15 11:49:27 --> Task #1122 started.
2014-10-15 11:49:27 --> bibsort starting..
2014-10-15 11:49:27 --> Updating sorting data.
2014-10-15 11:49:27 --> The method most cited has not been updated since the last run of bibsort.
2014-10-15 11:49:27 --> bibsort exiting..
2014-10-15 11:49:27 --> Task #1122 finished and resubmitted.
2014-10-15 11:54:58 --> Task #1122 started.
2014-10-15 11:54:58 --> bibsort starting..
2014-10-15 11:54:58 --> Updating sorting data.
2014-10-15 11:54:58 --> The method most cited has not been updated since the last run of bibsort.
2014-10-15 11:54:58 --> bibsort exiting..
2014-10-15 11:54:58 --> Task #1122 finished and resubmitted.
2014-10-15 12:00:28 --> Task #1122 started.
2014-10-15 12:00:28 --> bibsort starting..
2014-10-15 12:00:28 --> Updating sorting data.
2014-10-15 12:00:28 --> The method most cited has not been updated since the last run of bibsort.
2014-10-15 12:00:28 --> bibsort exiting..
2014-10-15 12:00:28 --> Task #1122 finished and resubmitted.
2014-10-15 12:05:54 --> Task #1122 started.
2014-10-15 12:05:54 --> bibsort starting..
2014-10-15 12:05:54 --> Updating sorting data.
2014-10-15 12:05:54 --> The method most cited has not been updated since the last run of bibsort.
2014-10-15 12:05:54 --> bibsort exiting..
2014-10-15 12:05:54 --> Task #1122 finished and resubmitted.
2014-10-15 12:11:24 --> Task #1122 started.
2014-10-15 12:11:24 --> bibsort starting..
2014-10-15 12:11:24 --> Updating sorting data.
2014-10-15 12:11:24 --> The method most cited has not been updated since the last run of bibsort.
2014-10-15 12:11:24 --> bibsort exiting..
2014-10-15 12:11:24 --> Task #1122 finished and resubmitted.
2014-10-15 12:16:55 --> Task #1122 started.
2014-10-15 12:16:55 --> bibsort starting..
2014-10-15 12:16:55 --> Updating sorting data.
2014-10-15 12:16:55 --> The method most cited has not been updated since the last run of bibsort.
2014-10-15 12:16:55 --> bibsort exiting..
2014-10-15 12:16:55 --> Task #1122 finished and resubmitted.
2014-10-15 12:22:21 --> Task #1122 started.
2014-10-15 12:22:21 --> bibsort starting..
2014-10-15 12:22:21 --> Updating sorting data.
2014-10-15 12:22:21 --> The method most cited has not been updated since the last run of bibsort.
2014-10-15 12:22:21 --> bibsort exiting..
2014-10-15 12:22:21 --> Task #1122 finished and resubmitted.
2014-10-15 12:27:46 --> Task #1122 started.
2014-10-15 12:27:46 --> bibsort starting..
2014-10-15 12:27:46 --> Updating sorting data.
2014-10-15 12:27:46 --> The method most cited has not been updated since the last run of bibsort.
2014-10-15 12:27:46 --> bibsort exiting..
2014-10-15 12:27:46 --> Task #1122 finished and resubmitted.
2014-10-15 12:33:07 --> Task #1122 started.
2014-10-15 12:33:07 --> bibsort starting..
2014-10-15 12:33:07 --> Updating sorting data.
2014-10-15 12:33:07 --> The method most cited has not been updated since the last run of bibsort.
2014-10-15 12:33:07 --> bibsort exiting..
2014-10-15 12:33:07 --> Task #1122 finished and resubmitted.
2014-10-15 12:38:37 --> Task #1122 started.
2014-10-15 12:38:37 --> bibsort starting..
2014-10-15 12:38:37 --> Updating sorting data.
2014-10-15 12:38:37 --> The method most cited has not been updated since the last run of bibsort.
2014-10-15 12:38:37 --> bibsort exiting..
2014-10-15 12:38:37 --> Task #1122 finished and resubmitted.
2014-10-15 12:44:08 --> Task #1122 started.
2014-10-15 12:44:08 --> bibsort starting..
2014-10-15 12:44:08 --> Updating sorting data.
2014-10-15 12:44:08 --> The method most cited has not been updated since the last run of bibsort.
2014-10-15 12:44:08 --> bibsort exiting..
2014-10-15 12:44:08 --> Task #1122 finished and resubmitted.
2014-10-15 12:49:28 --> Task #1122 started.
2014-10-15 12:49:28 --> bibsort starting..
2014-10-15 12:49:28 --> Updating sorting data.
2014-10-15 12:49:28 --> The method most cited has not been updated since the last run of bibsort.
2014-10-15 12:49:28 --> bibsort exiting..
2014-10-15 12:49:28 --> Task #1122 finished and resubmitted.
2014-10-15 12:54:59 --> Task #1122 started.
2014-10-15 12:54:59 --> bibsort starting..
2014-10-15 12:54:59 --> Updating sorting data.
2014-10-15 12:54:59 --> The method most cited has not been updated since the last run of bibsort.
2014-10-15 12:54:59 --> bibsort exiting..
2014-10-15 12:54:59 --> Task #1122 finished and resubmitted.
2014-10-15 13:00:29 --> Task #1122 started.
2014-10-15 13:00:29 --> bibsort starting..
2014-10-15 13:00:29 --> Updating sorting data.
2014-10-15 13:00:29 --> The method most cited has not been updated since the last run of bibsort.
2014-10-15 13:00:29 --> bibsort exiting..
2014-10-15 13:00:29 --> Task #1122 finished and resubmitted.
2014-10-15 13:06:00 --> Task #1122 started.
2014-10-15 13:06:00 --> bibsort starting..
2014-10-15 13:06:00 --> Updating sorting data.
2014-10-15 13:06:00 --> The method most cited has not been updated since the last run of bibsort.
2014-10-15 13:06:00 --> bibsort exiting..
2014-10-15 13:06:00 --> Task #1122 finished and resubmitted.
2014-10-15 13:11:21 --> Task #1122 started.
2014-10-15 13:11:21 --> bibsort starting..
2014-10-15 13:11:21 --> Updating sorting data.
2014-10-15 13:11:21 --> The method most cited has not been updated since the last run of bibsort.
2014-10-15 13:11:21 --> bibsort exiting..
2014-10-15 13:11:21 --> Task #1122 finished and resubmitted.
2014-10-15 13:16:51 --> Task #1122 started.
2014-10-15 13:16:51 --> bibsort starting..
2014-10-15 13:16:51 --> Updating sorting data.
2014-10-15 13:16:51 --> The method most cited has not been updated since the last run of bibsort.
2014-10-15 13:16:51 --> bibsort exiting..
2014-10-15 13:16:51 --> Task #1122 finished and resubmitted.
2014-10-15 13:22:17 --> Task #1122 started.
2014-10-15 13:22:17 --> bibsort starting..
2014-10-15 13:22:17 --> Updating sorting data.
2014-10-15 13:22:17 --> The method most cited has not been updated since the last run of bibsort.
2014-10-15 13:22:17 --> bibsort exiting..
2014-10-15 13:22:17 --> Task #1122 finished and resubmitted.
2014-10-15 13:27:47 --> Task #1122 started.
2014-10-15 13:27:47 --> bibsort starting..
2014-10-15 13:27:47 --> Updating sorting data.
2014-10-15 13:27:47 --> The method most cited has not been updated since the last run of bibsort.
2014-10-15 13:27:47 --> bibsort exiting..
2014-10-15 13:27:47 --> Task #1122 finished and resubmitted.
2014-10-15 13:33:18 --> Task #1122 started.
2014-10-15 13:33:18 --> bibsort starting..
2014-10-15 13:33:18 --> Updating sorting data.
2014-10-15 13:33:18 --> The method most cited has not been updated since the last run of bibsort.
2014-10-15 13:33:18 --> bibsort exiting..
2014-10-15 13:33:18 --> Task #1122 finished and resubmitted.
2014-10-15 13:38:43 --> Task #1122 started.
2014-10-15 13:38:43 --> bibsort starting..
2014-10-15 13:38:43 --> Updating sorting data.
2014-10-15 13:38:43 --> The method most cited has not been updated since the last run of bibsort.
2014-10-15 13:38:43 --> bibsort exiting..
2014-10-15 13:38:43 --> Task #1122 finished and resubmitted.
2014-10-15 13:44:09 --> Task #1122 started.
2014-10-15 13:44:09 --> bibsort starting..
2014-10-15 13:44:09 --> Updating sorting data.
2014-10-15 13:44:09 --> The method most cited has not been updated since the last run of bibsort.
2014-10-15 13:44:09 --> bibsort exiting..
2014-10-15 13:44:09 --> Task #1122 finished and resubmitted.
2014-10-15 13:49:40 --> Task #1122 started.
2014-10-15 13:49:40 --> bibsort starting..
2014-10-15 13:49:40 --> Updating sorting data.
2014-10-15 13:49:40 --> The method most cited has not been updated since the last run of bibsort.
2014-10-15 13:49:40 --> bibsort exiting..
2014-10-15 13:49:40 --> Task #1122 finished and resubmitted.
2014-10-15 13:55:10 --> Task #1122 started.
2014-10-15 13:55:10 --> bibsort starting..
2014-10-15 13:55:10 --> Updating sorting data.
2014-10-15 13:55:10 --> The method most cited has not been updated since the last run of bibsort.
2014-10-15 13:55:10 --> bibsort exiting..
2014-10-15 13:55:10 --> Task #1122 finished and resubmitted.
2014-10-15 14:00:31 --> Task #1122 started.
2014-10-15 14:00:31 --> bibsort starting..
2014-10-15 14:00:31 --> Updating sorting data.
2014-10-15 14:00:31 --> The method most cited has not been updated since the last run of bibsort.
2014-10-15 14:00:31 --> bibsort exiting..
2014-10-15 14:00:31 --> Task #1122 finished and resubmitted.
2014-10-15 14:06:01 --> Task #1122 started.
2014-10-15 14:06:01 --> bibsort starting..
2014-10-15 14:06:01 --> Updating sorting data.
2014-10-15 14:06:01 --> The method most cited has not been updated since the last run of bibsort.
2014-10-15 14:06:01 --> bibsort exiting..
2014-10-15 14:06:01 --> Task #1122 finished and resubmitted.
2014-10-15 14:11:32 --> Task #1122 started.
2014-10-15 14:11:32 --> bibsort starting..
2014-10-15 14:11:32 --> Updating sorting data.
2014-10-15 14:11:32 --> The method most cited has not been updated since the last run of bibsort.
2014-10-15 14:11:32 --> bibsort exiting..
2014-10-15 14:11:32 --> Task #1122 finished and resubmitted.
2014-10-15 14:17:03 --> Task #1122 started.
2014-10-15 14:17:03 --> bibsort starting..
2014-10-15 14:17:03 --> Updating sorting data.
2014-10-15 14:17:03 --> The method most cited has not been updated since the last run of bibsort.
2014-10-15 14:17:03 --> bibsort exiting..
2014-10-15 14:17:03 --> Task #1122 finished and resubmitted.
2014-10-15 14:22:33 --> Task #1122 started.
2014-10-15 14:22:33 --> bibsort starting..
2014-10-15 14:22:33 --> Updating sorting data.
2014-10-15 14:22:33 --> The method most cited has not been updated since the last run of bibsort.
2014-10-15 14:22:33 --> bibsort exiting..
2014-10-15 14:22:33 --> Task #1122 finished and resubmitted.
2014-10-15 14:28:04 --> Task #1122 started.
2014-10-15 14:28:04 --> bibsort starting..
2014-10-15 14:28:04 --> Updating sorting data.
2014-10-15 14:28:04 --> The method most cited has not been updated since the last run of bibsort.
2014-10-15 14:28:04 --> bibsort exiting..
2014-10-15 14:28:04 --> Task #1122 finished and resubmitted.
2014-10-15 14:33:29 --> Task #1122 started.
2014-10-15 14:33:29 --> bibsort starting..
2014-10-15 14:33:29 --> Updating sorting data.
2014-10-15 14:33:29 --> The method most cited has not been updated since the last run of bibsort.
2014-10-15 14:33:29 --> bibsort exiting..
2014-10-15 14:33:29 --> Task #1122 finished and resubmitted.
2014-10-15 14:39:00 --> Task #1122 started.
2014-10-15 14:39:00 --> bibsort starting..
2014-10-15 14:39:00 --> Updating sorting data.
2014-10-15 14:39:00 --> The method most cited has not been updated since the last run of bibsort.
2014-10-15 14:39:00 --> bibsort exiting..
2014-10-15 14:39:00 --> Task #1122 finished and resubmitted.
2014-10-15 14:44:20 --> Task #1122 started.
2014-10-15 14:44:20 --> bibsort starting..
2014-10-15 14:44:20 --> Updating sorting data.
2014-10-15 14:44:20 --> The method most cited has not been updated since the last run of bibsort.
2014-10-15 14:44:21 --> bibsort exiting..
2014-10-15 14:44:21 --> Task #1122 finished and resubmitted.
2014-10-15 14:49:46 --> Task #1122 started.
2014-10-15 14:49:46 --> bibsort starting..
2014-10-15 14:49:46 --> Updating sorting data.
2014-10-15 14:49:46 --> The method most cited has not been updated since the last run of bibsort.
2014-10-15 14:49:46 --> bibsort exiting..
2014-10-15 14:49:46 --> Task #1122 finished and resubmitted.
2014-10-15 14:55:12 --> Task #1122 started.
2014-10-15 14:55:12 --> bibsort starting..
2014-10-15 14:55:12 --> Updating sorting data.
2014-10-15 14:55:12 --> The method most cited has not been updated since the last run of bibsort.
2014-10-15 14:55:12 --> bibsort exiting..
2014-10-15 14:55:12 --> Task #1122 finished and resubmitted.
2014-10-15 15:00:32 --> Task #1122 started.
2014-10-15 15:00:32 --> bibsort starting..
2014-10-15 15:00:32 --> Updating sorting data.
2014-10-15 15:00:32 --> The method most cited has not been updated since the last run of bibsort.
2014-10-15 15:00:32 --> bibsort exiting..
2014-10-15 15:00:32 --> Task #1122 finished and resubmitted.
2014-10-15 15:06:03 --> Task #1122 started.
2014-10-15 15:06:03 --> bibsort starting..
2014-10-15 15:06:03 --> Updating sorting data.
2014-10-15 15:06:03 --> The method most cited has not been updated since the last run of bibsort.
2014-10-15 15:06:03 --> bibsort exiting..
2014-10-15 15:06:03 --> Task #1122 finished and resubmitted.
2014-10-15 15:11:23 --> Task #1122 started.
2014-10-15 15:11:23 --> bibsort starting..
2014-10-15 15:11:23 --> Updating sorting data.
2014-10-15 15:11:23 --> The method most cited has not been updated since the last run of bibsort.
2014-10-15 15:11:23 --> bibsort exiting..
2014-10-15 15:11:23 --> Task #1122 finished and resubmitted.
2014-10-15 15:16:49 --> Task #1122 started.
2014-10-15 15:16:49 --> bibsort starting..
2014-10-15 15:16:49 --> Updating sorting data.
2014-10-15 15:16:49 --> The method most cited has not been updated since the last run of bibsort.
2014-10-15 15:16:49 --> bibsort exiting..
2014-10-15 15:16:49 --> Task #1122 finished and resubmitted.
2014-10-15 15:22:14 --> Task #1122 started.
2014-10-15 15:22:14 --> bibsort starting..
2014-10-15 15:22:14 --> Updating sorting data.
2014-10-15 15:22:14 --> The method most cited has not been updated since the last run of bibsort.
2014-10-15 15:22:14 --> bibsort exiting..
2014-10-15 15:22:14 --> Task #1122 finished and resubmitted.
2014-10-15 15:27:45 --> Task #1122 started.
2014-10-15 15:27:45 --> bibsort starting..
2014-10-15 15:27:45 --> Updating sorting data.
2014-10-15 15:27:45 --> The method most cited has not been updated since the last run of bibsort.
2014-10-15 15:27:45 --> bibsort exiting..
2014-10-15 15:27:45 --> Task #1122 finished and resubmitted.
2014-10-15 15:33:11 --> Task #1122 started.
2014-10-15 15:33:11 --> bibsort starting..
2014-10-15 15:33:11 --> Updating sorting data.
2014-10-15 15:33:11 --> The method most cited has not been updated since the last run of bibsort.
2014-10-15 15:33:11 --> bibsort exiting..
2014-10-15 15:33:11 --> Task #1122 finished and resubmitted.
2014-10-15 15:38:40 --> Task #1122 started.
2014-10-15 15:38:40 --> bibsort starting..
2014-10-15 15:38:40 --> Updating sorting data.
2014-10-15 15:38:40 --> The method most cited has not been updated since the last run of bibsort.
2014-10-15 15:38:40 --> bibsort exiting..
2014-10-15 15:38:40 --> Task #1122 finished and resubmitted.
2014-10-15 15:44:10 --> Task #1122 started.
2014-10-15 15:44:10 --> bibsort starting..
2014-10-15 15:44:10 --> Updating sorting data.
2014-10-15 15:44:10 --> The method most cited has not been updated since the last run of bibsort.
2014-10-15 15:44:10 --> bibsort exiting..
2014-10-15 15:44:10 --> Task #1122 finished and resubmitted.
2014-10-15 15:49:41 --> Task #1122 started.
2014-10-15 15:49:41 --> bibsort starting..
2014-10-15 15:49:41 --> Updating sorting data.
2014-10-15 15:49:41 --> The method most cited has not been updated since the last run of bibsort.
2014-10-15 15:49:41 --> bibsort exiting..
2014-10-15 15:49:41 --> Task #1122 finished and resubmitted.
2014-10-15 15:55:11 --> Task #1122 started.
2014-10-15 15:55:11 --> bibsort starting..
2014-10-15 15:55:11 --> Updating sorting data.
2014-10-15 15:55:11 --> The method most cited has not been updated since the last run of bibsort.
2014-10-15 15:55:11 --> bibsort exiting..
2014-10-15 15:55:11 --> Task #1122 finished and resubmitted.
2014-10-15 16:00:42 --> Task #1122 started.
2014-10-15 16:00:42 --> bibsort starting..
2014-10-15 16:00:42 --> Updating sorting data.
2014-10-15 16:00:42 --> The method most cited has not been updated since the last run of bibsort.
2014-10-15 16:00:42 --> bibsort exiting..
2014-10-15 16:00:42 --> Task #1122 finished and resubmitted.
2014-10-15 16:06:13 --> Task #1122 started.
2014-10-15 16:06:13 --> bibsort starting..
2014-10-15 16:06:13 --> Updating sorting data.
2014-10-15 16:06:13 --> The method most cited has not been updated since the last run of bibsort.
2014-10-15 16:06:13 --> bibsort exiting..
2014-10-15 16:06:13 --> Task #1122 finished and resubmitted.
2014-10-15 16:11:43 --> Task #1122 started.
2014-10-15 16:11:43 --> bibsort starting..
2014-10-15 16:11:43 --> Updating sorting data.
2014-10-15 16:11:43 --> The method most cited has not been updated since the last run of bibsort.
2014-10-15 16:11:43 --> bibsort exiting..
2014-10-15 16:11:43 --> Task #1122 finished and resubmitted.
2014-10-15 16:17:09 --> Task #1122 started.
2014-10-15 16:17:09 --> bibsort starting..
2014-10-15 16:17:09 --> Updating sorting data.
2014-10-15 16:17:09 --> The method most cited has not been updated since the last run of bibsort.
2014-10-15 16:17:09 --> bibsort exiting..
2014-10-15 16:17:09 --> Task #1122 finished and resubmitted.
2014-10-15 16:22:34 --> Task #1122 started.
2014-10-15 16:22:34 --> bibsort starting..
2014-10-15 16:22:34 --> Updating sorting data.
2014-10-15 16:22:34 --> The method most cited has not been updated since the last run of bibsort.
2014-10-15 16:22:34 --> bibsort exiting..
2014-10-15 16:22:34 --> Task #1122 finished and resubmitted.
2014-10-15 16:28:05 --> Task #1122 started.
2014-10-15 16:28:05 --> bibsort starting..
2014-10-15 16:28:05 --> Updating sorting data.
2014-10-15 16:28:05 --> The method most cited has not been updated since the last run of bibsort.
2014-10-15 16:28:05 --> bibsort exiting..
2014-10-15 16:28:05 --> Task #1122 finished and resubmitted.
2014-10-15 16:33:36 --> Task #1122 started.
2014-10-15 16:33:36 --> bibsort starting..
2014-10-15 16:33:36 --> Updating sorting data.
2014-10-15 16:33:36 --> The method most cited has not been updated since the last run of bibsort.
2014-10-15 16:33:36 --> bibsort exiting..
2014-10-15 16:33:36 --> Task #1122 finished and resubmitted.
2014-10-15 17:00:54 --> Task #1122 started.
2014-10-15 17:00:54 --> bibsort starting..
2014-10-15 17:00:54 --> Updating sorting data.
2014-10-15 17:00:54 --> The method most cited has not been updated since the last run of bibsort.
2014-10-15 17:00:54 --> bibsort exiting..
2014-10-15 17:00:54 --> Task #1122 finished and resubmitted.
2014-10-28 13:12:00 --> Task #1122 started.
2014-10-28 13:12:00 --> Input file '/opt/invenio/var/tmp/IHEP-PICTURE-EXP-2014-025_2014-10-28_13:11:54wh24bL', input mode 'replace_or_insert'.
2014-10-28 13:12:00 --> Record 373 DONE
2014-10-28 13:12:00 --> Task stats: 1 input records, 1 updated, 0 inserted, 0 errors, 0 inserted to holding pen.  Time 0.46 sec.
2014-10-28 13:12:00 --> Task #1122 finished. [DONE]
2014-12-10 16:56:52 --> Task #1122 started.
2014-12-10 16:56:52 --> bibsort starting..
2014-12-10 16:56:52 --> Updating sorting data.
2014-12-10 16:56:52 --> The method most cited has not been updated since the last run of bibsort.
2014-12-10 16:56:52 --> Possible error: the method report number has no data for records intbitset([372, 373, 374, 375, 376, 377, 378, 379, 380]).
2014-12-10 16:56:52 --> Possible error: the method author has no data for records intbitset([372, 373, 374, 375, 376, 377, 378, 379, 380]).
2014-12-10 16:56:52 --> Possible error: the method title has no data for records intbitset([372, 373, 374, 375, 376, 377, 378, 379, 380]).
2014-12-10 16:56:52 --> bibsort exiting..
2014-12-10 16:56:52 --> Task #1122 finished and resubmitted.
2014-12-10 16:56:56 --> Task #1122 started.
2014-12-10 16:56:56 --> bibsort starting..
2014-12-10 16:56:56 --> Updating sorting data.
2014-12-10 16:56:56 --> The method most cited has not been updated since the last run of bibsort.
2014-12-10 16:56:56 --> Possible error: the method report number has no data for records intbitset([372, 373, 374, 375, 376, 377, 378, 379, 380]).
2014-12-10 16:56:56 --> Possible error: the method author has no data for records intbitset([372, 373, 374, 375, 376, 377, 378, 379, 380]).
2014-12-10 16:56:56 --> Possible error: the method title has no data for records intbitset([372, 373, 374, 375, 376, 377, 378, 379, 380]).
2014-12-10 16:56:56 --> bibsort exiting..
2014-12-10 16:56:56 --> Task #1122 finished and resubmitted.
2014-12-10 16:57:00 --> Task #1122 started.
2014-12-10 16:57:00 --> bibsort starting..
2014-12-10 16:57:00 --> Updating sorting data.
2014-12-10 16:57:00 --> Running rebalancing for methods: ['most cited']
2014-12-10 16:57:00 --> Rebalancing will run only for RNK methods
2014-12-10 16:57:00 --> Starting sorting the data for MOST CITED method ... 
2014-12-10 16:57:00 --> Done.
2014-12-10 16:57:00 --> bibsort exiting..
2014-12-10 16:57:00 --> Task #1122 finished and resubmitted.
2014-12-10 16:57:01 --> Task #1122 started.
2014-12-10 16:57:01 --> bibsort starting..
2014-12-10 16:57:01 --> Updating sorting data.
2014-12-10 16:57:01 --> Running rebalancing for methods: ['most cited']
2014-12-10 16:57:01 --> Rebalancing will run only for RNK methods
2014-12-10 16:57:01 --> Starting sorting the data for MOST CITED method ... 
2014-12-10 16:57:01 --> Done.
2014-12-10 16:57:01 --> bibsort exiting..
2014-12-10 16:57:01 --> Task #1122 finished and resubmitted.
2014-12-10 16:57:01 --> Task #1122 started.
2014-12-10 16:57:01 --> bibsort starting..
2014-12-10 16:57:01 --> Updating sorting data.
2014-12-10 16:57:01 --> The method most cited has not been updated since the last run of bibsort.
2014-12-10 16:57:01 --> Possible error: the method report number has no data for records intbitset([372, 373, 374, 375, 376, 377, 378, 379, 380]).
2014-12-10 16:57:01 --> Possible error: the method author has no data for records intbitset([372, 373, 374, 375, 376, 377, 378, 379, 380]).
2014-12-10 16:57:01 --> Possible error: the method title has no data for records intbitset([372, 373, 374, 375, 376, 377, 378, 379, 380]).
2014-12-10 16:57:01 --> bibsort exiting..
2014-12-10 16:57:01 --> Task #1122 finished and resubmitted.
2014-12-10 17:19:21 --> Task #1122 started.
2014-12-10 17:19:21 --> bibsort starting..
2014-12-10 17:19:21 --> Updating sorting data.
2014-12-10 17:19:21 --> The method most cited has not been updated since the last run of bibsort.
2014-12-10 17:19:21 --> Possible error: the method author has no data for records intbitset([372, 373, 374, 375, 376, ..., 380, 381, 382, 383, 384]).
2014-12-10 17:19:21 --> bibsort exiting..
2014-12-10 17:19:21 --> Task #1122 finished and resubmitted.
2014-12-10 17:19:24 --> Task #1122 started.
2014-12-10 17:19:24 --> bibsort starting..
2014-12-10 17:19:24 --> Updating sorting data.
2014-12-10 17:19:24 --> Running rebalancing for methods: ['most cited']
2014-12-10 17:19:24 --> Rebalancing will run only for RNK methods
2014-12-10 17:19:24 --> Starting sorting the data for MOST CITED method ... 
2014-12-10 17:19:24 --> Done.
2014-12-10 17:19:24 --> bibsort exiting..
2014-12-10 17:19:24 --> Task #1122 finished and resubmitted.
2014-12-12 15:42:14 --> Task #1122 started.
2014-12-12 15:42:14 --> bibsort starting..
2014-12-12 15:42:14 --> Updating sorting data.
2014-12-12 15:42:14 --> Running rebalancing for methods: ['most cited']
2014-12-12 15:42:14 --> Rebalancing will run only for RNK methods
2014-12-12 15:42:14 --> Starting sorting the data for MOST CITED method ... 
2014-12-12 15:42:14 --> Done.
2014-12-12 15:42:14 --> bibsort exiting..
2014-12-12 15:42:14 --> Task #1122 finished and resubmitted.
2014-12-12 15:42:15 --> Task #1122 started.
2014-12-12 15:42:15 --> bibsort starting..
2014-12-12 15:42:15 --> Updating sorting data.
2014-12-12 15:42:15 --> Running rebalancing for methods: ['most cited']
2014-12-12 15:42:15 --> Rebalancing will run only for RNK methods
2014-12-12 15:42:15 --> Starting sorting the data for MOST CITED method ... 
2014-12-12 15:42:15 --> Done.
2014-12-12 15:42:15 --> bibsort exiting..
2014-12-12 15:42:15 --> Task #1122 finished and resubmitted.
2015-03-23 11:50:09 --> Task #1122 started.
2015-03-23 11:50:09 --> bibsort starting..
2015-03-23 11:50:09 --> Updating sorting data.
2015-03-23 11:50:09 --> The method most cited has not been updated since the last run of bibsort.
2015-03-23 11:50:09 --> Possible error: the method author has no data for records intbitset([372, 373, 374, 375, 376, ..., 382, 383, 384, 385, 386]).
2015-03-23 11:50:09 --> bibsort exiting..
2015-03-23 11:50:09 --> Task #1122 finished and resubmitted.
2015-03-23 13:03:41 --> Task #1122 started.
2015-03-23 13:03:41 --> bibsort starting..
2015-03-23 13:03:41 --> Updating sorting data.
2015-03-23 13:03:41 --> The method most cited has not been updated since the last run of bibsort.
2015-03-23 13:03:41 --> bibsort exiting..
2015-03-23 13:03:41 --> Task #1122 finished and resubmitted.
2015-03-23 13:03:43 --> Task #1122 started.
2015-03-23 13:03:43 --> bibsort starting..
2015-03-23 13:03:43 --> Updating sorting data.
2015-03-23 13:03:43 --> Running rebalancing for methods: ['most cited']
2015-03-23 13:03:43 --> Rebalancing will run only for RNK methods
2015-03-23 13:03:43 --> Starting sorting the data for MOST CITED method ... 
2015-03-23 13:03:43 --> Done.
2015-03-23 13:03:43 --> bibsort exiting..
2015-03-23 13:03:43 --> Task #1122 finished and resubmitted.
