2014-10-11 16:17:40 --> Task #1131 started.
2014-10-11 16:17:40 --> Input file '/opt/invenio/var/tmp/IHEP-PICTURE-EXP-2014-002_2014-10-11_15:40:06WhZesF', input mode 'replace_or_insert'.
2014-10-11 16:17:40 --> Error: Cannot parse MARCXML file.
2014-10-11 16:17:40 --> Exiting.
2014-10-11 16:17:40 --> Task #1131 finished. [ERROR]
2014-10-30 14:35:02 --> Task #1131 started.
2014-10-30 14:35:05 --> IHEP's Document Server / reclist cache update
2014-10-30 14:35:05 --> Preprints / reclist cache update
2014-10-30 14:35:05 --> Books / reclist cache update
2014-10-30 14:35:05 --> Theses / reclist cache update
2014-10-30 14:35:05 --> Reports / reclist cache update
2014-10-30 14:35:05 --> Articles / reclist cache update
2014-10-30 14:35:05 --> Pictures / reclist cache update
2014-10-30 14:35:05 --> CERN Divisions / reclist cache update
2014-10-30 14:35:05 --> CERN Experiments / reclist cache update
2014-10-30 14:35:05 --> Theoretical Physics (TH) / reclist cache update
2014-10-30 14:35:05 --> Experimental Physics (EP) / reclist cache update
2014-10-30 14:35:06 --> ISOLDE / reclist cache update
2014-10-30 14:35:06 --> ALEPH / reclist cache update
2014-10-30 14:35:06 --> Articles & Preprints / reclist cache update
2014-10-30 14:35:06 --> Books & Reports / reclist cache update
2014-10-30 14:35:06 --> Multimedia & Arts / reclist cache update
2014-10-30 14:35:06 --> Poetry / reclist cache update
2014-10-30 14:35:06 --> Atlantis Times News / reclist cache update
2014-10-30 14:35:06 --> Atlantis Times Arts / reclist cache update
2014-10-30 14:35:06 --> Atlantis Times Science / reclist cache update
2014-10-30 14:35:06 --> Atlantis Times / reclist cache update
2014-10-30 14:35:06 --> Atlantis Institute Books / reclist cache update
2014-10-30 14:35:06 --> Atlantis Institute Articles / reclist cache update
2014-10-30 14:35:06 --> Atlantis Times Drafts / reclist cache update
2014-10-30 14:35:06 --> Videos / reclist cache update
2014-10-30 14:35:06 --> IHEPCC / reclist cache update
2014-10-30 14:35:06 --> Papers / reclist cache update
2014-10-30 14:35:06 --> Photos / reclist cache update
2014-10-30 14:35:06 --> IHEP Divisions / reclist cache update
2014-10-30 14:35:06 --> Computing Center (IT) / reclist cache update
2014-10-30 14:35:06 --> IT Pictures / reclist cache update
2014-10-30 14:35:06 --> IT Papers / reclist cache update
2014-10-30 14:35:06 --> IT Videos / reclist cache update
2014-10-30 14:35:06 --> IHEP Office / reclist cache update
2014-10-30 14:35:06 --> IHEP Office (IO) / reclist cache update
2014-10-30 14:35:06 --> IO Pictures / reclist cache update
2014-10-30 14:35:06 --> IO Papers / reclist cache update
2014-10-30 14:35:06 --> IO Videos / reclist cache update
2014-10-30 14:35:06 --> IHEP Experiments / reclist cache update
2014-10-30 14:35:06 --> BESIII / reclist cache update
2014-10-30 14:35:06 --> BESIII Pictures / reclist cache update
2014-10-30 14:35:06 --> BESIII Papers / reclist cache update
2014-10-30 14:35:06 --> Beijing Electron Positron Collider / reclist cache update
2014-10-30 14:35:06 --> Early Accelerators / reclist cache update
2014-10-30 14:35:06 --> BEPC / reclist cache update
2014-10-30 14:35:06 --> BEPCII / reclist cache update
2014-10-30 14:35:06 --> Early Accelerators Pictures / reclist cache update
2014-10-30 14:35:06 --> BEPC Pictures / reclist cache update
2014-10-30 14:35:06 --> BEPCII Pictures / reclist cache update
2014-10-30 14:35:06 --> Beijing Spectrometer / reclist cache update
2014-10-30 14:35:06 --> Daya Bay Reactor Neutrino Experiment / reclist cache update
2014-10-30 14:35:06 --> Theoretical Physics Research / reclist cache update
2014-10-30 14:35:06 --> BES Pictures / reclist cache update
2014-10-30 14:35:06 --> Daya Bay Pictures / reclist cache update
2014-10-30 14:35:06 --> Theoretical Physics Pictures / reclist cache update
2014-10-30 14:35:06 --> Research on Cosmic Rays and High Energy Astrophysics / reclist cache update
2014-10-30 14:35:06 --> Cosmic Rays Research in Early Stage / reclist cache update
2014-10-30 14:35:06 --> Yangbajing International Cosmic Ray Observatory / reclist cache update
2014-10-30 14:35:06 --> Large High Altitude Air Shower Observatory / reclist cache update
2014-10-30 14:35:06 --> Other Space Projects / reclist cache update
2014-10-30 14:35:06 --> Cosmic Rays Research in Early Stage Pictures / reclist cache update
2014-10-30 14:35:06 --> Yangbajing International Cosmic Ray Observatory Pictures / reclist cache update
2014-10-30 14:35:06 --> Air Shower Observatory Pictures / reclist cache update
2014-10-30 14:35:06 --> Other Space Projects Pictures / reclist cache update
2014-10-30 14:35:06 --> Beijing Synchrotron Radiation Facility / reclist cache update
2014-10-30 14:35:06 --> China Spallation Neutron Source  / reclist cache update
2014-10-30 14:35:06 --> Accelerator Driven Sub-critical System / reclist cache update
2014-10-30 14:35:06 --> Beijing Advanced Photon Source / reclist cache update
2014-10-30 14:35:06 --> Multi-disciplinary Research / reclist cache update
2014-10-30 14:35:06 --> Computing and Network Environment / reclist cache update
2014-10-30 14:35:06 --> Beijing Free Electron Laser Facility / reclist cache update
2014-10-30 14:35:06 --> International Collaboration / reclist cache update
2014-10-30 14:35:06 --> Technology Transfer / reclist cache update
2014-10-30 14:35:06 --> Innovative culture / reclist cache update
2014-10-30 14:35:06 --> BSRF Pictures / reclist cache update
2014-10-30 14:35:06 --> Spallation Neutron Source Pictures / reclist cache update
2014-10-30 14:35:06 --> Accelerator Driven Sub-critical System Pictures / reclist cache update
2014-10-30 14:35:06 --> Beijing Advanced Photon Source Pictures / reclist cache update
2014-10-30 14:35:06 --> Multi-disciplinary Pictures / reclist cache update
2014-10-30 14:35:06 --> Computing and Network Pictures / reclist cache update
2014-10-30 14:35:06 --> BJ Free Electron Laser Facility Pictures / reclist cache update
2014-10-30 14:35:06 --> International Collaboration Pictures / reclist cache update
2014-10-30 14:35:06 --> Technology Transfer Pictures / reclist cache update
2014-10-30 14:35:06 --> Innovative culture Pictures / reclist cache update
2014-10-30 14:35:06 --> IHEP's Document Server / webpage cache update
2014-10-30 14:35:08 --> Preprints / webpage cache update
2014-10-30 14:35:08 --> Books / webpage cache update
2014-10-30 14:35:08 --> Theses / webpage cache update
2014-10-30 14:35:08 --> Reports / webpage cache update
2014-10-30 14:35:09 --> Articles / webpage cache update
2014-10-30 14:35:09 --> Pictures / webpage cache update
2014-10-30 14:35:09 --> CERN Divisions / webpage cache update
2014-10-30 14:35:10 --> CERN Experiments / webpage cache update
2014-10-30 14:35:10 --> Theoretical Physics (TH) / webpage cache update
2014-10-30 14:35:11 --> Experimental Physics (EP) / webpage cache update
2014-10-30 14:35:11 --> ISOLDE / webpage cache update
2014-10-30 14:35:11 --> ALEPH / webpage cache update
2014-10-30 14:35:12 --> Articles & Preprints / webpage cache update
2014-10-30 14:35:12 --> Books & Reports / webpage cache update
2014-10-30 14:35:13 --> Multimedia & Arts / webpage cache update
2014-10-30 14:35:13 --> Poetry / webpage cache update
2014-10-30 14:35:14 --> Atlantis Times News / webpage cache update
2014-10-30 14:35:14 --> Atlantis Times Arts / webpage cache update
2014-10-30 14:35:15 --> Atlantis Times Science / webpage cache update
2014-10-30 14:35:15 --> Atlantis Times / webpage cache update
2014-10-30 14:35:15 --> Atlantis Institute Books / webpage cache update
2014-10-30 14:35:15 --> Atlantis Institute Articles / webpage cache update
2014-10-30 14:35:16 --> Atlantis Times Drafts / webpage cache update
2014-10-30 14:35:16 --> Videos / webpage cache update
2014-10-30 14:35:17 --> IHEPCC / webpage cache update
2014-10-30 14:35:17 --> Papers / webpage cache update
2014-10-30 14:35:17 --> Photos / webpage cache update
2014-10-30 14:35:17 --> IHEP Divisions / webpage cache update
2014-10-30 14:35:18 --> Computing Center (IT) / webpage cache update
2014-10-30 14:35:18 --> IT Pictures / webpage cache update
2014-10-30 14:35:18 --> IT Papers / webpage cache update
2014-10-30 14:35:19 --> IT Videos / webpage cache update
2014-10-30 14:35:19 --> IHEP Office / webpage cache update
2014-10-30 14:35:19 --> IHEP Office (IO) / webpage cache update
2014-10-30 14:35:20 --> IO Pictures / webpage cache update
2014-10-30 14:35:20 --> IO Papers / webpage cache update
2014-10-30 14:35:20 --> IO Videos / webpage cache update
2014-10-30 14:35:20 --> IHEP Experiments / webpage cache update
2014-10-30 14:35:21 --> BESIII / webpage cache update
2014-10-30 14:35:21 --> BESIII Pictures / webpage cache update
2014-10-30 14:35:22 --> BESIII Papers / webpage cache update
2014-10-30 14:35:22 --> Beijing Electron Positron Collider / webpage cache update
2014-10-30 14:35:22 --> Early Accelerators / webpage cache update
2014-10-30 14:35:23 --> BEPC / webpage cache update
2014-10-30 14:35:23 --> BEPCII / webpage cache update
2014-10-30 14:35:23 --> Early Accelerators Pictures / webpage cache update
2014-10-30 14:35:23 --> BEPC Pictures / webpage cache update
2014-10-30 14:35:23 --> BEPCII Pictures / webpage cache update
2014-10-30 14:35:24 --> Beijing Spectrometer / webpage cache update
2014-10-30 14:35:24 --> Daya Bay Reactor Neutrino Experiment / webpage cache update
2014-10-30 14:35:24 --> Theoretical Physics Research / webpage cache update
2014-10-30 14:35:25 --> BES Pictures / webpage cache update
2014-10-30 14:35:25 --> Daya Bay Pictures / webpage cache update
2014-10-30 14:35:25 --> Theoretical Physics Pictures / webpage cache update
2014-10-30 14:35:25 --> Research on Cosmic Rays and High Energy Astrophysics / webpage cache update
2014-10-30 14:35:26 --> Cosmic Rays Research in Early Stage / webpage cache update
2014-10-30 14:35:26 --> Yangbajing International Cosmic Ray Observatory / webpage cache update
2014-10-30 14:35:26 --> Large High Altitude Air Shower Observatory / webpage cache update
2014-10-30 14:35:27 --> Other Space Projects / webpage cache update
2014-10-30 14:35:27 --> Cosmic Rays Research in Early Stage Pictures / webpage cache update
2014-10-30 14:35:28 --> Yangbajing International Cosmic Ray Observatory Pictures / webpage cache update
2014-10-30 14:35:28 --> Air Shower Observatory Pictures / webpage cache update
2014-10-30 14:35:28 --> Other Space Projects Pictures / webpage cache update
2014-10-30 14:35:28 --> Beijing Synchrotron Radiation Facility / webpage cache update
2014-10-30 14:35:28 --> China Spallation Neutron Source  / webpage cache update
2014-10-30 14:35:29 --> Accelerator Driven Sub-critical System / webpage cache update
2014-10-30 14:35:29 --> Beijing Advanced Photon Source / webpage cache update
2014-10-30 14:35:30 --> Multi-disciplinary Research / webpage cache update
2014-10-30 14:35:30 --> Computing and Network Environment / webpage cache update
2014-10-30 14:35:31 --> Beijing Free Electron Laser Facility / webpage cache update
2014-10-30 14:35:31 --> International Collaboration / webpage cache update
2014-10-30 14:35:31 --> Technology Transfer / webpage cache update
2014-10-30 14:35:31 --> Innovative culture / webpage cache update
2014-10-30 14:35:32 --> BSRF Pictures / webpage cache update
2014-10-30 14:35:32 --> Spallation Neutron Source Pictures / webpage cache update
2014-10-30 14:35:32 --> Accelerator Driven Sub-critical System Pictures / webpage cache update
2014-10-30 14:35:32 --> Beijing Advanced Photon Source Pictures / webpage cache update
2014-10-30 14:35:32 --> Multi-disciplinary Pictures / webpage cache update
2014-10-30 14:35:33 --> Computing and Network Pictures / webpage cache update
2014-10-30 14:35:33 --> BJ Free Electron Laser Facility Pictures / webpage cache update
2014-10-30 14:35:33 --> International Collaboration Pictures / webpage cache update
2014-10-30 14:35:33 --> Technology Transfer Pictures / webpage cache update
2014-10-30 14:35:33 --> Innovative culture Pictures / webpage cache update
2014-10-30 14:35:34 --> Task #1131 finished. [DONE]
