2014-10-09 14:16:49 --> Task #117 started.
2014-10-09 14:16:49 --> [Errno 2] No such file or directory: '/opt/invenio/var/batchupload/metadata/insert/'
2014-10-09 14:16:49 --> [Errno 2] No such file or directory: '/opt/invenio/var/batchupload/metadata/append/'
2014-10-09 14:16:49 --> [Errno 2] No such file or directory: '/opt/invenio/var/batchupload/metadata/correct/'
2014-10-09 14:16:49 --> [Errno 2] No such file or directory: '/opt/invenio/var/batchupload/metadata/replace/'
2014-10-09 14:16:49 --> Task #117 finished and resubmitted.
2014-10-09 14:16:52 --> Task #117 started.
2014-10-09 14:16:52 --> Task #117 finished and resubmitted.
2014-10-09 14:25:57 --> Task #117 started.
2014-10-09 14:25:57 --> Task #117 finished and resubmitted.
2014-10-09 14:35:46 --> Task #117 started.
2014-10-09 14:35:46 --> Task #117 finished and resubmitted.
2014-10-09 14:55:47 --> Task #117 started.
2014-10-09 14:55:47 --> Task #117 finished and resubmitted.
2014-10-09 15:15:50 --> Task #117 started.
2014-10-09 15:15:50 --> Task #117 finished and resubmitted.
2014-10-09 15:35:50 --> Task #117 started.
2014-10-09 15:35:50 --> Task #117 finished and resubmitted.
2014-10-09 15:56:18 --> Task #117 started.
2014-10-09 15:56:18 --> Task #117 finished and resubmitted.
2014-10-09 16:16:20 --> Task #117 started.
2014-10-09 16:16:20 --> Task #117 finished and resubmitted.
2014-10-09 16:36:23 --> Task #117 started.
2014-10-09 16:36:23 --> Task #117 finished and resubmitted.
2014-10-09 16:56:25 --> Task #117 started.
2014-10-09 16:56:25 --> Task #117 finished and resubmitted.
2014-10-28 12:54:21 --> Task #117 started.
2014-10-28 12:54:21 --> Task #117 finished and resubmitted.
2014-10-28 12:54:22 --> Task #117 started.
2014-10-28 12:54:22 --> Task #117 finished and resubmitted.
2014-10-28 12:54:26 --> Task #117 started.
2014-10-28 12:54:26 --> Task #117 finished and resubmitted.
2014-10-28 12:54:29 --> Task #117 started.
2014-10-28 12:54:29 --> Task #117 finished and resubmitted.
2014-12-10 15:22:15 --> Task #117 started.
2014-12-10 15:22:15 --> Task #117 finished and resubmitted.
2014-12-10 15:22:28 --> Task #117 started.
2014-12-10 15:22:28 --> Task #117 finished and resubmitted.
